This is pdfTeX, Version 3.141592653-2.6-1.40.25 (TeX Live 2023/Debian) (preloaded format=pdflatex 2025.11.4)  26 JAN 2026 08:28
entering extended mode
 restricted \write18 enabled.
 %&-line parsing enabled.
**Documentation.tex
(./Documentation.tex
LaTeX2e <2023-11-01> patch level 1
L3 programming layer <2024-01-22>
(/usr/share/texlive/texmf-dist/tex/latex/base/article.cls
Document Class: article 2023/05/17 v1.4n Standard LaTeX document class
(/usr/share/texlive/texmf-dist/tex/latex/base/size11.clo
File: size11.clo 2023/05/17 v1.4n Standard LaTeX file (size option)
)
\c@part=\count187
\c@section=\count188
\c@subsection=\count189
\c@subsubsection=\count190
\c@paragraph=\count191
\c@subparagraph=\count192
\c@figure=\count193
\c@table=\count194
\abovecaptionskip=\skip48
\belowcaptionskip=\skip49
\bibindent=\dimen140
)
(/usr/share/texlive/texmf-dist/tex/generic/babel/babel.sty
Package: babel 2024/01/07 v24.1 The Babel package
\babel@savecnt=\count195
\U@D=\dimen141
\l@unhyphenated=\language89

(/usr/share/texlive/texmf-dist/tex/generic/babel/txtbabel.def)
\bbl@readstream=\read2
\bbl@dirlevel=\count196

(/usr/share/texlive/texmf-dist/tex/generic/babel-english/english.ldf
Language: english 2017/06/06 v3.3r English support from the babel system
Package babel Info: Hyphen rules for 'canadian' set to \l@english
(babel)             (\language0). Reported on input line 102.
Package babel Info: Hyphen rules for 'australian' set to \l@ukenglish
(babel)             (\language23). Reported on input line 105.
Package babel Info: Hyphen rules for 'newzealand' set to \l@ukenglish
(babel)             (\language23). Reported on input line 108.
))
(/usr/share/texlive/texmf-dist/tex/generic/babel/locale/en/babel-english.tex
Package babel Info: Importing font and identification data for english
(babel)             from babel-en.ini. Reported on input line 11.
)
(/usr/share/texlive/texmf-dist/tex/latex/amsmath/amsmath.sty
Package: amsmath 2023/05/13 v2.17o AMS math features
\@mathmargin=\skip50

For additional information on amsmath, use the `?' option.
(/usr/share/texlive/texmf-dist/tex/latex/amsmath/amstext.sty
Package: amstext 2021/08/26 v2.01 AMS text

(/usr/share/texlive/texmf-dist/tex/latex/amsmath/amsgen.sty
File: amsgen.sty 1999/11/30 v2.0 generic functions
\@emptytoks=\toks17
\ex@=\dimen142
))
(/usr/share/texlive/texmf-dist/tex/latex/amsmath/amsbsy.sty
Package: amsbsy 1999/11/29 v1.2d Bold Symbols
\pmbraise@=\dimen143
)
(/usr/share/texlive/texmf-dist/tex/latex/amsmath/amsopn.sty
Package: amsopn 2022/04/08 v2.04 operator names
)
\inf@bad=\count197
LaTeX Info: Redefining \frac on input line 234.
\uproot@=\count198
\leftroot@=\count199
LaTeX Info: Redefining \overline on input line 399.
LaTeX Info: Redefining \colon on input line 410.
\classnum@=\count266
\DOTSCASE@=\count267
LaTeX Info: Redefining \ldots on input line 496.
LaTeX Info: Redefining \dots on input line 499.
LaTeX Info: Redefining \cdots on input line 620.
\Mathstrutbox@=\box51
\strutbox@=\box52
LaTeX Info: Redefining \big on input line 722.
LaTeX Info: Redefining \Big on input line 723.
LaTeX Info: Redefining \bigg on input line 724.
LaTeX Info: Redefining \Bigg on input line 725.
\big@size=\dimen144
LaTeX Font Info:    Redeclaring font encoding OML on input line 743.
LaTeX Font Info:    Redeclaring font encoding OMS on input line 744.
\macc@depth=\count268
LaTeX Info: Redefining \bmod on input line 905.
LaTeX Info: Redefining \pmod on input line 910.
LaTeX Info: Redefining \smash on input line 940.
LaTeX Info: Redefining \relbar on input line 970.
LaTeX Info: Redefining \Relbar on input line 971.
\c@MaxMatrixCols=\count269
\dotsspace@=\muskip16
\c@parentequation=\count270
\dspbrk@lvl=\count271
\tag@help=\toks18
\row@=\count272
\column@=\count273
\maxfields@=\count274
\andhelp@=\toks19
\eqnshift@=\dimen145
\alignsep@=\dimen146
\tagshift@=\dimen147
\tagwidth@=\dimen148
\totwidth@=\dimen149
\lineht@=\dimen150
\@envbody=\toks20
\multlinegap=\skip51
\multlinetaggap=\skip52
\mathdisplay@stack=\toks21
LaTeX Info: Redefining \[ on input line 2953.
LaTeX Info: Redefining \] on input line 2954.
)
(/usr/share/texlive/texmf-dist/tex/latex/amsfonts/amssymb.sty
Package: amssymb 2013/01/14 v3.01 AMS font symbols

(/usr/share/texlive/texmf-dist/tex/latex/amsfonts/amsfonts.sty
Package: amsfonts 2013/01/14 v3.01 Basic AMSFonts support
\symAMSa=\mathgroup4
\symAMSb=\mathgroup5
LaTeX Font Info:    Redeclaring math symbol \hbar on input line 98.
LaTeX Font Info:    Overwriting math alphabet `\mathfrak' in version `bold'
(Font)                  U/euf/m/n --> U/euf/b/n on input line 106.
))
(/usr/share/texlive/texmf-dist/tex/latex/graphics/graphicx.sty
Package: graphicx 2021/09/16 v1.2d Enhanced LaTeX Graphics (DPC,SPQR)

(/usr/share/texlive/texmf-dist/tex/latex/graphics/keyval.sty
Package: keyval 2022/05/29 v1.15 key=value parser (DPC)
\KV@toks@=\toks22
)
(/usr/share/texlive/texmf-dist/tex/latex/graphics/graphics.sty
Package: graphics 2022/03/10 v1.4e Standard LaTeX Graphics (DPC,SPQR)

(/usr/share/texlive/texmf-dist/tex/latex/graphics/trig.sty
Package: trig 2021/08/11 v1.11 sin cos tan (DPC)
)
(/usr/share/texlive/texmf-dist/tex/latex/graphics-cfg/graphics.cfg
File: graphics.cfg 2016/06/04 v1.11 sample graphics configuration
)
Package graphics Info: Driver file: pdftex.def on input line 107.

(/usr/share/texlive/texmf-dist/tex/latex/graphics-def/pdftex.def
File: pdftex.def 2022/09/22 v1.2b Graphics/color driver for pdftex
))
\Gin@req@height=\dimen151
\Gin@req@width=\dimen152
)
(/usr/share/texlive/texmf-dist/tex/latex/parskip/parskip.sty
Package: parskip 2021-03-14 v2.0h non-zero parskip adjustments

(/usr/share/texlive/texmf-dist/tex/latex/kvoptions/kvoptions.sty
Package: kvoptions 2022-06-15 v3.15 Key value format for package options (HO)

(/usr/share/texlive/texmf-dist/tex/generic/ltxcmds/ltxcmds.sty
Package: ltxcmds 2023-12-04 v1.26 LaTeX kernel commands for general use (HO)
)
(/usr/share/texlive/texmf-dist/tex/latex/kvsetkeys/kvsetkeys.sty
Package: kvsetkeys 2022-10-05 v1.19 Key value parser (HO)
))
(/usr/share/texlive/texmf-dist/tex/latex/etoolbox/etoolbox.sty
Package: etoolbox 2020/10/05 v2.5k e-TeX tools for LaTeX (JAW)
\etb@tempcnta=\count275
))
(/usr/share/texlive/texmf-dist/tex/latex/float/float.sty
Package: float 2001/11/08 v1.3d Float enhancements (AL)
\c@float@type=\count276
\float@exts=\toks23
\float@box=\box53
\@float@everytoks=\toks24
\@floatcapt=\box54
)
(/usr/share/texlive/texmf-dist/tex/latex/tools/tabularx.sty
Package: tabularx 2023/07/08 v2.11c `tabularx' package (DPC)

(/usr/share/texlive/texmf-dist/tex/latex/tools/array.sty
Package: array 2023/10/16 v2.5g Tabular extension package (FMi)
\col@sep=\dimen153
\ar@mcellbox=\box55
\extrarowheight=\dimen154
\NC@list=\toks25
\extratabsurround=\skip53
\backup@length=\skip54
\ar@cellbox=\box56
)
\TX@col@width=\dimen155
\TX@old@table=\dimen156
\TX@old@col=\dimen157
\TX@target=\dimen158
\TX@delta=\dimen159
\TX@cols=\count277
\TX@ftn=\toks26
)
(/usr/share/texlive/texmf-dist/tex/latex/placeins/placeins.sty
Package: placeins 2005/04/18  v 2.2
)
(/usr/share/texlive/texmf-dist/tex/latex/esint/esint.sty
Package: esint 
\symlargesymbolsA=\mathgroup6
)
(/usr/share/texlive/texmf-dist/tex/latex/pdfpages/pdfpages.sty
Package: pdfpages 2024/01/21 v0.5y Insert pages of external PDF documents (AM)

(/usr/share/texlive/texmf-dist/tex/latex/base/ifthen.sty
Package: ifthen 2022/04/13 v1.1d Standard LaTeX ifthen package (DPC)
)
(/usr/share/texlive/texmf-dist/tex/latex/tools/calc.sty
Package: calc 2023/07/08 v4.3 Infix arithmetic (KKT,FJ)
\calc@Acount=\count278
\calc@Bcount=\count279
\calc@Adimen=\dimen160
\calc@Bdimen=\dimen161
\calc@Askip=\skip55
\calc@Bskip=\skip56
LaTeX Info: Redefining \setlength on input line 80.
LaTeX Info: Redefining \addtolength on input line 81.
\calc@Ccount=\count280
\calc@Cskip=\skip57
)
(/usr/share/texlive/texmf-dist/tex/latex/eso-pic/eso-pic.sty
Package: eso-pic 2023/05/03 v3.0c eso-pic (RN)
\ESO@tempdima=\dimen162
\ESO@tempdimb=\dimen163

(/usr/share/texlive/texmf-dist/tex/latex/xcolor/xcolor.sty
Package: xcolor 2023/11/15 v3.01 LaTeX color extensions (UK)

(/usr/share/texlive/texmf-dist/tex/latex/graphics-cfg/color.cfg
File: color.cfg 2016/01/02 v1.6 sample color configuration
)
Package xcolor Info: Driver file: pdftex.def on input line 274.

(/usr/share/texlive/texmf-dist/tex/latex/graphics/mathcolor.ltx)
Package xcolor Info: Model `cmy' substituted by `cmy0' on input line 1350.
Package xcolor Info: Model `hsb' substituted by `rgb' on input line 1354.
Package xcolor Info: Model `RGB' extended on input line 1366.
Package xcolor Info: Model `HTML' substituted by `rgb' on input line 1368.
Package xcolor Info: Model `Hsb' substituted by `hsb' on input line 1369.
Package xcolor Info: Model `tHsb' substituted by `hsb' on input line 1370.
Package xcolor Info: Model `HSB' substituted by `hsb' on input line 1371.
Package xcolor Info: Model `Gray' substituted by `gray' on input line 1372.
Package xcolor Info: Model `wave' substituted by `hsb' on input line 1373.
))
\AM@pagewidth=\dimen164
\AM@pageheight=\dimen165
\AM@fboxrule=\dimen166

(/usr/share/texlive/texmf-dist/tex/latex/pdfpages/pppdftex.def
File: pppdftex.def 2024/01/21 v0.5y Pdfpages driver for pdfTeX (AM)
)
\pdfpages@includegraphics@status=\count281
\AM@pagebox=\box57
\AM@global@opts=\toks27
\AM@pagecnt=\count282
\AM@toc@title=\toks28
\AM@lof@heading=\toks29
\c@AM@survey=\count283
\AM@templatesizebox=\box58
)
(/usr/share/texlive/texmf-dist/tex/latex/url/url.sty
\Urlmuskip=\muskip17
Package: url 2013/09/16  ver 3.4  Verb mode for urls, etc.
)
(/usr/share/texlive/texmf-dist/tex/latex/multirow/multirow.sty
Package: multirow 2021/03/15 v2.8 Span multiple rows of a table
\multirow@colwidth=\skip58
\multirow@cntb=\count284
\multirow@dima=\skip59
\bigstrutjot=\dimen167
)
(/usr/share/texlive/texmf-dist/tex/latex/hyperref/hyperref.sty
Package: hyperref 2024-01-20 v7.01h Hypertext links for LaTeX

(/usr/share/texlive/texmf-dist/tex/generic/iftex/iftex.sty
Package: iftex 2022/02/03 v1.0f TeX engine tests
)
(/usr/share/texlive/texmf-dist/tex/generic/kvdefinekeys/kvdefinekeys.sty
Package: kvdefinekeys 2019-12-19 v1.6 Define keys (HO)
)
(/usr/share/texlive/texmf-dist/tex/generic/pdfescape/pdfescape.sty
Package: pdfescape 2019/12/09 v1.15 Implements pdfTeX's escape features (HO)

(/usr/share/texlive/texmf-dist/tex/generic/pdftexcmds/pdftexcmds.sty
Package: pdftexcmds 2020-06-27 v0.33 Utility functions of pdfTeX for LuaTeX (HO
)

(/usr/share/texlive/texmf-dist/tex/generic/infwarerr/infwarerr.sty
Package: infwarerr 2019/12/03 v1.5 Providing info/warning/error messages (HO)
)
Package pdftexcmds Info: \pdf@primitive is available.
Package pdftexcmds Info: \pdf@ifprimitive is available.
Package pdftexcmds Info: \pdfdraftmode found.
))
(/usr/share/texlive/texmf-dist/tex/latex/hycolor/hycolor.sty
Package: hycolor 2020-01-27 v1.10 Color options for hyperref/bookmark (HO)
)
(/usr/share/texlive/texmf-dist/tex/latex/auxhook/auxhook.sty
Package: auxhook 2019-12-17 v1.6 Hooks for auxiliary files (HO)
)
(/usr/share/texlive/texmf-dist/tex/latex/hyperref/nameref.sty
Package: nameref 2023-11-26 v2.56 Cross-referencing by name of section

(/usr/share/texlive/texmf-dist/tex/latex/refcount/refcount.sty
Package: refcount 2019/12/15 v3.6 Data extraction from label references (HO)
)
(/usr/share/texlive/texmf-dist/tex/generic/gettitlestring/gettitlestring.sty
Package: gettitlestring 2019/12/15 v1.6 Cleanup title references (HO)
)
\c@section@level=\count285
)
\@linkdim=\dimen168
\Hy@linkcounter=\count286
\Hy@pagecounter=\count287

(/usr/share/texlive/texmf-dist/tex/latex/hyperref/pd1enc.def
File: pd1enc.def 2024-01-20 v7.01h Hyperref: PDFDocEncoding definition (HO)
Now handling font encoding PD1 ...
... no UTF-8 mapping file for font encoding PD1
)
(/usr/share/texlive/texmf-dist/tex/generic/intcalc/intcalc.sty
Package: intcalc 2019/12/15 v1.3 Expandable calculations with integers (HO)
)
\Hy@SavedSpaceFactor=\count288

(/usr/share/texlive/texmf-dist/tex/latex/hyperref/puenc.def
File: puenc.def 2024-01-20 v7.01h Hyperref: PDF Unicode definition (HO)
Now handling font encoding PU ...
... no UTF-8 mapping file for font encoding PU
)
Package hyperref Info: Option `colorlinks' set `true' on input line 4062.
Package hyperref Info: Hyper figures OFF on input line 4179.
Package hyperref Info: Link nesting OFF on input line 4184.
Package hyperref Info: Hyper index ON on input line 4187.
Package hyperref Info: Plain pages OFF on input line 4194.
Package hyperref Info: Backreferencing OFF on input line 4199.
Package hyperref Info: Implicit mode ON; LaTeX internals redefined.
Package hyperref Info: Bookmarks ON on input line 4446.
\c@Hy@tempcnt=\count289
LaTeX Info: Redefining \url on input line 4784.
\XeTeXLinkMargin=\dimen169

(/usr/share/texlive/texmf-dist/tex/generic/bitset/bitset.sty
Package: bitset 2019/12/09 v1.3 Handle bit-vector datatype (HO)

(/usr/share/texlive/texmf-dist/tex/generic/bigintcalc/bigintcalc.sty
Package: bigintcalc 2019/12/15 v1.5 Expandable calculations on big integers (HO
)
))
\Fld@menulength=\count290
\Field@Width=\dimen170
\Fld@charsize=\dimen171
Package hyperref Info: Hyper figures OFF on input line 6063.
Package hyperref Info: Link nesting OFF on input line 6068.
Package hyperref Info: Hyper index ON on input line 6071.
Package hyperref Info: backreferencing OFF on input line 6078.
Package hyperref Info: Link coloring ON on input line 6081.
Package hyperref Info: Link coloring with OCG OFF on input line 6088.
Package hyperref Info: PDF/A mode OFF on input line 6093.

(/usr/share/texlive/texmf-dist/tex/latex/base/atbegshi-ltx.sty
Package: atbegshi-ltx 2021/01/10 v1.0c Emulation of the original atbegshi
package with kernel methods
)
\Hy@abspage=\count291
\c@Item=\count292
\c@Hfootnote=\count293
)
Package hyperref Info: Driver (autodetected): hpdftex.

(/usr/share/texlive/texmf-dist/tex/latex/hyperref/hpdftex.def
File: hpdftex.def 2024-01-20 v7.01h Hyperref driver for pdfTeX

(/usr/share/texlive/texmf-dist/tex/latex/base/atveryend-ltx.sty
Package: atveryend-ltx 2020/08/19 v1.0a Emulation of the original atveryend pac
kage
with kernel methods
)
\Fld@listcount=\count294
\c@bookmark@seq@number=\count295

(/usr/share/texlive/texmf-dist/tex/latex/rerunfilecheck/rerunfilecheck.sty
Package: rerunfilecheck 2022-07-10 v1.10 Rerun checks for auxiliary files (HO)

(/usr/share/texlive/texmf-dist/tex/generic/uniquecounter/uniquecounter.sty
Package: uniquecounter 2019/12/15 v1.4 Provide unlimited unique counter (HO)
)
Package uniquecounter Info: New unique counter `rerunfilecheck' on input line 2
85.
)
\Hy@SectionHShift=\skip60
)
(/usr/share/texlive/texmf-dist/tex/latex/biblatex/biblatex.sty
Package: biblatex 2023/03/05 v3.19 programmable bibliographies (PK/MW)

(/usr/share/texlive/texmf-dist/tex/latex/logreq/logreq.sty
Package: logreq 2010/08/04 v1.0 xml request logger
\lrq@indent=\count296

(/usr/share/texlive/texmf-dist/tex/latex/logreq/logreq.def
File: logreq.def 2010/08/04 v1.0 logreq spec v1.0
))
\c@tabx@nest=\count297
\c@listtotal=\count298
\c@listcount=\count299
\c@liststart=\count300
\c@liststop=\count301
\c@citecount=\count302
\c@citetotal=\count303
\c@multicitecount=\count304
\c@multicitetotal=\count305
\c@instcount=\count306
\c@maxnames=\count307
\c@minnames=\count308
\c@maxitems=\count309
\c@minitems=\count310
\c@citecounter=\count311
\c@maxcitecounter=\count312
\c@savedcitecounter=\count313
\c@uniquelist=\count314
\c@uniquename=\count315
\c@refsection=\count316
\c@refsegment=\count317
\c@maxextratitle=\count318
\c@maxextratitleyear=\count319
\c@maxextraname=\count320
\c@maxextradate=\count321
\c@maxextraalpha=\count322
\c@abbrvpenalty=\count323
\c@highnamepenalty=\count324
\c@lownamepenalty=\count325
\c@maxparens=\count326
\c@parenlevel=\count327
\blx@tempcnta=\count328
\blx@tempcntb=\count329
\blx@tempcntc=\count330
\c@blx@maxsection=\count331
\blx@maxsegment@0=\count332
\blx@notetype=\count333
\blx@parenlevel@text=\count334
\blx@parenlevel@foot=\count335
\blx@sectionciteorder@0=\count336
\blx@sectionciteorderinternal@0=\count337
\blx@entrysetcounter=\count338
\blx@biblioinstance=\count339
\labelnumberwidth=\skip61
\labelalphawidth=\skip62
\biblabelsep=\skip63
\bibitemsep=\skip64
\bibnamesep=\skip65
\bibinitsep=\skip66
\bibparsep=\skip67
\bibhang=\skip68
\blx@bcfin=\read3
\blx@bcfout=\write3
\blx@langwohyphens=\language90
\c@mincomprange=\count340
\c@maxcomprange=\count341
\c@mincompwidth=\count342
Package biblatex Info: Trying to load biblatex default data model...
Package biblatex Info: ... file 'blx-dm.def' found.

(/usr/share/texlive/texmf-dist/tex/latex/biblatex/blx-dm.def
File: blx-dm.def 2023/03/05 v3.19 biblatex localization (PK/MW)
)
Package biblatex Info: Trying to load biblatex style data model...
Package biblatex Info: ... file 'numeric.dbx' not found.
Package biblatex Info: Trying to load biblatex custom data model...
Package biblatex Info: ... file 'biblatex-dm.cfg' not found.
\c@afterword=\count343
\c@savedafterword=\count344
\c@annotator=\count345
\c@savedannotator=\count346
\c@author=\count347
\c@savedauthor=\count348
\c@bookauthor=\count349
\c@savedbookauthor=\count350
\c@commentator=\count351
\c@savedcommentator=\count352
\c@editor=\count353
\c@savededitor=\count354
\c@editora=\count355
\c@savededitora=\count356
\c@editorb=\count357
\c@savededitorb=\count358
\c@editorc=\count359
\c@savededitorc=\count360
\c@foreword=\count361
\c@savedforeword=\count362
\c@holder=\count363
\c@savedholder=\count364
\c@introduction=\count365
\c@savedintroduction=\count366
\c@namea=\count367
\c@savednamea=\count368
\c@nameb=\count369
\c@savednameb=\count370
\c@namec=\count371
\c@savednamec=\count372
\c@translator=\count373
\c@savedtranslator=\count374
\c@shortauthor=\count375
\c@savedshortauthor=\count376
\c@shorteditor=\count377
\c@savedshorteditor=\count378
\c@labelname=\count379
\c@savedlabelname=\count380
\c@institution=\count381
\c@savedinstitution=\count382
\c@lista=\count383
\c@savedlista=\count384
\c@listb=\count385
\c@savedlistb=\count386
\c@listc=\count387
\c@savedlistc=\count388
\c@listd=\count389
\c@savedlistd=\count390
\c@liste=\count391
\c@savedliste=\count392
\c@listf=\count393
\c@savedlistf=\count394
\c@location=\count395
\c@savedlocation=\count396
\c@organization=\count397
\c@savedorganization=\count398
\c@origlocation=\count399
\c@savedoriglocation=\count400
\c@origpublisher=\count401
\c@savedorigpublisher=\count402
\c@publisher=\count403
\c@savedpublisher=\count404
\c@language=\count405
\c@savedlanguage=\count406
\c@origlanguage=\count407
\c@savedoriglanguage=\count408
\c@pageref=\count409
\c@savedpageref=\count410
\shorthandwidth=\skip69
\shortjournalwidth=\skip70
\shortserieswidth=\skip71
\shorttitlewidth=\skip72
\shortauthorwidth=\skip73
\shorteditorwidth=\skip74
\locallabelnumberwidth=\skip75
\locallabelalphawidth=\skip76
\localshorthandwidth=\skip77
\localshortjournalwidth=\skip78
\localshortserieswidth=\skip79
\localshorttitlewidth=\skip80
\localshortauthorwidth=\skip81
\localshorteditorwidth=\skip82
Package biblatex Info: Trying to load compatibility code...
Package biblatex Info: ... file 'blx-compat.def' found.

(/usr/share/texlive/texmf-dist/tex/latex/biblatex/blx-compat.def
File: blx-compat.def 2023/03/05 v3.19 biblatex compatibility (PK/MW)
)
Package biblatex Info: Trying to load BibTeX backend compatibility...
Package biblatex Info: ... file 'blx-bibtex.def' found.

(/usr/share/texlive/texmf-dist/tex/latex/biblatex/blx-bibtex.def
File: blx-bibtex.def 2023/03/05 v3.19 biblatex compatibility (PK/MW)


Package biblatex Warning: Using fall-back bibtex backend:
(biblatex)                functionality may be reduced/unavailable.

)
Package biblatex Info: Trying to load generic definitions...
Package biblatex Info: ... file 'biblatex.def' found.
 (/usr/share/texlive/texmf-dist/tex/latex/biblatex/biblatex.def
File: biblatex.def 2023/03/05 v3.19 biblatex compatibility (PK/MW)
\c@textcitecount=\count411
\c@textcitetotal=\count412
\c@textcitemaxnames=\count413
\c@biburlbigbreakpenalty=\count414
\c@biburlbreakpenalty=\count415
\c@biburlnumpenalty=\count416
\c@biburlucpenalty=\count417
\c@biburllcpenalty=\count418
\biburlbigskip=\muskip18
\biburlnumskip=\muskip19
\biburlucskip=\muskip20
\biburllcskip=\muskip21
\c@smartand=\count419
)
Package biblatex Info: Trying to load bibliography style 'numeric'...
Package biblatex Info: ... file 'numeric.bbx' found.

(/usr/share/texlive/texmf-dist/tex/latex/biblatex/bbx/numeric.bbx
File: numeric.bbx 2023/03/05 v3.19 biblatex bibliography style (PK/MW)
Package biblatex Info: Trying to load bibliography style 'standard'...
Package biblatex Info: ... file 'standard.bbx' found.

(/usr/share/texlive/texmf-dist/tex/latex/biblatex/bbx/standard.bbx
File: standard.bbx 2023/03/05 v3.19 biblatex bibliography style (PK/MW)
\c@bbx:relatedcount=\count420
\c@bbx:relatedtotal=\count421
))
Package biblatex Info: Trying to load citation style 'numeric'...
Package biblatex Info: ... file 'numeric.cbx' found.

(/usr/share/texlive/texmf-dist/tex/latex/biblatex/cbx/numeric.cbx
File: numeric.cbx 2023/03/05 v3.19 biblatex citation style (PK/MW)
Package biblatex Info: Redefining '\cite'.
Package biblatex Info: Redefining '\parencite'.
Package biblatex Info: Redefining '\footcite'.
Package biblatex Info: Redefining '\footcitetext'.
Package biblatex Info: Redefining '\smartcite'.
Package biblatex Info: Redefining '\supercite'.
Package biblatex Info: Redefining '\textcite'.
Package biblatex Info: Redefining '\textcites'.
Package biblatex Info: Redefining '\cites'.
Package biblatex Info: Redefining '\parencites'.
Package biblatex Info: Redefining '\smartcites'.
)
Package biblatex Info: Trying to load configuration file...
Package biblatex Info: ... file 'biblatex.cfg' found.

(/usr/share/texlive/texmf-dist/tex/latex/biblatex/biblatex.cfg
File: biblatex.cfg 
)
Package biblatex Info: Input encoding 'utf8' detected.
Package biblatex Info: Document encoding is UTF8 ....

(/usr/share/texlive/texmf-dist/tex/latex/l3kernel/expl3.sty
Package: expl3 2024-01-22 L3 programming layer (loader) 

(/usr/share/texlive/texmf-dist/tex/latex/l3backend/l3backend-pdftex.def
File: l3backend-pdftex.def 2024-01-04 L3 backend support: PDF output (pdfTeX)
\l__color_backend_stack_int=\count422
\l__pdf_internal_box=\box59
))
Package biblatex Info: ... and expl3
(biblatex)             2024-01-22 L3 programming layer (loader) 
(biblatex)             is new enough (at least 2020/04/06),
(biblatex)             setting 'casechanger=expl3'.

(/usr/share/texlive/texmf-dist/tex/latex/biblatex/blx-case-expl3.sty
(/usr/share/texlive/texmf-dist/tex/latex/l3packages/xparse/xparse.sty
Package: xparse 2023-10-10 L3 Experimental document command parser
)
Package: blx-case-expl3 2023/03/05 v3.19 expl3 case changing code for biblatex
))
(/usr/share/texlive/texmf-dist/tex/latex/todonotes/todonotes.sty
Package: todonotes 2024/01/05 v1.1.7 Todonotes source and documentation.
Package: todonotes 2024/01/05

(/usr/share/texlive/texmf-dist/tex/latex/xkeyval/xkeyval.sty
Package: xkeyval 2022/06/16 v2.9 package option processing (HA)

(/usr/share/texlive/texmf-dist/tex/generic/xkeyval/xkeyval.tex
(/usr/share/texlive/texmf-dist/tex/generic/xkeyval/xkvutils.tex
\XKV@toks=\toks30
\XKV@tempa@toks=\toks31
)
\XKV@depth=\count423
File: xkeyval.tex 2014/12/03 v2.7a key=value parser (HA)
))
(/usr/share/texlive/texmf-dist/tex/latex/pgf/frontendlayer/tikz.sty
(/usr/share/texlive/texmf-dist/tex/latex/pgf/basiclayer/pgf.sty
(/usr/share/texlive/texmf-dist/tex/latex/pgf/utilities/pgfrcs.sty
(/usr/share/texlive/texmf-dist/tex/generic/pgf/utilities/pgfutil-common.tex
\pgfutil@everybye=\toks32
\pgfutil@tempdima=\dimen172
\pgfutil@tempdimb=\dimen173
)
(/usr/share/texlive/texmf-dist/tex/generic/pgf/utilities/pgfutil-latex.def
\pgfutil@abb=\box60
)
(/usr/share/texlive/texmf-dist/tex/generic/pgf/utilities/pgfrcs.code.tex
(/usr/share/texlive/texmf-dist/tex/generic/pgf/pgf.revision.tex)
Package: pgfrcs 2023-01-15 v3.1.10 (3.1.10)
))
Package: pgf 2023-01-15 v3.1.10 (3.1.10)

(/usr/share/texlive/texmf-dist/tex/latex/pgf/basiclayer/pgfcore.sty
(/usr/share/texlive/texmf-dist/tex/latex/pgf/systemlayer/pgfsys.sty
(/usr/share/texlive/texmf-dist/tex/generic/pgf/systemlayer/pgfsys.code.tex
Package: pgfsys 2023-01-15 v3.1.10 (3.1.10)

(/usr/share/texlive/texmf-dist/tex/generic/pgf/utilities/pgfkeys.code.tex
\pgfkeys@pathtoks=\toks33
\pgfkeys@temptoks=\toks34

(/usr/share/texlive/texmf-dist/tex/generic/pgf/utilities/pgfkeyslibraryfiltered
.code.tex
\pgfkeys@tmptoks=\toks35
))
\pgf@x=\dimen174
\pgf@y=\dimen175
\pgf@xa=\dimen176
\pgf@ya=\dimen177
\pgf@xb=\dimen178
\pgf@yb=\dimen179
\pgf@xc=\dimen180
\pgf@yc=\dimen181
\pgf@xd=\dimen182
\pgf@yd=\dimen183
\w@pgf@writea=\write4
\r@pgf@reada=\read4
\c@pgf@counta=\count424
\c@pgf@countb=\count425
\c@pgf@countc=\count426
\c@pgf@countd=\count427
\t@pgf@toka=\toks36
\t@pgf@tokb=\toks37
\t@pgf@tokc=\toks38
\pgf@sys@id@count=\count428
 (/usr/share/texlive/texmf-dist/tex/generic/pgf/systemlayer/pgf.cfg
File: pgf.cfg 2023-01-15 v3.1.10 (3.1.10)
)
Driver file for pgf: pgfsys-pdftex.def
(/usr/share/texlive/texmf-dist/tex/generic/pgf/systemlayer/pgfsys-pdftex.def
File: pgfsys-pdftex.def 2023-01-15 v3.1.10 (3.1.10)

(/usr/share/texlive/texmf-dist/tex/generic/pgf/systemlayer/pgfsys-common-pdf.de
f
File: pgfsys-common-pdf.def 2023-01-15 v3.1.10 (3.1.10)
)))
(/usr/share/texlive/texmf-dist/tex/generic/pgf/systemlayer/pgfsyssoftpath.code.
tex
File: pgfsyssoftpath.code.tex 2023-01-15 v3.1.10 (3.1.10)
\pgfsyssoftpath@smallbuffer@items=\count429
\pgfsyssoftpath@bigbuffer@items=\count430
)
(/usr/share/texlive/texmf-dist/tex/generic/pgf/systemlayer/pgfsysprotocol.code.
tex
File: pgfsysprotocol.code.tex 2023-01-15 v3.1.10 (3.1.10)
))
(/usr/share/texlive/texmf-dist/tex/generic/pgf/basiclayer/pgfcore.code.tex
Package: pgfcore 2023-01-15 v3.1.10 (3.1.10)

(/usr/share/texlive/texmf-dist/tex/generic/pgf/math/pgfmath.code.tex
(/usr/share/texlive/texmf-dist/tex/generic/pgf/math/pgfmathutil.code.tex)
(/usr/share/texlive/texmf-dist/tex/generic/pgf/math/pgfmathparser.code.tex
\pgfmath@dimen=\dimen184
\pgfmath@count=\count431
\pgfmath@box=\box61
\pgfmath@toks=\toks39
\pgfmath@stack@operand=\toks40
\pgfmath@stack@operation=\toks41
)
(/usr/share/texlive/texmf-dist/tex/generic/pgf/math/pgfmathfunctions.code.tex)
(/usr/share/texlive/texmf-dist/tex/generic/pgf/math/pgfmathfunctions.basic.code
.tex)
(/usr/share/texlive/texmf-dist/tex/generic/pgf/math/pgfmathfunctions.trigonomet
ric.code.tex)
(/usr/share/texlive/texmf-dist/tex/generic/pgf/math/pgfmathfunctions.random.cod
e.tex)
(/usr/share/texlive/texmf-dist/tex/generic/pgf/math/pgfmathfunctions.comparison
.code.tex)
(/usr/share/texlive/texmf-dist/tex/generic/pgf/math/pgfmathfunctions.base.code.
tex)
(/usr/share/texlive/texmf-dist/tex/generic/pgf/math/pgfmathfunctions.round.code
.tex)
(/usr/share/texlive/texmf-dist/tex/generic/pgf/math/pgfmathfunctions.misc.code.
tex)
(/usr/share/texlive/texmf-dist/tex/generic/pgf/math/pgfmathfunctions.integerari
thmetics.code.tex)
(/usr/share/texlive/texmf-dist/tex/generic/pgf/math/pgfmathcalc.code.tex)
(/usr/share/texlive/texmf-dist/tex/generic/pgf/math/pgfmathfloat.code.tex
\c@pgfmathroundto@lastzeros=\count432
))
(/usr/share/texlive/texmf-dist/tex/generic/pgf/math/pgfint.code.tex)
(/usr/share/texlive/texmf-dist/tex/generic/pgf/basiclayer/pgfcorepoints.code.te
x
File: pgfcorepoints.code.tex 2023-01-15 v3.1.10 (3.1.10)
\pgf@picminx=\dimen185
\pgf@picmaxx=\dimen186
\pgf@picminy=\dimen187
\pgf@picmaxy=\dimen188
\pgf@pathminx=\dimen189
\pgf@pathmaxx=\dimen190
\pgf@pathminy=\dimen191
\pgf@pathmaxy=\dimen192
\pgf@xx=\dimen193
\pgf@xy=\dimen194
\pgf@yx=\dimen195
\pgf@yy=\dimen196
\pgf@zx=\dimen197
\pgf@zy=\dimen198
)
(/usr/share/texlive/texmf-dist/tex/generic/pgf/basiclayer/pgfcorepathconstruct.
code.tex
File: pgfcorepathconstruct.code.tex 2023-01-15 v3.1.10 (3.1.10)
\pgf@path@lastx=\dimen199
\pgf@path@lasty=\dimen256
)
(/usr/share/texlive/texmf-dist/tex/generic/pgf/basiclayer/pgfcorepathusage.code
.tex
File: pgfcorepathusage.code.tex 2023-01-15 v3.1.10 (3.1.10)
\pgf@shorten@end@additional=\dimen257
\pgf@shorten@start@additional=\dimen258
)
(/usr/share/texlive/texmf-dist/tex/generic/pgf/basiclayer/pgfcorescopes.code.te
x
File: pgfcorescopes.code.tex 2023-01-15 v3.1.10 (3.1.10)
\pgfpic=\box62
\pgf@hbox=\box63
\pgf@layerbox@main=\box64
\pgf@picture@serial@count=\count433
)
(/usr/share/texlive/texmf-dist/tex/generic/pgf/basiclayer/pgfcoregraphicstate.c
ode.tex
File: pgfcoregraphicstate.code.tex 2023-01-15 v3.1.10 (3.1.10)
\pgflinewidth=\dimen259
)
(/usr/share/texlive/texmf-dist/tex/generic/pgf/basiclayer/pgfcoretransformation
s.code.tex
File: pgfcoretransformations.code.tex 2023-01-15 v3.1.10 (3.1.10)
\pgf@pt@x=\dimen260
\pgf@pt@y=\dimen261
\pgf@pt@temp=\dimen262
)
(/usr/share/texlive/texmf-dist/tex/generic/pgf/basiclayer/pgfcorequick.code.tex
File: pgfcorequick.code.tex 2023-01-15 v3.1.10 (3.1.10)
)
(/usr/share/texlive/texmf-dist/tex/generic/pgf/basiclayer/pgfcoreobjects.code.t
ex
File: pgfcoreobjects.code.tex 2023-01-15 v3.1.10 (3.1.10)
)
(/usr/share/texlive/texmf-dist/tex/generic/pgf/basiclayer/pgfcorepathprocessing
.code.tex
File: pgfcorepathprocessing.code.tex 2023-01-15 v3.1.10 (3.1.10)
)
(/usr/share/texlive/texmf-dist/tex/generic/pgf/basiclayer/pgfcorearrows.code.te
x
File: pgfcorearrows.code.tex 2023-01-15 v3.1.10 (3.1.10)
\pgfarrowsep=\dimen263
)
(/usr/share/texlive/texmf-dist/tex/generic/pgf/basiclayer/pgfcoreshade.code.tex
File: pgfcoreshade.code.tex 2023-01-15 v3.1.10 (3.1.10)
\pgf@max=\dimen264
\pgf@sys@shading@range@num=\count434
\pgf@shadingcount=\count435
)
(/usr/share/texlive/texmf-dist/tex/generic/pgf/basiclayer/pgfcoreimage.code.tex
File: pgfcoreimage.code.tex 2023-01-15 v3.1.10 (3.1.10)
)
(/usr/share/texlive/texmf-dist/tex/generic/pgf/basiclayer/pgfcoreexternal.code.
tex
File: pgfcoreexternal.code.tex 2023-01-15 v3.1.10 (3.1.10)
\pgfexternal@startupbox=\box65
)
(/usr/share/texlive/texmf-dist/tex/generic/pgf/basiclayer/pgfcorelayers.code.te
x
File: pgfcorelayers.code.tex 2023-01-15 v3.1.10 (3.1.10)
)
(/usr/share/texlive/texmf-dist/tex/generic/pgf/basiclayer/pgfcoretransparency.c
ode.tex
File: pgfcoretransparency.code.tex 2023-01-15 v3.1.10 (3.1.10)
)
(/usr/share/texlive/texmf-dist/tex/generic/pgf/basiclayer/pgfcorepatterns.code.
tex
File: pgfcorepatterns.code.tex 2023-01-15 v3.1.10 (3.1.10)
)
(/usr/share/texlive/texmf-dist/tex/generic/pgf/basiclayer/pgfcorerdf.code.tex
File: pgfcorerdf.code.tex 2023-01-15 v3.1.10 (3.1.10)
)))
(/usr/share/texlive/texmf-dist/tex/generic/pgf/modules/pgfmoduleshapes.code.tex
File: pgfmoduleshapes.code.tex 2023-01-15 v3.1.10 (3.1.10)
\pgfnodeparttextbox=\box66
) (/usr/share/texlive/texmf-dist/tex/generic/pgf/modules/pgfmoduleplot.code.tex
File: pgfmoduleplot.code.tex 2023-01-15 v3.1.10 (3.1.10)
)
(/usr/share/texlive/texmf-dist/tex/latex/pgf/compatibility/pgfcomp-version-0-65
.sty
Package: pgfcomp-version-0-65 2023-01-15 v3.1.10 (3.1.10)
\pgf@nodesepstart=\dimen265
\pgf@nodesepend=\dimen266
)
(/usr/share/texlive/texmf-dist/tex/latex/pgf/compatibility/pgfcomp-version-1-18
.sty
Package: pgfcomp-version-1-18 2023-01-15 v3.1.10 (3.1.10)
)) (/usr/share/texlive/texmf-dist/tex/latex/pgf/utilities/pgffor.sty
(/usr/share/texlive/texmf-dist/tex/latex/pgf/utilities/pgfkeys.sty
(/usr/share/texlive/texmf-dist/tex/generic/pgf/utilities/pgfkeys.code.tex))
(/usr/share/texlive/texmf-dist/tex/latex/pgf/math/pgfmath.sty
(/usr/share/texlive/texmf-dist/tex/generic/pgf/math/pgfmath.code.tex))
(/usr/share/texlive/texmf-dist/tex/generic/pgf/utilities/pgffor.code.tex
Package: pgffor 2023-01-15 v3.1.10 (3.1.10)
\pgffor@iter=\dimen267
\pgffor@skip=\dimen268
\pgffor@stack=\toks42
\pgffor@toks=\toks43
))
(/usr/share/texlive/texmf-dist/tex/generic/pgf/frontendlayer/tikz/tikz.code.tex
Package: tikz 2023-01-15 v3.1.10 (3.1.10)

(/usr/share/texlive/texmf-dist/tex/generic/pgf/libraries/pgflibraryplothandlers
.code.tex
File: pgflibraryplothandlers.code.tex 2023-01-15 v3.1.10 (3.1.10)
\pgf@plot@mark@count=\count436
\pgfplotmarksize=\dimen269
)
\tikz@lastx=\dimen270
\tikz@lasty=\dimen271
\tikz@lastxsaved=\dimen272
\tikz@lastysaved=\dimen273
\tikz@lastmovetox=\dimen274
\tikz@lastmovetoy=\dimen275
\tikzleveldistance=\dimen276
\tikzsiblingdistance=\dimen277
\tikz@figbox=\box67
\tikz@figbox@bg=\box68
\tikz@tempbox=\box69
\tikz@tempbox@bg=\box70
\tikztreelevel=\count437
\tikznumberofchildren=\count438
\tikznumberofcurrentchild=\count439
\tikz@fig@count=\count440

(/usr/share/texlive/texmf-dist/tex/generic/pgf/modules/pgfmodulematrix.code.tex
File: pgfmodulematrix.code.tex 2023-01-15 v3.1.10 (3.1.10)
\pgfmatrixcurrentrow=\count441
\pgfmatrixcurrentcolumn=\count442
\pgf@matrix@numberofcolumns=\count443
)
\tikz@expandcount=\count444

(/usr/share/texlive/texmf-dist/tex/generic/pgf/frontendlayer/tikz/libraries/tik
zlibrarytopaths.code.tex
File: tikzlibrarytopaths.code.tex 2023-01-15 v3.1.10 (3.1.10)
)))
(/usr/share/texlive/texmf-dist/tex/generic/pgf/frontendlayer/tikz/libraries/tik
zlibrarypositioning.code.tex
File: tikzlibrarypositioning.code.tex 2023-01-15 v3.1.10 (3.1.10)
)
\c@@todonotes@numberoftodonotes=\count445
)
(/usr/share/texlive/texmf-dist/tex/latex/caption/subcaption.sty
Package: subcaption 2023/07/28 v1.6b Sub-captions (AR)

(/usr/share/texlive/texmf-dist/tex/latex/caption/caption.sty
Package: caption 2023/08/05 v3.6o Customizing captions (AR)

(/usr/share/texlive/texmf-dist/tex/latex/caption/caption3.sty
Package: caption3 2023/07/31 v2.4d caption3 kernel (AR)
\caption@tempdima=\dimen278
\captionmargin=\dimen279
\caption@leftmargin=\dimen280
\caption@rightmargin=\dimen281
\caption@width=\dimen282
\caption@indent=\dimen283
\caption@parindent=\dimen284
\caption@hangindent=\dimen285
Package caption Info: Standard document class detected.
)
\c@caption@flags=\count446
\c@continuedfloat=\count447
Package caption Info: float package is loaded.
Package caption Info: hyperref package is loaded.
)
Package caption Info: New subtype `subfigure' on input line 238.
\c@subfigure=\count448
Package caption Info: New subtype `subtable' on input line 238.
\c@subtable=\count449
)
(/usr/share/texlive/texmf-dist/tex/latex/was/upgreek.sty
Package: upgreek 2003/02/12 v2.0 (WaS)
Package upgreek Info: Using Euler Roman for upright Greek on input line 31.
\symugrf@m=\mathgroup7
LaTeX Font Info:    Overwriting symbol font `ugrf@m' in version `bold'
(Font)                  U/eur/m/n --> U/eur/b/n on input line 38.
)
(/usr/share/texlive/texmf-dist/tex/latex/circuitikz/circuitikz.sty
Package: circuitikz 2023/12/09{} The CircuiTikz circuit drawing package version
 1.6.6

(/usr/share/texlive/texmf-dist/tex/generic/pgf/frontendlayer/tikz/libraries/tik
zlibrarycalc.code.tex
File: tikzlibrarycalc.code.tex 2023-01-15 v3.1.10 (3.1.10)
)
(/usr/share/texlive/texmf-dist/tex/generic/pgf/libraries/pgflibraryarrows.meta.
code.tex
File: pgflibraryarrows.meta.code.tex 2023-01-15 v3.1.10 (3.1.10)
\pgfarrowinset=\dimen286
\pgfarrowlength=\dimen287
\pgfarrowwidth=\dimen288
\pgfarrowlinewidth=\dimen289
)
(/usr/share/texlive/texmf-dist/tex/generic/pgf/frontendlayer/tikz/libraries/tik
zlibrarybending.code.tex
File: tikzlibrarybending.code.tex 2023-01-15 v3.1.10 (3.1.10)

(/usr/share/texlive/texmf-dist/tex/generic/pgf/modules/pgfmodulebending.code.te
x
File: pgfmodulebending.code.tex 2023-01-15 v3.1.10 (3.1.10)

(/usr/share/texlive/texmf-dist/tex/generic/pgf/modules/pgfmodulenonlineartransf
ormations.code.tex
File: pgfmodulenonlineartransformations.code.tex 2023-01-15 v3.1.10 (3.1.10)
\pgftransformnonlinearflatness=\dimen290
)
(/usr/share/texlive/texmf-dist/tex/generic/pgf/libraries/pgflibrarycurvilinear.
code.tex
File: pgflibrarycurvilinear.code.tex 2023-01-15 v3.1.10 (3.1.10)
\pgf@curvilinear@time@a=\dimen291
\pgf@curvilinear@length@a=\dimen292
\pgf@curvilinear@length@b=\dimen293
\pgf@curvilinear@length@c=\dimen294
\pgf@curvilinear@length@d=\dimen295
)
\pgf@arrows@the@rigidity=\dimen296
))
(/usr/share/texlive/texmf-dist/tex/generic/pgf/frontendlayer/tikz/libraries/tik
zlibraryfpu.code.tex
(/usr/share/texlive/texmf-dist/tex/generic/pgf/libraries/pgflibraryfpu.code.tex
)) (/usr/share/texlive/texmf-dist/tex/generic/circuitikz/pgfcirc.defines.tex
\pgf@circ@count@a=\count450
\pgf@circ@count@b=\count451
\pgf@circ@count@c=\count452
\pgf@circ@res@up=\dimen297
\pgf@circ@res@down=\dimen298
\pgf@circ@res@zero=\dimen299
\pgf@circ@res@left=\dimen300
\pgf@circ@res@right=\dimen301
\pgf@circ@res@other=\dimen302
\pgf@circ@res@step=\dimen303
\pgf@circ@res@temp=\dimen304
\pgf@circ@Rlen=\dimen305
\pgf@circ@scaled@Rlen=\dimen306
\pgfstartlinewidth=\dimen307
)
(/usr/share/texlive/texmf-dist/tex/generic/circuitikz/pgfcircutils.tex
\ctikz@scratchbox=\box71
)
(/usr/share/texlive/texmf-dist/tex/generic/circuitikz/pgfcircpath.tex)
(/usr/share/texlive/texmf-dist/tex/generic/circuitikz/pgfcircshapes.tex)
(/usr/share/texlive/texmf-dist/tex/generic/circuitikz/pgfcircmonopoles.tex)
(/usr/share/texlive/texmf-dist/tex/generic/circuitikz/pgfcircbipoles.tex)
(/usr/share/texlive/texmf-dist/tex/generic/circuitikz/pgfcirctripoles.tex
\pgf@circ@res@count=\count453
)
(/usr/share/texlive/texmf-dist/tex/generic/circuitikz/pgfcircquadpoles.tex)
(/usr/share/texlive/texmf-dist/tex/generic/circuitikz/pgfcircmultipoles.tex)
(/usr/share/texlive/texmf-dist/tex/generic/circuitikz/pgfcirclabel.tex)
(/usr/share/texlive/texmf-dist/tex/generic/circuitikz/pgfcircvoltage.tex
\pgfcirc@labelshift=\dimen308
)
(/usr/share/texlive/texmf-dist/tex/generic/circuitikz/pgfcirccurrent.tex)
(/usr/share/texlive/texmf-dist/tex/generic/circuitikz/pgfcircflow.tex))
(/usr/share/texlive/texmf-dist/tex/latex/cleveref/cleveref.sty
Package: cleveref 2018/03/27 v0.21.4 Intelligent cross-referencing
Package cleveref Info: `hyperref' support loaded on input line 2370.
LaTeX Info: Redefining \cref on input line 2370.
LaTeX Info: Redefining \Cref on input line 2370.
LaTeX Info: Redefining \crefrange on input line 2370.
LaTeX Info: Redefining \Crefrange on input line 2370.
LaTeX Info: Redefining \cpageref on input line 2370.
LaTeX Info: Redefining \Cpageref on input line 2370.
LaTeX Info: Redefining \cpagerefrange on input line 2370.
LaTeX Info: Redefining \Cpagerefrange on input line 2370.
LaTeX Info: Redefining \labelcref on input line 2370.
LaTeX Info: Redefining \labelcpageref on input line 2370.
)

Package biblatex Warning: 'babel/polyglossia' detected but 'csquotes' missing.
(biblatex)                Loading 'csquotes' recommended.

\@quotelevel=\count454
\@quotereset=\count455
(./Documentation.aux

LaTeX Warning: Label `fig:example' multiply defined.


LaTeX Warning: Label `fig:example@cref' multiply defined.


LaTeX Warning: Label `fig:loop_moments_phase' multiply defined.


LaTeX Warning: Label `fig:loop_moments_phase@cref' multiply defined.


LaTeX Warning: Label `fig:example' multiply defined.


LaTeX Warning: Label `fig:example@cref' multiply defined.


LaTeX Warning: Label `fig:example' multiply defined.


LaTeX Warning: Label `fig:example@cref' multiply defined.


LaTeX Warning: Label `fig:example' multiply defined.


LaTeX Warning: Label `fig:example@cref' multiply defined.


LaTeX Warning: Label `fig:example' multiply defined.


LaTeX Warning: Label `fig:example@cref' multiply defined.


LaTeX Warning: Label `fig:example' multiply defined.


LaTeX Warning: Label `fig:example@cref' multiply defined.


LaTeX Warning: Label `fig:example' multiply defined.


LaTeX Warning: Label `fig:example@cref' multiply defined.


LaTeX Warning: Label `fig:example' multiply defined.


LaTeX Warning: Label `fig:example@cref' multiply defined.


LaTeX Warning: Label `fig:example' multiply defined.


LaTeX Warning: Label `fig:example@cref' multiply defined.


LaTeX Warning: Label `fig:example' multiply defined.


LaTeX Warning: Label `fig:example@cref' multiply defined.


LaTeX Warning: Label `fig:example' multiply defined.


LaTeX Warning: Label `fig:example@cref' multiply defined.


LaTeX Warning: Label `fig:example' multiply defined.


LaTeX Warning: Label `fig:example@cref' multiply defined.

)
\openout1 = `Documentation.aux'.

LaTeX Font Info:    Checking defaults for OML/cmm/m/it on input line 53.
LaTeX Font Info:    ... okay on input line 53.
LaTeX Font Info:    Checking defaults for OMS/cmsy/m/n on input line 53.
LaTeX Font Info:    ... okay on input line 53.
LaTeX Font Info:    Checking defaults for OT1/cmr/m/n on input line 53.
LaTeX Font Info:    ... okay on input line 53.
LaTeX Font Info:    Checking defaults for T1/cmr/m/n on input line 53.
LaTeX Font Info:    ... okay on input line 53.
LaTeX Font Info:    Checking defaults for TS1/cmr/m/n on input line 53.
LaTeX Font Info:    ... okay on input line 53.
LaTeX Font Info:    Checking defaults for OMX/cmex/m/n on input line 53.
LaTeX Font Info:    ... okay on input line 53.
LaTeX Font Info:    Checking defaults for U/cmr/m/n on input line 53.
LaTeX Font Info:    ... okay on input line 53.
LaTeX Font Info:    Checking defaults for PD1/pdf/m/n on input line 53.
LaTeX Font Info:    ... okay on input line 53.
LaTeX Font Info:    Checking defaults for PU/pdf/m/n on input line 53.
LaTeX Font Info:    ... okay on input line 53.
 (/usr/share/texlive/texmf-dist/tex/context/base/mkii/supp-pdf.mkii
[Loading MPS to PDF converter (version 2006.09.02).]
\scratchcounter=\count456
\scratchdimen=\dimen309
\scratchbox=\box72
\nofMPsegments=\count457
\nofMParguments=\count458
\everyMPshowfont=\toks44
\MPscratchCnt=\count459
\MPscratchDim=\dimen310
\MPnumerator=\count460
\makeMPintoPDFobject=\count461
\everyMPtoPDFconversion=\toks45
) (/usr/share/texlive/texmf-dist/tex/latex/epstopdf-pkg/epstopdf-base.sty
Package: epstopdf-base 2020-01-24 v2.11 Base part for package epstopdf
Package epstopdf-base Info: Redefining graphics rule for `.eps' on input line 4
85.

(/usr/share/texlive/texmf-dist/tex/latex/latexconfig/epstopdf-sys.cfg
File: epstopdf-sys.cfg 2010/07/13 v1.3 Configuration of (r)epstopdf for TeX Liv
e
))
(/usr/share/texlive/texmf-dist/tex/latex/pdflscape/pdflscape.sty
Package: pdflscape 2022-10-27 v0.13 Display of landscape pages in PDF

(/usr/share/texlive/texmf-dist/tex/latex/pdflscape/pdflscape-nometadata.sty
Package: pdflscape-nometadata 2022-10-28 v0.13 Display of landscape pages in PD
F (HO)

(/usr/share/texlive/texmf-dist/tex/latex/graphics/lscape.sty
Package: lscape 2020/05/28 v3.02 Landscape Pages (DPC)
)
Package pdflscape Info: Auto-detected driver: pdftex on input line 81.
))
Package hyperref Info: Link coloring ON on input line 53.

(./Documentation.out) (./Documentation.out)
\@outlinefile=\write5
\openout5 = `Documentation.out'.

Package biblatex Info: Trying to load language 'english'...
Package biblatex Info: ... file 'english.lbx' found.

(/usr/share/texlive/texmf-dist/tex/latex/biblatex/lbx/english.lbx
File: english.lbx 2023/03/05 v3.19 biblatex localization (PK/MW)
)
Package biblatex Info: Input encoding 'utf8' detected.
Package biblatex Info: Automatic encoding selection.
(biblatex)             Assuming data encoding 'utf8'.
Package biblatex Info: Input encoding 'utf8' detected.
Package biblatex Info: Data encoding 'utf8' specified.
(biblatex)             No need to reencode data.
\openout3 = `Documentation-blx.bib'.

Package biblatex Info: Trying to load bibliographic data...
Package biblatex Info: ... file 'Documentation.bbl' found.

(./Documentation.bbl

Package biblatex Warning: BibTeX reported the following issues
(biblatex)                with 'Cendes_1991':
(biblatex)                - Invalid format of field 'month'.


Package biblatex Warning: BibTeX reported the following issues
(biblatex)                with 'Kreindl_Bauernfeind_Weiss_Stockreiter_Kaltenbac
her_2024':
(biblatex)                - Invalid format of field 'month'.


Package biblatex Warning: BibTeX reported the following issues
(biblatex)                with 'Mohsen_1982':
(biblatex)                - Invalid format of field 'month'.


Package biblatex Warning: BibTeX reported the following issues
(biblatex)                with 'Shenton_Cendes_1985':
(biblatex)                - Invalid format of field 'month'.


Package biblatex Warning: BibTeX reported the following issues
(biblatex)                with 'Sreenivasiah_Chang_Ma_1981':
(biblatex)                - Invalid format of field 'month'.


Package biblatex Warning: BibTeX reported the following issues
(biblatex)                with 'Weil_Gruner_1984':
(biblatex)                - Invalid format of field 'month'.


Package biblatex Warning: BibTeX reported the following issues
(biblatex)                with 'Wilson_Ma_1986':
(biblatex)                - Invalid format of field 'month'.

)
Package biblatex Info: Reference section=0 on input line 53.
Package biblatex Info: Reference segment=0 on input line 53.
Package caption Info: Begin \AtBeginDocument code.
Package caption Info: End \AtBeginDocument code.
<content/img/TU_Graz_Logo.png, id=284, 113.223pt x 41.6757pt>
File: content/img/TU_Graz_Logo.png Graphic file (type png)
<use content/img/TU_Graz_Logo.png>
Package pdftex.def Info: content/img/TU_Graz_Logo.png  used on input line 61.
(pdftex.def)             Requested size: 85.35826pt x 31.4201pt.
<content/img/igte_logo.png, id=286, 127.0123pt x 44.96236pt>
File: content/img/igte_logo.png Graphic file (type png)
<use content/img/igte_logo.png>
Package pdftex.def Info: content/img/igte_logo.png  used on input line 99.
(pdftex.def)             Requested size: 85.35826pt x 30.21722pt.
 [1

{/var/lib/texmf/fonts/map/pdftex/updmap/pdftex.map} <./content/img/TU_Graz_Logo
.png> <./content/img/igte_logo.png>] [2

] (./Documentation.toc
LaTeX Font Info:    Trying to load font information for U+msa on input line 5.

(/usr/share/texlive/texmf-dist/tex/latex/amsfonts/umsa.fd
File: umsa.fd 2013/01/14 v3.01 AMS symbols A
)
LaTeX Font Info:    Trying to load font information for U+msb on input line 5.

(/usr/share/texlive/texmf-dist/tex/latex/amsfonts/umsb.fd
File: umsb.fd 2013/01/14 v3.01 AMS symbols B
)
LaTeX Font Info:    Trying to load font information for U+esint on input line 5
.

(/usr/share/texlive/texmf-dist/tex/latex/esint/uesint.fd
File: uesint.fd 
) [3

])
\tf@toc=\write6
\openout6 = `Documentation.toc'.

 [4]
(./Documentation.lof [5] [6])
\tf@lof=\write7
\openout7 = `Documentation.lof'.

 [7] (./Documentation.lot)
\tf@lot=\write8
\openout8 = `Documentation.lot'.

 [8]
(./content/00_introduction/01_introduction.tex)
(./content/10_dipoles/11_dipole.tex
Package hyperref Info: bookmark level for unknown todo defaults to 0 on input l
ine 4.

Overfull \hbox (7.79135pt too wide) in paragraph at lines 4--4
[][][]\OT1/cmr/m/n/10.95 Explanation 
 []


Overfull \hbox (7.79135pt too wide) in paragraph at lines 4--4
[][][]\OT1/cmr/m/n/10.95 Explanation 
 []

[1

]
<content/img/electric_dipole.png, id=601, 303.38344pt x 277.78781pt>
File: content/img/electric_dipole.png Graphic file (type png)
<use content/img/electric_dipole.png>
Package pdftex.def Info: content/img/electric_dipole.png  used on input line 37
.
(pdftex.def)             Requested size: 213.39566pt x 195.39536pt.
 [2 <./content/img/electric_dipole.png>] [3]
<content/img/linear_wire_antenna.png, id=641, 303.38344pt x 277.78781pt>
File: content/img/linear_wire_antenna.png Graphic file (type png)
<use content/img/linear_wire_antenna.png>
Package pdftex.def Info: content/img/linear_wire_antenna.png  used on input lin
e 177.
(pdftex.def)             Requested size: 213.39566pt x 195.39536pt.
 [4 <./content/img/linear_wire_antenna.png>]
<content/img/electric_dipole_current.png, id=661, 250.9375pt x 269.005pt>
File: content/img/electric_dipole_current.png Graphic file (type png)
<use content/img/electric_dipole_current.png>
Package pdftex.def Info: content/img/electric_dipole_current.png  used on input
 line 200.
(pdftex.def)             Requested size: 128.0387pt x 137.2646pt.


LaTeX Warning: Citation 'Balanis' on page 5 undefined on input line 216.

[5 <./content/img/electric_dipole_current.png>]
<content/img/magnetic_dipole_drawing.png, id=676, 319.1925pt x 290.58563pt>
File: content/img/magnetic_dipole_drawing.png Graphic file (type png)
<use content/img/magnetic_dipole_drawing.png>
Package pdftex.def Info: content/img/magnetic_dipole_drawing.png  used on input
 line 242.
(pdftex.def)             Requested size: 213.39566pt x 194.27013pt.
 [6 <./content/img/magnetic_dipole_drawing.png>]) (./content/10_dipoles/12_ante
nnas_to_investigate.tex)
(./content/10_dipoles/13_fields.tex
<content/img/kr_over_distance.png, id=694, 1552.77257pt x 1031.74028pt>
File: content/img/kr_over_distance.png Graphic file (type png)
<use content/img/kr_over_distance.png>
Package pdftex.def Info: content/img/kr_over_distance.png  used on input line 7
.
(pdftex.def)             Requested size: 298.75262pt x 198.50435pt.
 [7{/usr/share/texmf/fonts/enc/dvips/cm-super/cm-super-ts1.enc}]
<content/img/field_regions_antenna.png, id=721, 389.455pt x 406.51875pt>
File: content/img/field_regions_antenna.png Graphic file (type png)
<use content/img/field_regions_antenna.png>
Package pdftex.def Info: content/img/field_regions_antenna.png  used on input l
ine 29.
(pdftex.def)             Requested size: 170.71393pt x 178.19267pt.
 [8 <./content/img/kr_over_distance.png>])
(./content/20_guided_waves/21_lorentz_reciprocity.tex [9 <./content/img/field_r
egions_antenna.png>]) (./content/20_guided_waves/22_greens_function.tex
[10] [11] [12]) (./content/20_guided_waves/23_tem_cells.tex
<content/img/rect_waveguide_tm.png, id=798, 450.18187pt x 365.11406pt>
File: content/img/rect_waveguide_tm.png Graphic file (type png)
<use content/img/rect_waveguide_tm.png>
Package pdftex.def Info: content/img/rect_waveguide_tm.png  used on input line 
11.
(pdftex.def)             Requested size: 192.0548pt x 155.76474pt.
<content/img/rect_waveguide_te.png, id=799, 450.18187pt x 365.11406pt>
File: content/img/rect_waveguide_te.png Graphic file (type png)
<use content/img/rect_waveguide_te.png>
Package pdftex.def Info: content/img/rect_waveguide_te.png  used on input line 
18.
(pdftex.def)             Requested size: 192.0548pt x 155.76474pt.
 [13] [14 <./content/img/rect_waveguide_tm.png> <./content/img/rect_waveguide_t
e.png>]
<content/img/vertical_antenna_tem_cell.png, id=834, 382.42876pt x 216.81pt>
File: content/img/vertical_antenna_tem_cell.png Graphic file (type png)
<use content/img/vertical_antenna_tem_cell.png>
Package pdftex.def Info: content/img/vertical_antenna_tem_cell.png  used on inp
ut line 53.
(pdftex.def)             Requested size: 298.75262pt x 169.37907pt.
 [15 <./content/img/vertical_antenna_tem_cell.png>] [16]

LaTeX Warning: Reference `sec:dipoles' on page 17 undefined on input line 131.

<content/img/tem_cell_crosssection.png, id=873, 740.7675pt x 499.8675pt>
File: content/img/tem_cell_crosssection.png Graphic file (type png)
<use content/img/tem_cell_crosssection.png>
Package pdftex.def Info: content/img/tem_cell_crosssection.png  used on input l
ine 157.
(pdftex.def)             Requested size: 213.39566pt x 143.99681pt.

LaTeX Warning: `h' float specifier changed to `ht'.

[17]
<content/img/tem_cell_modes.png, id=889, 320.1561pt x 206.6922pt>
File: content/img/tem_cell_modes.png Graphic file (type png)
<use content/img/tem_cell_modes.png>
Package pdftex.def Info: content/img/tem_cell_modes.png  used on input line 187
.
(pdftex.def)             Requested size: 426.79134pt x 275.55946pt.


LaTeX Warning: `h' float specifier changed to `ht'.


LaTeX Warning: Marginpar on page 18 moved.

[18 <./content/img/tem_cell_crosssection.png>]
<content/img/tem_cell_mode.png, id=906, 736.7525pt x 495.8525pt>
File: content/img/tem_cell_mode.png Graphic file (type png)
<use content/img/tem_cell_mode.png>
Package pdftex.def Info: content/img/tem_cell_mode.png  used on input line 202.

(pdftex.def)             Requested size: 128.0387pt x 86.1702pt.
<content/img/te01_mode.png, id=907, 736.7525pt x 495.8525pt>
File: content/img/te01_mode.png Graphic file (type png)
<use content/img/te01_mode.png>
Package pdftex.def Info: content/img/te01_mode.png  used on input line 208.
(pdftex.def)             Requested size: 128.0387pt x 86.1702pt.
<content/img/te10_mode.png, id=908, 736.7525pt x 495.8525pt>
File: content/img/te10_mode.png Graphic file (type png)
<use content/img/te10_mode.png>
Package pdftex.def Info: content/img/te10_mode.png  used on input line 214.
(pdftex.def)             Requested size: 128.0387pt x 86.1702pt.
 [19 <./content/img/tem_cell_modes.png> <./content/img/tem_cell_mode.png> <./co
ntent/img/te01_mode.png> <./content/img/te10_mode.png>]
<content/img/ex_normalized.png, id=922, 1060.64828pt x 539.616pt>
File: content/img/ex_normalized.png Graphic file (type png)
<use content/img/ex_normalized.png>
Package pdftex.def Info: content/img/ex_normalized.png  used on input line 272.

(pdftex.def)             Requested size: 213.39566pt x 108.56352pt.
<content/img/ey_normalized.png, id=923, 1059.96pt x 536.86285pt>
File: content/img/ey_normalized.png Graphic file (type png)
<use content/img/ey_normalized.png>
Package pdftex.def Info: content/img/ey_normalized.png  used on input line 281.

(pdftex.def)             Requested size: 213.39566pt x 108.08336pt.
<content/img/output_power_ey_over_offset.png, id=927, 271.7352pt x 180.675pt>
File: content/img/output_power_ey_over_offset.png Graphic file (type png)
<use content/img/output_power_ey_over_offset.png>
Package pdftex.def Info: content/img/output_power_ey_over_offset.png  used on i
nput line 302.
(pdftex.def)             Requested size: 204.85802pt x 136.20615pt.
<content/img/output_power_ey_over_height_w_offset.png, id=928, 1552.77257pt x 1
032.42857pt>
File: content/img/output_power_ey_over_height_w_offset.png Graphic file (type p
ng)
<use content/img/output_power_ey_over_height_w_offset.png>
Package pdftex.def Info: content/img/output_power_ey_over_height_w_offset.png  
used on input line 309.
(pdftex.def)             Requested size: 204.85802pt x 136.20537pt.
 [20]

LaTeX Warning: Reference `eqn:modal_superposition1' on page 21 undefined on inp
ut line 332.


LaTeX Warning: Reference `eqn:modal_superposition2' on page 21 undefined on inp
ut line 332.

[21 <./content/img/ex_normalized.png (PNG copy)> <./content/img/ey_normalized.p
ng (PNG copy)>]) (./content/20_guided_waves/24_dipole_tem.tex [22 <./content/im
g/output_power_ey_over_offset.png> <./content/img/output_power_ey_over_height_w
_offset.png>]
<content/img/reciprocity_tem_cell.png, id=972, 569.12625pt x 284.56313pt>
File: content/img/reciprocity_tem_cell.png Graphic file (type png)
<use content/img/reciprocity_tem_cell.png>
Package pdftex.def Info: content/img/reciprocity_tem_cell.png  used on input li
ne 14.
(pdftex.def)             Requested size: 298.75262pt x 149.38051pt.
 [23 <./content/img/reciprocity_tem_cell.png>]

LaTeX Warning: Reference `eqn:modal_superposition1' on page 24 undefined on inp
ut line 85.


LaTeX Warning: Reference `eqn:modal_superposition2' on page 24 undefined on inp
ut line 85.

[24] [25] [26]

LaTeX Warning: Marginpar on page 27 moved.

[27]) (./content/20_guided_waves/25_shielding.tex
<content/img/shielding_material_diagram.png, id=1079, 334.24875pt x 195.73125pt
>
File: content/img/shielding_material_diagram.png Graphic file (type png)
<use content/img/shielding_material_diagram.png>
Package pdftex.def Info: content/img/shielding_material_diagram.png  used on in
put line 14.
(pdftex.def)             Requested size: 149.37956pt x 87.47792pt.
 [28 <./content/img/shielding_material_diagram.png>]
Overfull \hbox (17.06505pt too wide) in paragraph at lines 30--32
\OT1/cmr/m/n/10.95 by Schelkunoff. [][]$\OT1/cmtt/m/n/10.95 https : / / www . i
eee . li / pdf / viewgraphs / fundamentals _ electromagnetic _
 []


LaTeX Warning: Marginpar on page 29 moved.


Overfull \hbox (2.59007pt too wide) in paragraph at lines 61--61
\OT1/cmr/m/n/10.95 parameters 
 []


Overfull \hbox (2.59007pt too wide) in paragraph at lines 61--61
\OT1/cmr/m/n/10.95 parameters 
 []


LaTeX Warning: Marginpar on page 29 moved.


LaTeX Warning: Marginpar on page 29 moved.

[29]

LaTeX Warning: Marginpar on page 30 moved.

[30]
<content/img/ASTM ES7-83.png, id=1138, 525.965pt x 359.3425pt>
File: content/img/ASTM ES7-83.png Graphic file (type png)
<use content/img/ASTM ES7-83.png>
Package pdftex.def Info: content/img/ASTM ES7-83.png  used on input line 117.
(pdftex.def)             Requested size: 209.1301pt x 142.87907pt.
<content/img/form_of_shielding_material.png, id=1139, 505.89pt x 352.31625pt>
File: content/img/form_of_shielding_material.png Graphic file (type png)
<use content/img/form_of_shielding_material.png>
Package pdftex.def Info: content/img/form_of_shielding_material.png  used on in
put line 124.
(pdftex.def)             Requested size: 209.1301pt x 145.64404pt.
 [31 <./content/img/ASTM ES7-83.png> <./content/img/form_of_shielding_material.
png>]
Overfull \hbox (7.2134pt too wide) in paragraph at lines 161--161
[][][]\OT1/cmr/m/n/10.95 Polarization 
 []


Overfull \hbox (7.2134pt too wide) in paragraph at lines 161--161
[][][]\OT1/cmr/m/n/10.95 Polarization 
 []

<content/img/dual_tem_cell.png, id=1158, 571.13374pt x 243.91125pt>
File: content/img/dual_tem_cell.png Graphic file (type png)
<use content/img/dual_tem_cell.png>
Package pdftex.def Info: content/img/dual_tem_cell.png  used on input line 165.

(pdftex.def)             Requested size: 320.09349pt x 136.701pt.
) (./content/30_numerical_investigations/31_hfss.tex [32 <./content/img/dual_te
m_cell.png>]
<content/img/tetrahedral_mesh.png, id=1177, 223.83624pt x 222.8325pt>
File: content/img/tetrahedral_mesh.png Graphic file (type png)
<use content/img/tetrahedral_mesh.png>
Package pdftex.def Info: content/img/tetrahedral_mesh.png  used on input line 2
3.
(pdftex.def)             Requested size: 106.69783pt x 106.22055pt.


LaTeX Warning: `h' float specifier changed to `ht'.

[33]
<content/img/tetrahedra_w_unknowns.png, id=1193, 241.90375pt x 239.89626pt>
File: content/img/tetrahedra_w_unknowns.png Graphic file (type png)
<use content/img/tetrahedra_w_unknowns.png>
Package pdftex.def Info: content/img/tetrahedra_w_unknowns.png  used on input l
ine 53.
(pdftex.def)             Requested size: 106.69783pt x 105.8109pt.


LaTeX Warning: `h' float specifier changed to `ht'.

[34 <./content/img/tetrahedral_mesh.png>] [35 <./content/img/tetrahedra_w_unkno
wns.png>]
<content/img/workflow_fem.png, id=1230, 603.25375pt x 161.60374pt>
File: content/img/workflow_fem.png Graphic file (type png)
<use content/img/workflow_fem.png>
Package pdftex.def Info: content/img/workflow_fem.png  used on input line 105.
(pdftex.def)             Requested size: 320.09349pt x 85.7482pt.
) (./content/30_numerical_investigations/32_antennas.tex [36 <./content/img/wor
kflow_fem.png>]
<content/img/antenna_port.png, id=1243, 426.84468pt x 103.13531pt>
File: content/img/antenna_port.png Graphic file (type png)
<use content/img/antenna_port.png>
Package pdftex.def Info: content/img/antenna_port.png  used on input line 55.
(pdftex.def)             Requested size: 298.75262pt x 72.18948pt.
 [37 <./content/img/antenna_port.png>]
<content/img/tem_cell_front.png, id=1252, 425.33907pt x 232.61906pt>
File: content/img/tem_cell_front.png Graphic file (type png)
<use content/img/tem_cell_front.png>
Package pdftex.def Info: content/img/tem_cell_front.png  used on input line 71.

(pdftex.def)             Requested size: 204.85802pt x 112.03922pt.
<content/img/tem_cell_side.png, id=1253, 462.97969pt x 232.61906pt>
File: content/img/tem_cell_side.png Graphic file (type png)
<use content/img/tem_cell_side.png>
Package pdftex.def Info: content/img/tem_cell_side.png  used on input line 78.
(pdftex.def)             Requested size: 204.85802pt x 102.9277pt.
 [38 <./content/img/tem_cell_front.png> <./content/img/tem_cell_side.png>] [39]
<content/img/monopole_near_field.png, id=1284, 609.77812pt x 746.79pt>
File: content/img/monopole_near_field.png Graphic file (type png)
<use content/img/monopole_near_field.png>
Package pdftex.def Info: content/img/monopole_near_field.png  used on input lin
e 183.
(pdftex.def)             Requested size: 185.85645pt x 227.62204pt.
<content/img/monopole_antenna.png, id=1285, 593.21625pt x 742.27313pt>
File: content/img/monopole_antenna.png Graphic file (type png)
<use content/img/monopole_antenna.png>
Package pdftex.def Info: content/img/monopole_antenna.png  used on input line 1
91.
(pdftex.def)             Requested size: 181.9128pt x 227.62204pt.
 [40 <./content/img/monopole_near_field.png> <./content/img/monopole_antenna.pn
g>]
<content/img/dipole_moments_monopole.png, id=1299, 1594.06972pt x 1181.09828pt>

File: content/img/dipole_moments_monopole.png Graphic file (type png)
<use content/img/dipole_moments_monopole.png>
Package pdftex.def Info: content/img/dipole_moments_monopole.png  used on input
 line 218.
(pdftex.def)             Requested size: 204.85802pt x 151.782pt.
<content/img/phase_shift_monopole.png, id=1300, 1594.06972pt x 1181.09828pt>
File: content/img/phase_shift_monopole.png Graphic file (type png)
<use content/img/phase_shift_monopole.png>
Package pdftex.def Info: content/img/phase_shift_monopole.png  used on input li
ne 225.
(pdftex.def)             Requested size: 204.85802pt x 151.782pt.
<content/img/monopole_feed_voltage.png, id=1301, 1594.06972pt x 1181.09828pt>
File: content/img/monopole_feed_voltage.png Graphic file (type png)
<use content/img/monopole_feed_voltage.png>
Package pdftex.def Info: content/img/monopole_feed_voltage.png  used on input l
ine 245.
(pdftex.def)             Requested size: 204.85802pt x 151.782pt.
<content/img/monopole_feed_current.png, id=1302, 1594.06972pt x 1181.09828pt>
File: content/img/monopole_feed_current.png Graphic file (type png)
<use content/img/monopole_feed_current.png>
Package pdftex.def Info: content/img/monopole_feed_current.png  used on input l
ine 252.
(pdftex.def)             Requested size: 204.85802pt x 151.782pt.
 [41 <./content/img/dipole_moments_monopole.png> <./content/img/phase_shift_mon
opole.png>]
<content/img/monopole_output_power.png, id=1324, 1594.06972pt x 1232.03143pt>
File: content/img/monopole_output_power.png Graphic file (type png)
<use content/img/monopole_output_power.png>
Package pdftex.def Info: content/img/monopole_output_power.png  used on input l
ine 294.
(pdftex.def)             Requested size: 204.85802pt x 158.32738pt.
<content/img/monopole_moment_comp.png, id=1325, 1594.06972pt x 1129.47685pt>
File: content/img/monopole_moment_comp.png Graphic file (type png)
<use content/img/monopole_moment_comp.png>
Package pdftex.def Info: content/img/monopole_moment_comp.png  used on input li
ne 301.
(pdftex.def)             Requested size: 204.85802pt x 145.14816pt.
<content/img/monopole_current_dist.png, id=1327, 1593.38142pt x 1181.09828pt>
File: content/img/monopole_current_dist.png Graphic file (type png)
<use content/img/monopole_current_dist.png>
Package pdftex.def Info: content/img/monopole_current_dist.png  used on input l
ine 324.
(pdftex.def)             Requested size: 204.85802pt x 151.83606pt.
<content/img/current_loop_charge_distribution_1MHz.png, id=1328, 1593.38142pt x
 1181.09828pt>
File: content/img/current_loop_charge_distribution_1MHz.png Graphic file (type 
png)
<use content/img/current_loop_charge_distribution_1MHz.png>
Package pdftex.def Info: content/img/current_loop_charge_distribution_1MHz.png 
 used on input line 332.
(pdftex.def)             Requested size: 204.85802pt x 151.83606pt.

[42 <./content/img/monopole_feed_voltage.png> <./content/img/monopole_feed_curr
ent.png>]
<content/img/monopole_imp.png, id=1347, 1594.06972pt x 1181.09828pt>
File: content/img/monopole_imp.png Graphic file (type png)
<use content/img/monopole_imp.png>
Package pdftex.def Info: content/img/monopole_imp.png  used on input line 355.
(pdftex.def)             Requested size: 213.39566pt x 158.10774pt.
<content/img/chu_circuit.png, id=1352, 252.60086pt x 136.96886pt>
File: content/img/chu_circuit.png Graphic file (type png)
<use content/img/chu_circuit.png>
Package pdftex.def Info: content/img/chu_circuit.png  used on input line 369.
(pdftex.def)             Requested size: 128.0387pt x 69.42682pt.
 [43 <./content/img/monopole_output_power.png> <./content/img/monopole_moment_c
omp.png>] [44 <./content/img/monopole_current_dist.png> <./content/img/current_
loop_charge_distribution_1MHz.png> <./content/img/monopole_imp.png> <./content/
img/chu_circuit.png (PNG copy)>]
<content/img/monopole_surface_currents.png, id=1368, 1541.00719pt x 557.83406pt
>
File: content/img/monopole_surface_currents.png Graphic file (type png)
<use content/img/monopole_surface_currents.png>
Package pdftex.def Info: content/img/monopole_surface_currents.png  used on inp
ut line 384.
(pdftex.def)             Requested size: 426.79134pt x 154.4901pt.
<content/img/monopole_surface_currents_te01.png, id=1369, 1541.00719pt x 557.83
406pt>
File: content/img/monopole_surface_currents_te01.png Graphic file (type png)
<use content/img/monopole_surface_currents_te01.png>
Package pdftex.def Info: content/img/monopole_surface_currents_te01.png  used o
n input line 393.
(pdftex.def)             Requested size: 426.79134pt x 154.4901pt.
 [45 <./content/img/monopole_surface_currents.png> <./content/img/monopole_surf
ace_currents_te01.png>]

LaTeX Warning: Reference ` eqn:e_energy' on page 1 undefined on input line 416.



LaTeX Warning: Reference `eqn:m_energy' on page 1 undefined on input line 416.

<content/img/monopole_magn_energy.png, id=1382, 1593.38142pt x 1181.09828pt>
File: content/img/monopole_magn_energy.png Graphic file (type png)
<use content/img/monopole_magn_energy.png>
Package pdftex.def Info: content/img/monopole_magn_energy.png  used on input li
ne 432.
(pdftex.def)             Requested size: 204.85802pt x 151.83606pt.
<content/img/monopole_elec_energy.png, id=1383, 1593.38142pt x 1181.09828pt>
File: content/img/monopole_elec_energy.png Graphic file (type png)
<use content/img/monopole_elec_energy.png>
Package pdftex.def Info: content/img/monopole_elec_energy.png  used on input li
ne 439.
(pdftex.def)             Requested size: 204.85802pt x 151.83606pt.
<content/img/loop_near_field.png, id=1384, 1111.15125pt x 776.14969pt>
File: content/img/loop_near_field.png Graphic file (type png)
<use content/img/loop_near_field.png>
Package pdftex.def Info: content/img/loop_near_field.png  used on input line 46
1.
(pdftex.def)             Requested size: 204.85802pt x 143.08803pt.
<content/img/loop_antenna.png, id=1385, 1132.98282pt x 792.71156pt>
File: content/img/loop_antenna.png Graphic file (type png)
<use content/img/loop_antenna.png>
Package pdftex.def Info: content/img/loop_antenna.png  used on input line 468.
(pdftex.def)             Requested size: 204.85802pt x 143.323pt.
[46 <./content/img/monopole_magn_energy.png> <./content/img/monopole_elec_energ
y.png>]
<content/img/dipole_moments_loop_antenna.png, id=1398, 1594.06972pt x 1181.0982
8pt>
File: content/img/dipole_moments_loop_antenna.png Graphic file (type png)
<use content/img/dipole_moments_loop_antenna.png>
Package pdftex.def Info: content/img/dipole_moments_loop_antenna.png  used on i
nput line 487.
(pdftex.def)             Requested size: 204.85802pt x 151.782pt.
<content/img/loop_phase.png, id=1399, 1594.06972pt x 1181.09828pt>
File: content/img/loop_phase.png Graphic file (type png)
<use content/img/loop_phase.png>
Package pdftex.def Info: content/img/loop_phase.png  used on input line 494.
(pdftex.def)             Requested size: 204.85802pt x 151.782pt.


LaTeX Warning: Reference ` eqn:e_b_closed_int' on page 47 undefined on input li
ne 503.


LaTeX Warning: Reference ` eqn:e_int_b' on page 47 undefined on input line 503.


<content/img/loop_opower.png, id=1403, 1594.06972pt x 1181.09828pt>
File: content/img/loop_opower.png Graphic file (type png)
<use content/img/loop_opower.png>
Package pdftex.def Info: content/img/loop_opower.png  used on input line 511.
(pdftex.def)             Requested size: 204.85802pt x 151.782pt.
<content/img/loop_opower_comp.png, id=1404, 1594.06972pt x 1181.09828pt>
File: content/img/loop_opower_comp.png Graphic file (type png)
<use content/img/loop_opower_comp.png>
Package pdftex.def Info: content/img/loop_opower_comp.png  used on input line 5
18.
(pdftex.def)             Requested size: 204.85802pt x 151.782pt.
[47 <./content/img/loop_near_field.png> <./content/img/loop_antenna.png>]
<content/img/loop_elec_energy.png, id=1412, 276.7941pt x 175.97745pt>
File: content/img/loop_elec_energy.png Graphic file (type png)
<use content/img/loop_elec_energy.png>
Package pdftex.def Info: content/img/loop_elec_energy.png  used on input line 5
38.
(pdftex.def)             Requested size: 192.0548pt x 122.1066pt.
<content/img/loop_mag_energy.png, id=1413, 280.76895pt x 175.97745pt>
File: content/img/loop_mag_energy.png Graphic file (type png)
<use content/img/loop_mag_energy.png>
Package pdftex.def Info: content/img/loop_mag_energy.png  used on input line 54
5.
(pdftex.def)             Requested size: 192.0548pt x 120.37465pt.
<content/img/loop_feed_current.png, id=1414, 276.7941pt x 179.7114pt>
File: content/img/loop_feed_current.png Graphic file (type png)
<use content/img/loop_feed_current.png>
Package pdftex.def Info: content/img/loop_feed_current.png  used on input line 
563.
(pdftex.def)             Requested size: 192.0548pt x 124.6975pt.
<content/img/loop_feed_voltage.png, id=1415, 276.7941pt x 179.7114pt>
File: content/img/loop_feed_voltage.png Graphic file (type png)
<use content/img/loop_feed_voltage.png>
Package pdftex.def Info: content/img/loop_feed_voltage.png  used on input line 
570.
(pdftex.def)             Requested size: 192.0548pt x 124.6975pt.
<content/img/loop_feed_return_current.png, id=1419, 1593.38142pt x 1181.09828pt
>
File: content/img/loop_feed_return_current.png Graphic file (type png)
<use content/img/loop_feed_return_current.png>
Package pdftex.def Info: content/img/loop_feed_return_current.png  used on inpu
t line 584.
(pdftex.def)             Requested size: 298.75262pt x 221.43736pt.

[48 <./content/img/dipole_moments_loop_antenna.png> <./content/img/loop_phase.p
ng> <./content/img/loop_opower.png> <./content/img/loop_opower_comp.png>]
[49 <./content/img/loop_elec_energy.png> <./content/img/loop_mag_energy.png> <.
/content/img/loop_feed_current.png> <./content/img/loop_feed_voltage.png> <./co
ntent/img/loop_feed_return_current.png>]
<content/img/curr_imp.png, id=1445, 336.65775pt x 175.97745pt>
File: content/img/curr_imp.png Graphic file (type png)
<use content/img/curr_imp.png>
Package pdftex.def Info: content/img/curr_imp.png  used on input line 599.
(pdftex.def)             Requested size: 298.75262pt x 156.16293pt.


LaTeX Warning: Reference `eqn:m_energy' on page 50 undefined on input line 665.


[50 <./content/img/curr_imp.png>]
<content/img/loop_eqc_moments.png, id=1463, 1529.37085pt x 1005.58543pt>
File: content/img/loop_eqc_moments.png Graphic file (type png)
<use content/img/loop_eqc_moments.png>
Package pdftex.def Info: content/img/loop_eqc_moments.png  used on input line 7
83.
(pdftex.def)             Requested size: 298.75262pt x 196.43361pt.
 [51]

LaTeX Warning: Reference `eqn:me_phase' on page 52 undefined on input line 792.


<content/img/loop_surface_currents.png, id=1479, 1541.00719pt x 557.83406pt>
File: content/img/loop_surface_currents.png Graphic file (type png)
<use content/img/loop_surface_currents.png>
Package pdftex.def Info: content/img/loop_surface_currents.png  used on input l
ine 798.
(pdftex.def)             Requested size: 426.79134pt x 154.4901pt.
<content/img/loop_surface_currents_offset_rotation_100MHz.png, id=1480, 1541.00
719pt x 557.83406pt>
File: content/img/loop_surface_currents_offset_rotation_100MHz.png Graphic file
 (type png)
<use content/img/loop_surface_currents_offset_rotation_100MHz.png>
Package pdftex.def Info: content/img/loop_surface_currents_offset_rotation_100M
Hz.png  used on input line 807.
(pdftex.def)             Requested size: 426.79134pt x 154.4901pt.

LaTeX Warning: Command \textdegree invalid in math mode on input line 808.


LaTeX Warning: Command \textdegree invalid in math mode on input line 808.

Missing character: There is no  in font cmr10!

LaTeX Warning: Command \textdegree invalid in math mode on input line 808.


LaTeX Warning: Command \textdegree invalid in math mode on input line 808.

Missing character: There is no  in font cmr10!
<content/img/loop_surface_currents_offset_rotation_3GHz3.png, id=1481, 1541.007
19pt x 557.83406pt>
File: content/img/loop_surface_currents_offset_rotation_3GHz3.png Graphic file 
(type png)
<use content/img/loop_surface_currents_offset_rotation_3GHz3.png>
Package pdftex.def Info: content/img/loop_surface_currents_offset_rotation_3GHz
3.png  used on input line 816.
(pdftex.def)             Requested size: 426.79134pt x 154.4901pt.

LaTeX Warning: Command \textdegree invalid in math mode on input line 817.


LaTeX Warning: Command \textdegree invalid in math mode on input line 817.

Missing character: There is no  in font cmr10!

LaTeX Warning: Command \textdegree invalid in math mode on input line 817.


LaTeX Warning: Command \textdegree invalid in math mode on input line 817.

Missing character: There is no  in font cmr10!
<content/img/loop_surface_currents_offset_rotation_3GHz3_plot.png, id=1482, 159
4.06972pt x 1129.47685pt>
File: content/img/loop_surface_currents_offset_rotation_3GHz3_plot.png Graphic 
file (type png)
<use content/img/loop_surface_currents_offset_rotation_3GHz3_plot.png>
Package pdftex.def Info: content/img/loop_surface_currents_offset_rotation_3GHz
3_plot.png  used on input line 827.
(pdftex.def)             Requested size: 298.75262pt x 211.67297pt.
[52 <./content/img/loop_eqc_moments.png>] [53 <./content/img/loop_surface_curre
nts.png> <./content/img/loop_surface_currents_offset_rotation_100MHz.png> <./co
ntent/img/loop_surface_currents_offset_rotation_3GHz3.png>]
<content/img/loop-geomg-comp.png, id=1506, 1686.98828pt x 1181.09828pt>
File: content/img/loop-geomg-comp.png Graphic file (type png)
<use content/img/loop-geomg-comp.png>
Package pdftex.def Info: content/img/loop-geomg-comp.png  used on input line 93
1.
(pdftex.def)             Requested size: 204.85802pt x 143.41975pt.
<content/img/loop-geom-power.png, id=1507, 1594.06972pt x 1181.09828pt>
File: content/img/loop-geom-power.png Graphic file (type png)
<use content/img/loop-geom-power.png>
Package pdftex.def Info: content/img/loop-geom-power.png  used on input line 93
8.
(pdftex.def)             Requested size: 204.85802pt x 151.782pt.
 [54 <./content/img/loop_surface_currents_offset_rotation_3GHz3_plot.png>]
<content/img/gapped_loop_antenna.png, id=1514, 1132.98282pt x 792.71156pt>
File: content/img/gapped_loop_antenna.png Graphic file (type png)
<use content/img/gapped_loop_antenna.png>
Package pdftex.def Info: content/img/gapped_loop_antenna.png  used on input lin
e 958.
(pdftex.def)             Requested size: 213.39566pt x 149.29831pt.
 [55 <./content/img/loop-geomg-comp.png> <./content/img/loop-geom-power.png> <.
/content/img/gapped_loop_antenna.png>]
<content/img/gapped_loop_moments.png, id=1530, 1594.06972pt x 1181.09828pt>
File: content/img/gapped_loop_moments.png Graphic file (type png)
<use content/img/gapped_loop_moments.png>
Package pdftex.def Info: content/img/gapped_loop_moments.png  used on input lin
e 987.
(pdftex.def)             Requested size: 204.85802pt x 151.782pt.
<content/img/gapped_loop_phase.png, id=1531, 1593.38142pt x 1181.09828pt>
File: content/img/gapped_loop_phase.png Graphic file (type png)
<use content/img/gapped_loop_phase.png>
Package pdftex.def Info: content/img/gapped_loop_phase.png  used on input line 
994.
(pdftex.def)             Requested size: 204.85802pt x 151.83606pt.
<content/img/gapped_loop_comp_moments_gap_sweep.png, id=1534, 1600.26428pt x 11
81.09828pt>
File: content/img/gapped_loop_comp_moments_gap_sweep.png Graphic file (type png
)
<use content/img/gapped_loop_comp_moments_gap_sweep.png>
Package pdftex.def Info: content/img/gapped_loop_comp_moments_gap_sweep.png  us
ed on input line 1011.
(pdftex.def)             Requested size: 204.85802pt x 151.18727pt.
<content/img/gapped_loop_comp_power_gap_sweep.png, id=1535, 1594.06972pt x 1129
.47685pt>
File: content/img/gapped_loop_comp_power_gap_sweep.png Graphic file (type png)
<use content/img/gapped_loop_comp_power_gap_sweep.png>
Package pdftex.def Info: content/img/gapped_loop_comp_power_gap_sweep.png  used
 on input line 1018.
(pdftex.def)             Requested size: 204.85802pt x 145.14816pt.
 [56]
<content/img/gapped_loop_opower.png, id=1542, 1594.06972pt x 1181.09828pt>
File: content/img/gapped_loop_opower.png Graphic file (type png)
<use content/img/gapped_loop_opower.png>
Package pdftex.def Info: content/img/gapped_loop_opower.png  used on input line
 1037.
(pdftex.def)             Requested size: 204.85802pt x 151.782pt.
<content/img/gapped_loop_voltage.png, id=1543, 1594.06972pt x 1181.09828pt>
File: content/img/gapped_loop_voltage.png Graphic file (type png)
<use content/img/gapped_loop_voltage.png>
Package pdftex.def Info: content/img/gapped_loop_voltage.png  used on input lin
e 1044.
(pdftex.def)             Requested size: 204.85802pt x 151.782pt.
<content/img/gapped_loop_current.png, id=1544, 1593.38142pt x 1129.47685pt>
File: content/img/gapped_loop_current.png Graphic file (type png)
<use content/img/gapped_loop_current.png>
Package pdftex.def Info: content/img/gapped_loop_current.png  used on input lin
e 1059.
(pdftex.def)             Requested size: 204.85802pt x 145.19987pt.
<content/img/gapped_loop_imp.png, id=1545, 1594.06972pt x 1181.09828pt>
File: content/img/gapped_loop_imp.png Graphic file (type png)
<use content/img/gapped_loop_imp.png>
Package pdftex.def Info: content/img/gapped_loop_imp.png  used on input line 10
66.
(pdftex.def)             Requested size: 204.85802pt x 151.782pt.


LaTeX Warning: Reference `fig:gappedloopim' on page 57 undefined on input line 
1075.

[57 <./content/img/gapped_loop_moments.png> <./content/img/gapped_loop_phase.pn
g> <./content/img/gapped_loop_comp_moments_gap_sweep.png> <./content/img/gapped
_loop_comp_power_gap_sweep.png>]
<content/img/inverted_f_antenna.png, id=1556, 2016.78468pt x 784.43062pt>
File: content/img/inverted_f_antenna.png Graphic file (type png)
<use content/img/inverted_f_antenna.png>
Package pdftex.def Info: content/img/inverted_f_antenna.png  used on input line
 1088.
(pdftex.def)             Requested size: 320.09349pt x 124.49405pt.


LaTeX Warning: `h' float specifier changed to `ht'.

<content/img/inverted_f_dipoles.png, id=1557, 278.11905pt x 175.97745pt>
File: content/img/inverted_f_dipoles.png Graphic file (type png)
<use content/img/inverted_f_dipoles.png>
Package pdftex.def Info: content/img/inverted_f_dipoles.png  used on input line
 1100.
(pdftex.def)             Requested size: 204.85802pt x 129.62514pt.
<content/img/inverted_f_dipoles_phase.png, id=1558, 271.7352pt x 185.493pt>
File: content/img/inverted_f_dipoles_phase.png Graphic file (type png)
<use content/img/inverted_f_dipoles_phase.png>
Package pdftex.def Info: content/img/inverted_f_dipoles_phase.png  used on inpu
t line 1107.
(pdftex.def)             Requested size: 194.61449pt x 132.84724pt.
<content/img/inverted_f_opower.png, id=1559, 271.7352pt x 175.97745pt>
File: content/img/inverted_f_opower.png Graphic file (type png)
<use content/img/inverted_f_opower.png>
Package pdftex.def Info: content/img/inverted_f_opower.png  used on input line 
1118.
(pdftex.def)             Requested size: 298.75262pt x 193.48448pt.

LaTeX Warning: `h' float specifier changed to `ht'.

<content/img/inverted_f_current.png, id=1560, 276.7941pt x 175.97745pt>
File: content/img/inverted_f_current.png Graphic file (type png)
<use content/img/inverted_f_current.png>
Package pdftex.def Info: content/img/inverted_f_current.png  used on input line
 1128.
(pdftex.def)             Requested size: 204.85802pt x 130.24811pt.
<content/img/inverted_f_voltage.png, id=1561, 276.7941pt x 175.97745pt>
File: content/img/inverted_f_voltage.png Graphic file (type png)
<use content/img/inverted_f_voltage.png>
Package pdftex.def Info: content/img/inverted_f_voltage.png  used on input line
 1135.
(pdftex.def)             Requested size: 204.85802pt x 130.24811pt.
<content/img/inverted_f_impedance.png, id=1562, 271.61475pt x 175.97745pt>
File: content/img/inverted_f_impedance.png Graphic file (type png)
<use content/img/inverted_f_impedance.png>
Package pdftex.def Info: content/img/inverted_f_impedance.png  used on input li
ne 1146.
(pdftex.def)             Requested size: 298.75262pt x 193.57309pt.

LaTeX Warning: `h' float specifier changed to `ht'.


LaTeX Warning: Reference `fig:dipole_moments_over_freq_ifa' on page 58 undefine
d on input line 1154.

[58 <./content/img/gapped_loop_opower.png> <./content/img/gapped_loop_voltage.p
ng> <./content/img/gapped_loop_current.png> <./content/img/gapped_loop_imp.png>
]

LaTeX Warning: Reference `fig:phase_shift_90_ifa' on page 59 undefined on input
 line 1160.


LaTeX Warning: Reference `fig:phase_shift_90_ifa' on page 59 undefined on input
 line 1160.


LaTeX Warning: Reference `dipole_moments_ifa_90' on page 59 undefined on input 
line 1163.


LaTeX Warning: Reference `eqn:e0z_mse' on page 59 undefined on input line 1165.



LaTeX Warning: Reference `eqn:e0z_mse' on page 59 undefined on input line 1165.


[59 <./content/img/inverted_f_antenna.png> <./content/img/inverted_f_dipoles.pn
g> <./content/img/inverted_f_dipoles_phase.png>] [60 <./content/img/inverted_f_
opower.png> <./content/img/inverted_f_current.png> <./content/img/inverted_f_vo
ltage.png>] [61 <./content/img/inverted_f_impedance.png>]
<content/img/center_fed_monopole.png, id=1598, 1132.98282pt x 1738.24406pt>
File: content/img/center_fed_monopole.png Graphic file (type png)
<use content/img/center_fed_monopole.png>
Package pdftex.def Info: content/img/center_fed_monopole.png  used on input lin
e 1178.
(pdftex.def)             Requested size: 128.0387pt x 196.43256pt.


LaTeX Warning: Reference `fig:forward_coeff_cfm' on page 62 undefined on input 
line 1185.

<content/img/phase_shift_cfm.png, id=1599, 271.7352pt x 185.493pt>
File: content/img/phase_shift_cfm.png Graphic file (type png)
<use content/img/phase_shift_cfm.png>
Package pdftex.def Info: content/img/phase_shift_cfm.png  used on input line 11
91.
(pdftex.def)             Requested size: 174.13055pt x 118.86511pt.
<content/img/dipole_moment_cfm.png, id=1600, 304.0158pt x 175.97745pt>
File: content/img/dipole_moment_cfm.png Graphic file (type png)
<use content/img/dipole_moment_cfm.png>
Package pdftex.def Info: content/img/dipole_moment_cfm.png  used on input line 
1198.
(pdftex.def)             Requested size: 204.85802pt x 118.5863pt.
<content/img/cfm_opower.png, id=1601, 271.7352pt x 175.97745pt>
File: content/img/cfm_opower.png Graphic file (type png)
<use content/img/cfm_opower.png>
Package pdftex.def Info: content/img/cfm_opower.png  used on input line 1210.
(pdftex.def)             Requested size: 192.0548pt x 124.37558pt.
<content/img/cfm_imp.png, id=1602, 271.61475pt x 175.97745pt>
File: content/img/cfm_imp.png Graphic file (type png)
<use content/img/cfm_imp.png>
Package pdftex.def Info: content/img/cfm_imp.png  used on input line 1217.
(pdftex.def)             Requested size: 192.0548pt x 124.43198pt.

Underfull \hbox (badness 1454) in paragraph at lines 1218--1218
[]\OT1/cmr/bx/n/10.95 Figure 5.41 |\OT1/cmr/m/n/10.95 Mag-ni-tude and phase
 []


Underfull \hbox (badness 10000) in paragraph at lines 1218--1218
\OT1/cmr/m/n/10.95 of center-fed monopole an-tenna's
 []

<content/img/cfm_voltage.png, id=1604, 276.7941pt x 179.7114pt>
File: content/img/cfm_voltage.png Graphic file (type png)
<use content/img/cfm_voltage.png>
Package pdftex.def Info: content/img/cfm_voltage.png  used on input line 1231.
(pdftex.def)             Requested size: 204.85802pt x 133.01175pt.
<content/img/cfm_current.png, id=1605, 276.7941pt x 179.7114pt>
File: content/img/cfm_current.png Graphic file (type png)
<use content/img/cfm_current.png>
Package pdftex.def Info: content/img/cfm_current.png  used on input line 1238.
(pdftex.def)             Requested size: 204.85802pt x 133.01175pt.

LaTeX Warning: Reference `fig:output_power_e_fields_over_freq_ifa' on page 62 u
ndefined on input line 1250.

[62

 <./content/img/center_fed_monopole.png>] [63 <./content/img/phase_shift_cfm.pn
g> <./content/img/dipole_moment_cfm.png> <./content/img/cfm_opower.png> <./cont
ent/img/cfm_imp.png> <./content/img/cfm_voltage.png> <./content/img/cfm_current
.png>]

LaTeX Warning: Reference `fig:79cfm' on page 64 undefined on input line 1253.


LaTeX Warning: Marginpar on page 64 moved.

) (./content/30_numerical_investigations/33_dipole_moments.tex
<content/img/ey_ez_coupling_comparison.png, id=1625, 764.8575pt x 501.875pt>
File: content/img/ey_ez_coupling_comparison.png Graphic file (type png)
<use content/img/ey_ez_coupling_comparison.png>
Package pdftex.def Info: content/img/ey_ez_coupling_comparison.png  used on inp
ut line 11.
(pdftex.def)             Requested size: 213.39566pt x 140.0186pt.
 [64 <./content/img/ey_ez_coupling_comparison.png>])
(./content/30_numerical_investigations/34_field_regions.tex
<content/img/kr_tem_cell.png, id=1636, 374.14781pt x 191.9672pt>
File: content/img/kr_tem_cell.png Graphic file (type png)
<use content/img/kr_tem_cell.png>
Package pdftex.def Info: content/img/kr_tem_cell.png  used on input line 8.
(pdftex.def)             Requested size: 298.75262pt x 153.28983pt.
<content/img/loop_small_tem_moments.png, id=1640, 264.86955pt x 185.493pt>
File: content/img/loop_small_tem_moments.png Graphic file (type png)
<use content/img/loop_small_tem_moments.png>
Package pdftex.def Info: content/img/loop_small_tem_moments.png  used on input 
line 21.
(pdftex.def)             Requested size: 204.85802pt x 143.46971pt.
File: content/img/dipole_moments_loop_antenna.png Graphic file (type png)
<use content/img/dipole_moments_loop_antenna.png>
Package pdftex.def Info: content/img/dipole_moments_loop_antenna.png  used on i
nput line 28.
(pdftex.def)             Requested size: 204.85802pt x 151.782pt.


LaTeX Warning: Marginpar on page 65 moved.

[65 <./content/img/kr_tem_cell.png>]
<content/img/kr_analysis_small_TEM.png, id=1653, 271.7352pt x 180.675pt>
File: content/img/kr_analysis_small_TEM.png Graphic file (type png)
<use content/img/kr_analysis_small_TEM.png>
Package pdftex.def Info: content/img/kr_analysis_small_TEM.png  used on input l
ine 45.
(pdftex.def)             Requested size: 204.85802pt x 136.20615pt.
<content/img/kr_analysis.png, id=1654, 275.71005pt x 180.675pt>
File: content/img/kr_analysis.png Graphic file (type png)
<use content/img/kr_analysis.png>
Package pdftex.def Info: content/img/kr_analysis.png  used on input line 52.
(pdftex.def)             Requested size: 204.85802pt x 134.246pt.
<content/img/output_power_comparison_small_tem.png, id=1657, 271.7352pt x 180.6
75pt>
File: content/img/output_power_comparison_small_tem.png Graphic file (type png)

<use content/img/output_power_comparison_small_tem.png>
Package pdftex.def Info: content/img/output_power_comparison_small_tem.png  use
d on input line 73.
(pdftex.def)             Requested size: 204.85802pt x 136.20615pt.
<content/img/phase_shift_comparison_small_tem.png, id=1658, 271.76532pt x 180.6
75pt>
File: content/img/phase_shift_comparison_small_tem.png Graphic file (type png)
<use content/img/phase_shift_comparison_small_tem.png>
Package pdftex.def Info: content/img/phase_shift_comparison_small_tem.png  used
 on input line 80.
(pdftex.def)             Requested size: 204.85802pt x 136.20064pt.
 [66 <./content/img/loop_small_tem_moments.png> <./content/img/kr_analysis_smal
l_TEM.png> <./content/img/kr_analysis.png>]) (./content/30_numerical_investigat
ions/35_shielding.tex
<content/img/se_zinc.png, id=1667, 1594.06972pt x 1181.09828pt>
File: content/img/se_zinc.png Graphic file (type png)
<use content/img/se_zinc.png>
Package pdftex.def Info: content/img/se_zinc.png  used on input line 7.
(pdftex.def)             Requested size: 298.75262pt x 221.34724pt.
 [67 <./content/img/output_power_comparison_small_tem.png> <./content/img/phase
_shift_comparison_small_tem.png> <./content/img/se_zinc.png>]) [68] [69

]
Overfull \hbox (25.86183pt too wide) in paragraph at lines 181--181
[]\OT1/cmr/m/n/10.95 GILBERT STRANG. \OT1/cmr/m/it/10.95 Anal-y-sis of the fi-n
ite el-e-ment method\OT1/cmr/m/n/10.95 . WELLESLEY-CAMBRIDGE
 []

[70] (./Documentation.aux)
 ***********
LaTeX2e <2023-11-01> patch level 1
L3 programming layer <2024-01-22>
 ***********


LaTeX Warning: There were undefined references.


LaTeX Warning: There were multiply-defined labels.

Package rerunfilecheck Info: File `Documentation.out' has not changed.
(rerunfilecheck)             Checksum: 800E661F500DA91CE6A8169C98FC7504;12978.

Package biblatex Warning: Please (re)run BibTeX on the file(s):
(biblatex)                Documentation
(biblatex)                and rerun LaTeX afterwards.

Package logreq Info: Writing requests to 'Documentation.run.xml'.
\openout1 = `Documentation.run.xml'.

 ) 
Here is how much of TeX's memory you used:
 53806 strings out of 474222
 1257153 string characters out of 5748733
 2190628 words of memory out of 5000000
 74963 multiletter control sequences out of 15000+600000
 575594 words of font info for 104 fonts, out of 8000000 for 9000
 1141 hyphenation exceptions out of 8191
 99i,15n,131p,1881b,2227s stack positions out of 10000i,1000n,20000p,200000b,200000s
</usr/share/texlive/texmf-dist/fonts/type1/public/amsfonts/cm/cmbx10.pfb></us
r/share/texlive/texmf-dist/fonts/type1/public/amsfonts/cm/cmbx12.pfb></usr/shar
e/texlive/texmf-dist/fonts/type1/public/amsfonts/cm/cmbx8.pfb></usr/share/texli
ve/texmf-dist/fonts/type1/public/amsfonts/cm/cmcsc10.pfb></usr/share/texlive/te
xmf-dist/fonts/type1/public/amsfonts/cm/cmex10.pfb></usr/share/texlive/texmf-di
st/fonts/type1/public/amsfonts/cm/cmmi10.pfb></usr/share/texlive/texmf-dist/fon
ts/type1/public/amsfonts/cm/cmmi6.pfb></usr/share/texlive/texmf-dist/fonts/type
1/public/amsfonts/cm/cmmi8.pfb></usr/share/texlive/texmf-dist/fonts/type1/publi
c/amsfonts/cm/cmmib10.pfb></usr/share/texlive/texmf-dist/fonts/type1/public/ams
fonts/cm/cmr10.pfb></usr/share/texlive/texmf-dist/fonts/type1/public/amsfonts/c
m/cmr6.pfb></usr/share/texlive/texmf-dist/fonts/type1/public/amsfonts/cm/cmr7.p
fb></usr/share/texlive/texmf-dist/fonts/type1/public/amsfonts/cm/cmr8.pfb></usr
/share/texlive/texmf-dist/fonts/type1/public/amsfonts/cm/cmsl10.pfb></usr/share
/texlive/texmf-dist/fonts/type1/public/amsfonts/cm/cmss10.pfb></usr/share/texli
ve/texmf-dist/fonts/type1/public/amsfonts/cm/cmssbx10.pfb></usr/share/texlive/t
exmf-dist/fonts/type1/public/amsfonts/cm/cmsy10.pfb></usr/share/texlive/texmf-d
ist/fonts/type1/public/amsfonts/cm/cmsy6.pfb></usr/share/texlive/texmf-dist/fon
ts/type1/public/amsfonts/cm/cmsy7.pfb></usr/share/texlive/texmf-dist/fonts/type
1/public/amsfonts/cm/cmsy8.pfb></usr/share/texlive/texmf-dist/fonts/type1/publi
c/amsfonts/cm/cmti10.pfb></usr/share/texlive/texmf-dist/fonts/type1/public/amsf
onts/cm/cmtt10.pfb></usr/share/texlive/texmf-dist/fonts/type1/public/esint-type
1/esint10.pfb></usr/share/texlive/texmf-dist/fonts/type1/public/amsfonts/euler/
eurm10.pfb></usr/share/texmf/fonts/type1/public/cm-super/sfrm1095.pfb>
Output written on Documentation.pdf (78 pages, 14611374 bytes).
PDF statistics:
 1929 PDF objects out of 2073 (max. 8388607)
 1592 compressed objects within 16 object streams
 473 named destinations out of 1000 (max. 500000)
 1050 words of extra memory for PDF output out of 10000 (max. 10000000)

