This is pdfTeX, Version 3.141592653-2.6-1.40.26 (TeX Live 2025/dev/Debian) (preloaded format=pdflatex 2025.12.23)  23 DEC 2025 15:47
entering extended mode
 restricted \write18 enabled.
 %&-line parsing enabled.
**Documentation.tex
(./Documentation.tex
LaTeX2e <2024-11-01> patch level 2
L3 programming layer <2025-01-18>
(/usr/share/texlive/texmf-dist/tex/latex/base/article.cls
Document Class: article 2024/06/29 v1.4n Standard LaTeX document class
(/usr/share/texlive/texmf-dist/tex/latex/base/size11.clo
File: size11.clo 2024/06/29 v1.4n Standard LaTeX file (size option)
)
\c@part=\count196
\c@section=\count197
\c@subsection=\count198
\c@subsubsection=\count199
\c@paragraph=\count266
\c@subparagraph=\count267
\c@figure=\count268
\c@table=\count269
\abovecaptionskip=\skip49
\belowcaptionskip=\skip50
\bibindent=\dimen141
)
(/usr/share/texlive/texmf-dist/tex/generic/babel/babel.sty
Package: babel 2025/02/14 v25.4 The multilingual framework for pdfLaTeX, LuaLaT
eX and XeLaTeX
\babel@savecnt=\count270
\U@D=\dimen142
\l@unhyphenated=\language90

(/usr/share/texlive/texmf-dist/tex/generic/babel/txtbabel.def)
\bbl@readstream=\read2
\bbl@dirlevel=\count271

(/usr/share/texlive/texmf-dist/tex/generic/babel-english/english.ldf
Language: english 2017/06/06 v3.3r English support from the babel system
Package babel Info: Hyphen rules for 'canadian' set to \l@english
(babel)             (\language0). Reported on input line 102.
Package babel Info: Hyphen rules for 'australian' set to \l@ukenglish
(babel)             (\language68). Reported on input line 105.
Package babel Info: Hyphen rules for 'newzealand' set to \l@ukenglish
(babel)             (\language68). Reported on input line 108.
))
(/usr/share/texlive/texmf-dist/tex/generic/babel/locale/en/babel-english.tex
Package babel Info: Importing font and identification data for english
(babel)             from babel-en.ini. Reported on input line 11.
)
(/usr/share/texlive/texmf-dist/tex/latex/amsmath/amsmath.sty
Package: amsmath 2024/11/05 v2.17t AMS math features
\@mathmargin=\skip51

For additional information on amsmath, use the `?' option.
(/usr/share/texlive/texmf-dist/tex/latex/amsmath/amstext.sty
Package: amstext 2021/08/26 v2.01 AMS text

(/usr/share/texlive/texmf-dist/tex/latex/amsmath/amsgen.sty
File: amsgen.sty 1999/11/30 v2.0 generic functions
\@emptytoks=\toks17
\ex@=\dimen143
))
(/usr/share/texlive/texmf-dist/tex/latex/amsmath/amsbsy.sty
Package: amsbsy 1999/11/29 v1.2d Bold Symbols
\pmbraise@=\dimen144
)
(/usr/share/texlive/texmf-dist/tex/latex/amsmath/amsopn.sty
Package: amsopn 2022/04/08 v2.04 operator names
)
\inf@bad=\count272
LaTeX Info: Redefining \frac on input line 233.
\uproot@=\count273
\leftroot@=\count274
LaTeX Info: Redefining \overline on input line 398.
LaTeX Info: Redefining \colon on input line 409.
\classnum@=\count275
\DOTSCASE@=\count276
LaTeX Info: Redefining \ldots on input line 495.
LaTeX Info: Redefining \dots on input line 498.
LaTeX Info: Redefining \cdots on input line 619.
\Mathstrutbox@=\box52
\strutbox@=\box53
LaTeX Info: Redefining \big on input line 721.
LaTeX Info: Redefining \Big on input line 722.
LaTeX Info: Redefining \bigg on input line 723.
LaTeX Info: Redefining \Bigg on input line 724.
\big@size=\dimen145
LaTeX Font Info:    Redeclaring font encoding OML on input line 742.
LaTeX Font Info:    Redeclaring font encoding OMS on input line 743.
\macc@depth=\count277
LaTeX Info: Redefining \bmod on input line 904.
LaTeX Info: Redefining \pmod on input line 909.
LaTeX Info: Redefining \smash on input line 939.
LaTeX Info: Redefining \relbar on input line 969.
LaTeX Info: Redefining \Relbar on input line 970.
\c@MaxMatrixCols=\count278
\dotsspace@=\muskip17
\c@parentequation=\count279
\dspbrk@lvl=\count280
\tag@help=\toks18
\row@=\count281
\column@=\count282
\maxfields@=\count283
\andhelp@=\toks19
\eqnshift@=\dimen146
\alignsep@=\dimen147
\tagshift@=\dimen148
\tagwidth@=\dimen149
\totwidth@=\dimen150
\lineht@=\dimen151
\@envbody=\toks20
\multlinegap=\skip52
\multlinetaggap=\skip53
\mathdisplay@stack=\toks21
LaTeX Info: Redefining \[ on input line 2953.
LaTeX Info: Redefining \] on input line 2954.
)
(/usr/share/texlive/texmf-dist/tex/latex/amsfonts/amssymb.sty
Package: amssymb 2013/01/14 v3.01 AMS font symbols

(/usr/share/texlive/texmf-dist/tex/latex/amsfonts/amsfonts.sty
Package: amsfonts 2013/01/14 v3.01 Basic AMSFonts support
\symAMSa=\mathgroup4
\symAMSb=\mathgroup5
LaTeX Font Info:    Redeclaring math symbol \hbar on input line 98.
LaTeX Font Info:    Overwriting math alphabet `\mathfrak' in version `bold'
(Font)                  U/euf/m/n --> U/euf/b/n on input line 106.
))
(/usr/share/texlive/texmf-dist/tex/latex/graphics/graphicx.sty
Package: graphicx 2021/09/16 v1.2d Enhanced LaTeX Graphics (DPC,SPQR)

(/usr/share/texlive/texmf-dist/tex/latex/graphics/keyval.sty
Package: keyval 2022/05/29 v1.15 key=value parser (DPC)
\KV@toks@=\toks22
)
(/usr/share/texlive/texmf-dist/tex/latex/graphics/graphics.sty
Package: graphics 2024/08/06 v1.4g Standard LaTeX Graphics (DPC,SPQR)

(/usr/share/texlive/texmf-dist/tex/latex/graphics/trig.sty
Package: trig 2023/12/02 v1.11 sin cos tan (DPC)
)
(/usr/share/texlive/texmf-dist/tex/latex/graphics-cfg/graphics.cfg
File: graphics.cfg 2016/06/04 v1.11 sample graphics configuration
)
Package graphics Info: Driver file: pdftex.def on input line 106.

(/usr/share/texlive/texmf-dist/tex/latex/graphics-def/pdftex.def
File: pdftex.def 2024/04/13 v1.2c Graphics/color driver for pdftex
))
\Gin@req@height=\dimen152
\Gin@req@width=\dimen153
)
(/usr/share/texlive/texmf-dist/tex/latex/parskip/parskip.sty
Package: parskip 2021-03-14 v2.0h non-zero parskip adjustments

(/usr/share/texlive/texmf-dist/tex/latex/kvoptions/kvoptions.sty
Package: kvoptions 2022-06-15 v3.15 Key value format for package options (HO)

(/usr/share/texlive/texmf-dist/tex/generic/ltxcmds/ltxcmds.sty
Package: ltxcmds 2023-12-04 v1.26 LaTeX kernel commands for general use (HO)
)
(/usr/share/texlive/texmf-dist/tex/latex/kvsetkeys/kvsetkeys.sty
Package: kvsetkeys 2022-10-05 v1.19 Key value parser (HO)
))
(/usr/share/texlive/texmf-dist/tex/latex/etoolbox/etoolbox.sty
Package: etoolbox 2025/02/11 v2.5l e-TeX tools for LaTeX (JAW)
\etb@tempcnta=\count284
))
(/usr/share/texlive/texmf-dist/tex/latex/float/float.sty
Package: float 2001/11/08 v1.3d Float enhancements (AL)
\c@float@type=\count285
\float@exts=\toks23
\float@box=\box54
\@float@everytoks=\toks24
\@floatcapt=\box55
)
(/usr/share/texlive/texmf-dist/tex/latex/tools/tabularx.sty
Package: tabularx 2023/12/11 v2.12a `tabularx' package (DPC)

(/usr/share/texlive/texmf-dist/tex/latex/tools/array.sty
Package: array 2024/10/17 v2.6g Tabular extension package (FMi)
\col@sep=\dimen154
\ar@mcellbox=\box56
\extrarowheight=\dimen155
\NC@list=\toks25
\extratabsurround=\skip54
\backup@length=\skip55
\ar@cellbox=\box57
)
\TX@col@width=\dimen156
\TX@old@table=\dimen157
\TX@old@col=\dimen158
\TX@target=\dimen159
\TX@delta=\dimen160
\TX@cols=\count286
\TX@ftn=\toks26
)
(/usr/share/texlive/texmf-dist/tex/latex/placeins/placeins.sty
Package: placeins 2005/04/18  v 2.2
)
(/usr/share/texlive/texmf-dist/tex/latex/esint/esint.sty
Package: esint 
\symlargesymbolsA=\mathgroup6
)
(/usr/share/texlive/texmf-dist/tex/latex/pdfpages/pdfpages.sty
Package: pdfpages 2025/01/30 v0.6e Insert pages of external PDF documents (AM)

(/usr/share/texlive/texmf-dist/tex/latex/base/ifthen.sty
Package: ifthen 2024/03/16 v1.1e Standard LaTeX ifthen package (DPC)
)
(/usr/share/texlive/texmf-dist/tex/latex/tools/calc.sty
Package: calc 2023/07/08 v4.3 Infix arithmetic (KKT,FJ)
\calc@Acount=\count287
\calc@Bcount=\count288
\calc@Adimen=\dimen161
\calc@Bdimen=\dimen162
\calc@Askip=\skip56
\calc@Bskip=\skip57
LaTeX Info: Redefining \setlength on input line 80.
LaTeX Info: Redefining \addtolength on input line 81.
\calc@Ccount=\count289
\calc@Cskip=\skip58
)
(/usr/share/texlive/texmf-dist/tex/latex/eso-pic/eso-pic.sty
Package: eso-pic 2023/05/03 v3.0c eso-pic (RN)
\ESO@tempdima=\dimen163
\ESO@tempdimb=\dimen164

(/usr/share/texlive/texmf-dist/tex/latex/xcolor/xcolor.sty
Package: xcolor 2024/09/29 v3.02 LaTeX color extensions (UK)

(/usr/share/texlive/texmf-dist/tex/latex/graphics-cfg/color.cfg
File: color.cfg 2016/01/02 v1.6 sample color configuration
)
Package xcolor Info: Driver file: pdftex.def on input line 274.

(/usr/share/texlive/texmf-dist/tex/latex/graphics/mathcolor.ltx)
Package xcolor Info: Model `cmy' substituted by `cmy0' on input line 1349.
Package xcolor Info: Model `hsb' substituted by `rgb' on input line 1353.
Package xcolor Info: Model `RGB' extended on input line 1365.
Package xcolor Info: Model `HTML' substituted by `rgb' on input line 1367.
Package xcolor Info: Model `Hsb' substituted by `hsb' on input line 1368.
Package xcolor Info: Model `tHsb' substituted by `hsb' on input line 1369.
Package xcolor Info: Model `HSB' substituted by `hsb' on input line 1370.
Package xcolor Info: Model `Gray' substituted by `gray' on input line 1371.
Package xcolor Info: Model `wave' substituted by `hsb' on input line 1372.
))
\AM@pagewidth=\dimen165
\AM@pageheight=\dimen166
\AM@fboxrule=\dimen167

(/usr/share/texlive/texmf-dist/tex/latex/pdfpages/pppdftex.def
File: pppdftex.def 2025/01/30 v0.6e Pdfpages driver for pdfTeX (AM)
)
\pdfpages@includegraphics@status=\count290
\AM@pagebox=\box58
\AM@global@opts=\toks27
\AM@pagecnt=\count291
\AM@toc@title=\toks28
\AM@lof@heading=\toks29
\c@AM@survey=\count292
\AM@templatesizebox=\box59
)
(/usr/share/texlive/texmf-dist/tex/latex/url/url.sty
\Urlmuskip=\muskip18
Package: url 2013/09/16  ver 3.4  Verb mode for urls, etc.
)
(/usr/share/texlive/texmf-dist/tex/latex/multirow/multirow.sty
Package: multirow 2024/11/12 v2.9 Span multiple rows of a table
\multirow@colwidth=\skip59
\multirow@cntb=\count293
\multirow@dima=\skip60
\bigstrutjot=\dimen168
)
(/usr/share/texlive/texmf-dist/tex/latex/hyperref/hyperref.sty
Package: hyperref 2024-11-05 v7.01l Hypertext links for LaTeX

(/usr/share/texlive/texmf-dist/tex/generic/iftex/iftex.sty
Package: iftex 2024/12/12 v1.0g TeX engine tests
)
(/usr/share/texlive/texmf-dist/tex/generic/kvdefinekeys/kvdefinekeys.sty
Package: kvdefinekeys 2019-12-19 v1.6 Define keys (HO)
)
(/usr/share/texlive/texmf-dist/tex/generic/pdfescape/pdfescape.sty
Package: pdfescape 2019/12/09 v1.15 Implements pdfTeX's escape features (HO)

(/usr/share/texlive/texmf-dist/tex/generic/pdftexcmds/pdftexcmds.sty
Package: pdftexcmds 2020-06-27 v0.33 Utility functions of pdfTeX for LuaTeX (HO
)

(/usr/share/texlive/texmf-dist/tex/generic/infwarerr/infwarerr.sty
Package: infwarerr 2019/12/03 v1.5 Providing info/warning/error messages (HO)
)
Package pdftexcmds Info: \pdf@primitive is available.
Package pdftexcmds Info: \pdf@ifprimitive is available.
Package pdftexcmds Info: \pdfdraftmode found.
))
(/usr/share/texlive/texmf-dist/tex/latex/hycolor/hycolor.sty
Package: hycolor 2020-01-27 v1.10 Color options for hyperref/bookmark (HO)
)
(/usr/share/texlive/texmf-dist/tex/latex/hyperref/nameref.sty
Package: nameref 2023-11-26 v2.56 Cross-referencing by name of section

(/usr/share/texlive/texmf-dist/tex/latex/refcount/refcount.sty
Package: refcount 2019/12/15 v3.6 Data extraction from label references (HO)
)
(/usr/share/texlive/texmf-dist/tex/generic/gettitlestring/gettitlestring.sty
Package: gettitlestring 2019/12/15 v1.6 Cleanup title references (HO)
)
\c@section@level=\count294
)
(/usr/share/texlive/texmf-dist/tex/generic/stringenc/stringenc.sty
Package: stringenc 2019/11/29 v1.12 Convert strings between diff. encodings (HO
)
)
\@linkdim=\dimen169
\Hy@linkcounter=\count295
\Hy@pagecounter=\count296

(/usr/share/texlive/texmf-dist/tex/latex/hyperref/pd1enc.def
File: pd1enc.def 2024-11-05 v7.01l Hyperref: PDFDocEncoding definition (HO)
Now handling font encoding PD1 ...
... no UTF-8 mapping file for font encoding PD1
)
(/usr/share/texlive/texmf-dist/tex/generic/intcalc/intcalc.sty
Package: intcalc 2019/12/15 v1.3 Expandable calculations with integers (HO)
)
\Hy@SavedSpaceFactor=\count297

(/usr/share/texlive/texmf-dist/tex/latex/hyperref/puenc.def
File: puenc.def 2024-11-05 v7.01l Hyperref: PDF Unicode definition (HO)
Now handling font encoding PU ...
... no UTF-8 mapping file for font encoding PU
)
Package hyperref Info: Option `colorlinks' set `true' on input line 4040.
Package hyperref Info: Hyper figures OFF on input line 4157.
Package hyperref Info: Link nesting OFF on input line 4162.
Package hyperref Info: Hyper index ON on input line 4165.
Package hyperref Info: Plain pages OFF on input line 4172.
Package hyperref Info: Backreferencing OFF on input line 4177.
Package hyperref Info: Implicit mode ON; LaTeX internals redefined.
Package hyperref Info: Bookmarks ON on input line 4424.
\c@Hy@tempcnt=\count298
LaTeX Info: Redefining \url on input line 4763.
\XeTeXLinkMargin=\dimen170

(/usr/share/texlive/texmf-dist/tex/generic/bitset/bitset.sty
Package: bitset 2019/12/09 v1.3 Handle bit-vector datatype (HO)

(/usr/share/texlive/texmf-dist/tex/generic/bigintcalc/bigintcalc.sty
Package: bigintcalc 2019/12/15 v1.5 Expandable calculations on big integers (HO
)
))
\Fld@menulength=\count299
\Field@Width=\dimen171
\Fld@charsize=\dimen172
Package hyperref Info: Hyper figures OFF on input line 6042.
Package hyperref Info: Link nesting OFF on input line 6047.
Package hyperref Info: Hyper index ON on input line 6050.
Package hyperref Info: backreferencing OFF on input line 6057.
Package hyperref Info: Link coloring ON on input line 6060.
Package hyperref Info: Link coloring with OCG OFF on input line 6067.
Package hyperref Info: PDF/A mode OFF on input line 6072.

(/usr/share/texlive/texmf-dist/tex/latex/base/atbegshi-ltx.sty
Package: atbegshi-ltx 2021/01/10 v1.0c Emulation of the original atbegshi
package with kernel methods
)
\Hy@abspage=\count300
\c@Item=\count301
\c@Hfootnote=\count302
)
Package hyperref Info: Driver (autodetected): hpdftex.

(/usr/share/texlive/texmf-dist/tex/latex/hyperref/hpdftex.def
File: hpdftex.def 2024-11-05 v7.01l Hyperref driver for pdfTeX

(/usr/share/texlive/texmf-dist/tex/latex/base/atveryend-ltx.sty
Package: atveryend-ltx 2020/08/19 v1.0a Emulation of the original atveryend pac
kage
with kernel methods
)
\Fld@listcount=\count303
\c@bookmark@seq@number=\count304

(/usr/share/texlive/texmf-dist/tex/latex/rerunfilecheck/rerunfilecheck.sty
Package: rerunfilecheck 2022-07-10 v1.10 Rerun checks for auxiliary files (HO)

(/usr/share/texlive/texmf-dist/tex/generic/uniquecounter/uniquecounter.sty
Package: uniquecounter 2019/12/15 v1.4 Provide unlimited unique counter (HO)
)
Package uniquecounter Info: New unique counter `rerunfilecheck' on input line 2
85.
)
\Hy@SectionHShift=\skip61
)
(/usr/share/texlive/texmf-dist/tex/latex/biblatex/biblatex.sty
Package: biblatex 2024/03/21 v3.20 programmable bibliographies (PK/MW)

(/usr/share/texlive/texmf-dist/tex/latex/logreq/logreq.sty
Package: logreq 2010/08/04 v1.0 xml request logger
\lrq@indent=\count305

(/usr/share/texlive/texmf-dist/tex/latex/logreq/logreq.def
File: logreq.def 2010/08/04 v1.0 logreq spec v1.0
))
\c@tabx@nest=\count306
\c@listtotal=\count307
\c@listcount=\count308
\c@liststart=\count309
\c@liststop=\count310
\c@citecount=\count311
\c@citetotal=\count312
\c@multicitecount=\count313
\c@multicitetotal=\count314
\c@instcount=\count315
\c@maxnames=\count316
\c@minnames=\count317
\c@maxitems=\count318
\c@minitems=\count319
\c@citecounter=\count320
\c@maxcitecounter=\count321
\c@savedcitecounter=\count322
\c@uniquelist=\count323
\c@uniquename=\count324
\c@refsection=\count325
\c@refsegment=\count326
\c@maxextratitle=\count327
\c@maxextratitleyear=\count328
\c@maxextraname=\count329
\c@maxextradate=\count330
\c@maxextraalpha=\count331
\c@abbrvpenalty=\count332
\c@highnamepenalty=\count333
\c@lownamepenalty=\count334
\c@maxparens=\count335
\c@parenlevel=\count336
\blx@tempcnta=\count337
\blx@tempcntb=\count338
\blx@tempcntc=\count339
\c@blx@maxsection=\count340
\blx@maxsegment@0=\count341
\blx@notetype=\count342
\blx@parenlevel@text=\count343
\blx@parenlevel@foot=\count344
\blx@sectionciteorder@0=\count345
\blx@sectionciteorderinternal@0=\count346
\blx@entrysetcounter=\count347
\blx@biblioinstance=\count348
\labelnumberwidth=\skip62
\labelalphawidth=\skip63
\biblabelsep=\skip64
\bibitemsep=\skip65
\bibnamesep=\skip66
\bibinitsep=\skip67
\bibparsep=\skip68
\bibhang=\skip69
\blx@bcfin=\read3
\blx@bcfout=\write3
\blx@langwohyphens=\language91
\c@mincomprange=\count349
\c@maxcomprange=\count350
\c@mincompwidth=\count351
Package biblatex Info: Trying to load biblatex default data model...
Package biblatex Info: ... file 'blx-dm.def' found.

(/usr/share/texlive/texmf-dist/tex/latex/biblatex/blx-dm.def
File: blx-dm.def 2024/03/21 v3.20 biblatex datamodel (PK/MW)
)
Package biblatex Info: Trying to load biblatex style data model...
Package biblatex Info: ... file 'numeric.dbx' not found.
Package biblatex Info: Trying to load biblatex custom data model...
Package biblatex Info: ... file 'biblatex-dm.cfg' not found.
\c@afterword=\count352
\c@savedafterword=\count353
\c@annotator=\count354
\c@savedannotator=\count355
\c@author=\count356
\c@savedauthor=\count357
\c@bookauthor=\count358
\c@savedbookauthor=\count359
\c@commentator=\count360
\c@savedcommentator=\count361
\c@editor=\count362
\c@savededitor=\count363
\c@editora=\count364
\c@savededitora=\count365
\c@editorb=\count366
\c@savededitorb=\count367
\c@editorc=\count368
\c@savededitorc=\count369
\c@foreword=\count370
\c@savedforeword=\count371
\c@holder=\count372
\c@savedholder=\count373
\c@introduction=\count374
\c@savedintroduction=\count375
\c@namea=\count376
\c@savednamea=\count377
\c@nameb=\count378
\c@savednameb=\count379
\c@namec=\count380
\c@savednamec=\count381
\c@translator=\count382
\c@savedtranslator=\count383
\c@shortauthor=\count384
\c@savedshortauthor=\count385
\c@shorteditor=\count386
\c@savedshorteditor=\count387
\c@labelname=\count388
\c@savedlabelname=\count389
\c@institution=\count390
\c@savedinstitution=\count391
\c@lista=\count392
\c@savedlista=\count393
\c@listb=\count394
\c@savedlistb=\count395
\c@listc=\count396
\c@savedlistc=\count397
\c@listd=\count398
\c@savedlistd=\count399
\c@liste=\count400
\c@savedliste=\count401
\c@listf=\count402
\c@savedlistf=\count403
\c@location=\count404
\c@savedlocation=\count405
\c@organization=\count406
\c@savedorganization=\count407
\c@origlocation=\count408
\c@savedoriglocation=\count409
\c@origpublisher=\count410
\c@savedorigpublisher=\count411
\c@publisher=\count412
\c@savedpublisher=\count413
\c@language=\count414
\c@savedlanguage=\count415
\c@origlanguage=\count416
\c@savedoriglanguage=\count417
\c@pageref=\count418
\c@savedpageref=\count419
\shorthandwidth=\skip70
\shortjournalwidth=\skip71
\shortserieswidth=\skip72
\shorttitlewidth=\skip73
\shortauthorwidth=\skip74
\shorteditorwidth=\skip75
\locallabelnumberwidth=\skip76
\locallabelalphawidth=\skip77
\localshorthandwidth=\skip78
\localshortjournalwidth=\skip79
\localshortserieswidth=\skip80
\localshorttitlewidth=\skip81
\localshortauthorwidth=\skip82
\localshorteditorwidth=\skip83
Package biblatex Info: Trying to load compatibility code...
Package biblatex Info: ... file 'blx-compat.def' found.

(/usr/share/texlive/texmf-dist/tex/latex/biblatex/blx-compat.def
File: blx-compat.def 2024/03/21 v3.20 biblatex compatibility (PK/MW)
)
Package biblatex Info: Trying to load BibTeX backend compatibility...
Package biblatex Info: ... file 'blx-bibtex.def' found.

(/usr/share/texlive/texmf-dist/tex/latex/biblatex/blx-bibtex.def
File: blx-bibtex.def 2024/03/21 v3.20 biblatex compatibility (PK/MW)


Package biblatex Warning: Using fall-back bibtex backend:
(biblatex)                functionality may be reduced/unavailable.

)
Package biblatex Info: Trying to load generic definitions...
Package biblatex Info: ... file 'biblatex.def' found.
 (/usr/share/texlive/texmf-dist/tex/latex/biblatex/biblatex.def
File: biblatex.def 2024/03/21 v3.20 biblatex compatibility (PK/MW)
\c@textcitecount=\count420
\c@textcitetotal=\count421
\c@textcitemaxnames=\count422
\c@biburlbigbreakpenalty=\count423
\c@biburlbreakpenalty=\count424
\c@biburlnumpenalty=\count425
\c@biburlucpenalty=\count426
\c@biburllcpenalty=\count427
\biburlbigskip=\muskip19
\biburlnumskip=\muskip20
\biburlucskip=\muskip21
\biburllcskip=\muskip22
\c@smartand=\count428
)
Package biblatex Info: Trying to load bibliography style 'numeric'...
Package biblatex Info: ... file 'numeric.bbx' found.

(/usr/share/texlive/texmf-dist/tex/latex/biblatex/bbx/numeric.bbx
File: numeric.bbx 2024/03/21 v3.20 biblatex bibliography style (PK/MW)
Package biblatex Info: Trying to load bibliography style 'standard'...
Package biblatex Info: ... file 'standard.bbx' found.

(/usr/share/texlive/texmf-dist/tex/latex/biblatex/bbx/standard.bbx
File: standard.bbx 2024/03/21 v3.20 biblatex bibliography style (PK/MW)
\c@bbx:relatedcount=\count429
\c@bbx:relatedtotal=\count430
))
Package biblatex Info: Trying to load citation style 'numeric'...
Package biblatex Info: ... file 'numeric.cbx' found.

(/usr/share/texlive/texmf-dist/tex/latex/biblatex/cbx/numeric.cbx
File: numeric.cbx 2024/03/21 v3.20 biblatex citation style (PK/MW)
Package biblatex Info: Redefining '\cite'.
Package biblatex Info: Redefining '\parencite'.
Package biblatex Info: Redefining '\footcite'.
Package biblatex Info: Redefining '\footcitetext'.
Package biblatex Info: Redefining '\smartcite'.
Package biblatex Info: Redefining '\supercite'.
Package biblatex Info: Redefining '\textcite'.
Package biblatex Info: Redefining '\textcites'.
Package biblatex Info: Redefining '\cites'.
Package biblatex Info: Redefining '\parencites'.
Package biblatex Info: Redefining '\smartcites'.
)
Package biblatex Info: Trying to load configuration file...
Package biblatex Info: ... file 'biblatex.cfg' found.

(/usr/share/texlive/texmf-dist/tex/latex/biblatex/biblatex.cfg
File: biblatex.cfg 
)
Package biblatex Info: Input encoding 'utf8' detected.
Package biblatex Info: Document encoding is UTF8 ....

(/usr/share/texlive/texmf-dist/tex/latex/l3kernel/expl3.sty
Package: expl3 2025-01-18 L3 programming layer (loader) 

(/usr/share/texlive/texmf-dist/tex/latex/l3backend/l3backend-pdftex.def
File: l3backend-pdftex.def 2024-05-08 L3 backend support: PDF output (pdfTeX)
\l__color_backend_stack_int=\count431
\l__pdf_internal_box=\box60
))
Package biblatex Info: ... and expl3
(biblatex)             2025-01-18 L3 programming layer (loader) 
(biblatex)             is new enough (at least 2020/04/06),
(biblatex)             setting 'casechanger=expl3'.

(/usr/share/texlive/texmf-dist/tex/latex/biblatex/blx-case-expl3.sty
(/usr/share/texlive/texmf-dist/tex/latex/l3packages/xparse/xparse.sty
Package: xparse 2024-08-16 L3 Experimental document command parser
)
Package: blx-case-expl3 2024/03/21 v3.20 expl3 case changing code for biblatex
))
(/usr/share/texlive/texmf-dist/tex/latex/todonotes/todonotes.sty
Package: todonotes 2024/01/05 v1.1.7 Todonotes source and documentation.
Package: todonotes 2024/01/05

(/usr/share/texlive/texmf-dist/tex/latex/xkeyval/xkeyval.sty
Package: xkeyval 2022/06/16 v2.9 package option processing (HA)

(/usr/share/texlive/texmf-dist/tex/generic/xkeyval/xkeyval.tex
(/usr/share/texlive/texmf-dist/tex/generic/xkeyval/xkvutils.tex
\XKV@toks=\toks30
\XKV@tempa@toks=\toks31
)
\XKV@depth=\count432
File: xkeyval.tex 2014/12/03 v2.7a key=value parser (HA)
))
(/usr/share/texlive/texmf-dist/tex/latex/pgf/frontendlayer/tikz.sty
(/usr/share/texlive/texmf-dist/tex/latex/pgf/basiclayer/pgf.sty
(/usr/share/texlive/texmf-dist/tex/latex/pgf/utilities/pgfrcs.sty
(/usr/share/texlive/texmf-dist/tex/generic/pgf/utilities/pgfutil-common.tex
\pgfutil@everybye=\toks32
\pgfutil@tempdima=\dimen173
\pgfutil@tempdimb=\dimen174
)
(/usr/share/texlive/texmf-dist/tex/generic/pgf/utilities/pgfutil-latex.def
\pgfutil@abb=\box61
)
(/usr/share/texlive/texmf-dist/tex/generic/pgf/utilities/pgfrcs.code.tex
(/usr/share/texlive/texmf-dist/tex/generic/pgf/pgf.revision.tex)
Package: pgfrcs 2023-01-15 v3.1.10 (3.1.10)
))
Package: pgf 2023-01-15 v3.1.10 (3.1.10)

(/usr/share/texlive/texmf-dist/tex/latex/pgf/basiclayer/pgfcore.sty
(/usr/share/texlive/texmf-dist/tex/latex/pgf/systemlayer/pgfsys.sty
(/usr/share/texlive/texmf-dist/tex/generic/pgf/systemlayer/pgfsys.code.tex
Package: pgfsys 2023-01-15 v3.1.10 (3.1.10)

(/usr/share/texlive/texmf-dist/tex/generic/pgf/utilities/pgfkeys.code.tex
\pgfkeys@pathtoks=\toks33
\pgfkeys@temptoks=\toks34

(/usr/share/texlive/texmf-dist/tex/generic/pgf/utilities/pgfkeyslibraryfiltered
.code.tex
\pgfkeys@tmptoks=\toks35
))
\pgf@x=\dimen175
\pgf@y=\dimen176
\pgf@xa=\dimen177
\pgf@ya=\dimen178
\pgf@xb=\dimen179
\pgf@yb=\dimen180
\pgf@xc=\dimen181
\pgf@yc=\dimen182
\pgf@xd=\dimen183
\pgf@yd=\dimen184
\w@pgf@writea=\write4
\r@pgf@reada=\read4
\c@pgf@counta=\count433
\c@pgf@countb=\count434
\c@pgf@countc=\count435
\c@pgf@countd=\count436
\t@pgf@toka=\toks36
\t@pgf@tokb=\toks37
\t@pgf@tokc=\toks38
\pgf@sys@id@count=\count437
 (/usr/share/texlive/texmf-dist/tex/generic/pgf/systemlayer/pgf.cfg
File: pgf.cfg 2023-01-15 v3.1.10 (3.1.10)
)
Driver file for pgf: pgfsys-pdftex.def
(/usr/share/texlive/texmf-dist/tex/generic/pgf/systemlayer/pgfsys-pdftex.def
File: pgfsys-pdftex.def 2023-01-15 v3.1.10 (3.1.10)

(/usr/share/texlive/texmf-dist/tex/generic/pgf/systemlayer/pgfsys-common-pdf.de
f
File: pgfsys-common-pdf.def 2023-01-15 v3.1.10 (3.1.10)
)))
(/usr/share/texlive/texmf-dist/tex/generic/pgf/systemlayer/pgfsyssoftpath.code.
tex
File: pgfsyssoftpath.code.tex 2023-01-15 v3.1.10 (3.1.10)
\pgfsyssoftpath@smallbuffer@items=\count438
\pgfsyssoftpath@bigbuffer@items=\count439
)
(/usr/share/texlive/texmf-dist/tex/generic/pgf/systemlayer/pgfsysprotocol.code.
tex
File: pgfsysprotocol.code.tex 2023-01-15 v3.1.10 (3.1.10)
))
(/usr/share/texlive/texmf-dist/tex/generic/pgf/basiclayer/pgfcore.code.tex
Package: pgfcore 2023-01-15 v3.1.10 (3.1.10)

(/usr/share/texlive/texmf-dist/tex/generic/pgf/math/pgfmath.code.tex
(/usr/share/texlive/texmf-dist/tex/generic/pgf/math/pgfmathutil.code.tex)
(/usr/share/texlive/texmf-dist/tex/generic/pgf/math/pgfmathparser.code.tex
\pgfmath@dimen=\dimen185
\pgfmath@count=\count440
\pgfmath@box=\box62
\pgfmath@toks=\toks39
\pgfmath@stack@operand=\toks40
\pgfmath@stack@operation=\toks41
)
(/usr/share/texlive/texmf-dist/tex/generic/pgf/math/pgfmathfunctions.code.tex)
(/usr/share/texlive/texmf-dist/tex/generic/pgf/math/pgfmathfunctions.basic.code
.tex)
(/usr/share/texlive/texmf-dist/tex/generic/pgf/math/pgfmathfunctions.trigonomet
ric.code.tex)
(/usr/share/texlive/texmf-dist/tex/generic/pgf/math/pgfmathfunctions.random.cod
e.tex)
(/usr/share/texlive/texmf-dist/tex/generic/pgf/math/pgfmathfunctions.comparison
.code.tex)
(/usr/share/texlive/texmf-dist/tex/generic/pgf/math/pgfmathfunctions.base.code.
tex)
(/usr/share/texlive/texmf-dist/tex/generic/pgf/math/pgfmathfunctions.round.code
.tex)
(/usr/share/texlive/texmf-dist/tex/generic/pgf/math/pgfmathfunctions.misc.code.
tex)
(/usr/share/texlive/texmf-dist/tex/generic/pgf/math/pgfmathfunctions.integerari
thmetics.code.tex)
(/usr/share/texlive/texmf-dist/tex/generic/pgf/math/pgfmathcalc.code.tex)
(/usr/share/texlive/texmf-dist/tex/generic/pgf/math/pgfmathfloat.code.tex
\c@pgfmathroundto@lastzeros=\count441
))
(/usr/share/texlive/texmf-dist/tex/generic/pgf/math/pgfint.code.tex)
(/usr/share/texlive/texmf-dist/tex/generic/pgf/basiclayer/pgfcorepoints.code.te
x
File: pgfcorepoints.code.tex 2023-01-15 v3.1.10 (3.1.10)
\pgf@picminx=\dimen186
\pgf@picmaxx=\dimen187
\pgf@picminy=\dimen188
\pgf@picmaxy=\dimen189
\pgf@pathminx=\dimen190
\pgf@pathmaxx=\dimen191
\pgf@pathminy=\dimen192
\pgf@pathmaxy=\dimen193
\pgf@xx=\dimen194
\pgf@xy=\dimen195
\pgf@yx=\dimen196
\pgf@yy=\dimen197
\pgf@zx=\dimen198
\pgf@zy=\dimen199
)
(/usr/share/texlive/texmf-dist/tex/generic/pgf/basiclayer/pgfcorepathconstruct.
code.tex
File: pgfcorepathconstruct.code.tex 2023-01-15 v3.1.10 (3.1.10)
\pgf@path@lastx=\dimen256
\pgf@path@lasty=\dimen257
)
(/usr/share/texlive/texmf-dist/tex/generic/pgf/basiclayer/pgfcorepathusage.code
.tex
File: pgfcorepathusage.code.tex 2023-01-15 v3.1.10 (3.1.10)
\pgf@shorten@end@additional=\dimen258
\pgf@shorten@start@additional=\dimen259
)
(/usr/share/texlive/texmf-dist/tex/generic/pgf/basiclayer/pgfcorescopes.code.te
x
File: pgfcorescopes.code.tex 2023-01-15 v3.1.10 (3.1.10)
\pgfpic=\box63
\pgf@hbox=\box64
\pgf@layerbox@main=\box65
\pgf@picture@serial@count=\count442
)
(/usr/share/texlive/texmf-dist/tex/generic/pgf/basiclayer/pgfcoregraphicstate.c
ode.tex
File: pgfcoregraphicstate.code.tex 2023-01-15 v3.1.10 (3.1.10)
\pgflinewidth=\dimen260
)
(/usr/share/texlive/texmf-dist/tex/generic/pgf/basiclayer/pgfcoretransformation
s.code.tex
File: pgfcoretransformations.code.tex 2023-01-15 v3.1.10 (3.1.10)
\pgf@pt@x=\dimen261
\pgf@pt@y=\dimen262
\pgf@pt@temp=\dimen263
)
(/usr/share/texlive/texmf-dist/tex/generic/pgf/basiclayer/pgfcorequick.code.tex
File: pgfcorequick.code.tex 2023-01-15 v3.1.10 (3.1.10)
)
(/usr/share/texlive/texmf-dist/tex/generic/pgf/basiclayer/pgfcoreobjects.code.t
ex
File: pgfcoreobjects.code.tex 2023-01-15 v3.1.10 (3.1.10)
)
(/usr/share/texlive/texmf-dist/tex/generic/pgf/basiclayer/pgfcorepathprocessing
.code.tex
File: pgfcorepathprocessing.code.tex 2023-01-15 v3.1.10 (3.1.10)
)
(/usr/share/texlive/texmf-dist/tex/generic/pgf/basiclayer/pgfcorearrows.code.te
x
File: pgfcorearrows.code.tex 2023-01-15 v3.1.10 (3.1.10)
\pgfarrowsep=\dimen264
)
(/usr/share/texlive/texmf-dist/tex/generic/pgf/basiclayer/pgfcoreshade.code.tex
File: pgfcoreshade.code.tex 2023-01-15 v3.1.10 (3.1.10)
\pgf@max=\dimen265
\pgf@sys@shading@range@num=\count443
\pgf@shadingcount=\count444
)
(/usr/share/texlive/texmf-dist/tex/generic/pgf/basiclayer/pgfcoreimage.code.tex
File: pgfcoreimage.code.tex 2023-01-15 v3.1.10 (3.1.10)
)
(/usr/share/texlive/texmf-dist/tex/generic/pgf/basiclayer/pgfcoreexternal.code.
tex
File: pgfcoreexternal.code.tex 2023-01-15 v3.1.10 (3.1.10)
\pgfexternal@startupbox=\box66
)
(/usr/share/texlive/texmf-dist/tex/generic/pgf/basiclayer/pgfcorelayers.code.te
x
File: pgfcorelayers.code.tex 2023-01-15 v3.1.10 (3.1.10)
)
(/usr/share/texlive/texmf-dist/tex/generic/pgf/basiclayer/pgfcoretransparency.c
ode.tex
File: pgfcoretransparency.code.tex 2023-01-15 v3.1.10 (3.1.10)
)
(/usr/share/texlive/texmf-dist/tex/generic/pgf/basiclayer/pgfcorepatterns.code.
tex
File: pgfcorepatterns.code.tex 2023-01-15 v3.1.10 (3.1.10)
)
(/usr/share/texlive/texmf-dist/tex/generic/pgf/basiclayer/pgfcorerdf.code.tex
File: pgfcorerdf.code.tex 2023-01-15 v3.1.10 (3.1.10)
)))
(/usr/share/texlive/texmf-dist/tex/generic/pgf/modules/pgfmoduleshapes.code.tex
File: pgfmoduleshapes.code.tex 2023-01-15 v3.1.10 (3.1.10)
\pgfnodeparttextbox=\box67
) (/usr/share/texlive/texmf-dist/tex/generic/pgf/modules/pgfmoduleplot.code.tex
File: pgfmoduleplot.code.tex 2023-01-15 v3.1.10 (3.1.10)
)
(/usr/share/texlive/texmf-dist/tex/latex/pgf/compatibility/pgfcomp-version-0-65
.sty
Package: pgfcomp-version-0-65 2023-01-15 v3.1.10 (3.1.10)
\pgf@nodesepstart=\dimen266
\pgf@nodesepend=\dimen267
)
(/usr/share/texlive/texmf-dist/tex/latex/pgf/compatibility/pgfcomp-version-1-18
.sty
Package: pgfcomp-version-1-18 2023-01-15 v3.1.10 (3.1.10)
)) (/usr/share/texlive/texmf-dist/tex/latex/pgf/utilities/pgffor.sty
(/usr/share/texlive/texmf-dist/tex/latex/pgf/utilities/pgfkeys.sty
(/usr/share/texlive/texmf-dist/tex/generic/pgf/utilities/pgfkeys.code.tex))
(/usr/share/texlive/texmf-dist/tex/latex/pgf/math/pgfmath.sty
(/usr/share/texlive/texmf-dist/tex/generic/pgf/math/pgfmath.code.tex))
(/usr/share/texlive/texmf-dist/tex/generic/pgf/utilities/pgffor.code.tex
Package: pgffor 2023-01-15 v3.1.10 (3.1.10)
\pgffor@iter=\dimen268
\pgffor@skip=\dimen269
\pgffor@stack=\toks42
\pgffor@toks=\toks43
))
(/usr/share/texlive/texmf-dist/tex/generic/pgf/frontendlayer/tikz/tikz.code.tex
Package: tikz 2023-01-15 v3.1.10 (3.1.10)

(/usr/share/texlive/texmf-dist/tex/generic/pgf/libraries/pgflibraryplothandlers
.code.tex
File: pgflibraryplothandlers.code.tex 2023-01-15 v3.1.10 (3.1.10)
\pgf@plot@mark@count=\count445
\pgfplotmarksize=\dimen270
)
\tikz@lastx=\dimen271
\tikz@lasty=\dimen272
\tikz@lastxsaved=\dimen273
\tikz@lastysaved=\dimen274
\tikz@lastmovetox=\dimen275
\tikz@lastmovetoy=\dimen276
\tikzleveldistance=\dimen277
\tikzsiblingdistance=\dimen278
\tikz@figbox=\box68
\tikz@figbox@bg=\box69
\tikz@tempbox=\box70
\tikz@tempbox@bg=\box71
\tikztreelevel=\count446
\tikznumberofchildren=\count447
\tikznumberofcurrentchild=\count448
\tikz@fig@count=\count449

(/usr/share/texlive/texmf-dist/tex/generic/pgf/modules/pgfmodulematrix.code.tex
File: pgfmodulematrix.code.tex 2023-01-15 v3.1.10 (3.1.10)
\pgfmatrixcurrentrow=\count450
\pgfmatrixcurrentcolumn=\count451
\pgf@matrix@numberofcolumns=\count452
)
\tikz@expandcount=\count453

(/usr/share/texlive/texmf-dist/tex/generic/pgf/frontendlayer/tikz/libraries/tik
zlibrarytopaths.code.tex
File: tikzlibrarytopaths.code.tex 2023-01-15 v3.1.10 (3.1.10)
)))
(/usr/share/texlive/texmf-dist/tex/generic/pgf/frontendlayer/tikz/libraries/tik
zlibrarypositioning.code.tex
File: tikzlibrarypositioning.code.tex 2023-01-15 v3.1.10 (3.1.10)
)
\c@@todonotes@numberoftodonotes=\count454
)
(/usr/share/texlive/texmf-dist/tex/latex/caption/subcaption.sty
Package: subcaption 2023/07/28 v1.6b Sub-captions (AR)

(/usr/share/texlive/texmf-dist/tex/latex/caption/caption.sty
Package: caption 2023/08/05 v3.6o Customizing captions (AR)

(/usr/share/texlive/texmf-dist/tex/latex/caption/caption3.sty
Package: caption3 2023/07/31 v2.4d caption3 kernel (AR)
\caption@tempdima=\dimen279
\captionmargin=\dimen280
\caption@leftmargin=\dimen281
\caption@rightmargin=\dimen282
\caption@width=\dimen283
\caption@indent=\dimen284
\caption@parindent=\dimen285
\caption@hangindent=\dimen286
Package caption Info: Standard document class detected.
)
\c@caption@flags=\count455
\c@continuedfloat=\count456
Package caption Info: float package is loaded.
Package caption Info: hyperref package is loaded.
)
Package caption Info: New subtype `subfigure' on input line 238.
\c@subfigure=\count457
Package caption Info: New subtype `subtable' on input line 238.
\c@subtable=\count458
)
(/usr/share/texlive/texmf-dist/tex/latex/was/upgreek.sty
Package: upgreek 2003/02/12 v2.0 (WaS)
Package upgreek Info: Using Euler Roman for upright Greek on input line 31.
\symugrf@m=\mathgroup7
LaTeX Font Info:    Overwriting symbol font `ugrf@m' in version `bold'
(Font)                  U/eur/m/n --> U/eur/b/n on input line 38.
)
(/usr/share/texlive/texmf-dist/tex/latex/circuitikz/circuitikz.sty
Package: circuitikz 2025/01/10{} The CircuiTikz circuit drawing package version
 1.7.1

(/usr/share/texlive/texmf-dist/tex/generic/pgf/frontendlayer/tikz/libraries/tik
zlibrarycalc.code.tex
File: tikzlibrarycalc.code.tex 2023-01-15 v3.1.10 (3.1.10)
)
(/usr/share/texlive/texmf-dist/tex/generic/pgf/libraries/pgflibraryarrows.meta.
code.tex
File: pgflibraryarrows.meta.code.tex 2023-01-15 v3.1.10 (3.1.10)
\pgfarrowinset=\dimen287
\pgfarrowlength=\dimen288
\pgfarrowwidth=\dimen289
\pgfarrowlinewidth=\dimen290
)
(/usr/share/texlive/texmf-dist/tex/generic/pgf/frontendlayer/tikz/libraries/tik
zlibrarybending.code.tex
File: tikzlibrarybending.code.tex 2023-01-15 v3.1.10 (3.1.10)

(/usr/share/texlive/texmf-dist/tex/generic/pgf/modules/pgfmodulebending.code.te
x
File: pgfmodulebending.code.tex 2023-01-15 v3.1.10 (3.1.10)

(/usr/share/texlive/texmf-dist/tex/generic/pgf/modules/pgfmodulenonlineartransf
ormations.code.tex
File: pgfmodulenonlineartransformations.code.tex 2023-01-15 v3.1.10 (3.1.10)
\pgftransformnonlinearflatness=\dimen291
)
(/usr/share/texlive/texmf-dist/tex/generic/pgf/libraries/pgflibrarycurvilinear.
code.tex
File: pgflibrarycurvilinear.code.tex 2023-01-15 v3.1.10 (3.1.10)
\pgf@curvilinear@time@a=\dimen292
\pgf@curvilinear@length@a=\dimen293
\pgf@curvilinear@length@b=\dimen294
\pgf@curvilinear@length@c=\dimen295
\pgf@curvilinear@length@d=\dimen296
)
\pgf@arrows@the@rigidity=\dimen297
))
(/usr/share/texlive/texmf-dist/tex/generic/pgf/frontendlayer/tikz/libraries/tik
zlibraryfpu.code.tex
(/usr/share/texlive/texmf-dist/tex/generic/pgf/libraries/pgflibraryfpu.code.tex
)) (/usr/share/texlive/texmf-dist/tex/generic/circuitikz/pgfcirc.defines.tex
\pgf@circ@count@a=\count459
\pgf@circ@count@b=\count460
\pgf@circ@count@c=\count461
\pgf@circ@res@up=\dimen298
\pgf@circ@res@down=\dimen299
\pgf@circ@res@zero=\dimen300
\pgf@circ@res@left=\dimen301
\pgf@circ@res@right=\dimen302
\pgf@circ@res@other=\dimen303
\pgf@circ@res@step=\dimen304
\pgf@circ@res@temp=\dimen305
\pgf@circ@Rlen=\dimen306
\pgf@circ@scaled@Rlen=\dimen307
\pgfstartlinewidth=\dimen308
)
(/usr/share/texlive/texmf-dist/tex/generic/circuitikz/pgfcircutils.tex
\ctikz@scratchbox=\box72
)
(/usr/share/texlive/texmf-dist/tex/generic/circuitikz/pgfcircpath.tex)
(/usr/share/texlive/texmf-dist/tex/generic/circuitikz/pgfcircshapes.tex)
(/usr/share/texlive/texmf-dist/tex/generic/circuitikz/pgfcircmonopoles.tex)
(/usr/share/texlive/texmf-dist/tex/generic/circuitikz/pgfcircbipoles.tex)
(/usr/share/texlive/texmf-dist/tex/generic/circuitikz/pgfcirctripoles.tex
\pgf@circ@res@count=\count462
)
(/usr/share/texlive/texmf-dist/tex/generic/circuitikz/pgfcircquadpoles.tex)
(/usr/share/texlive/texmf-dist/tex/generic/circuitikz/pgfcircmultipoles.tex)
(/usr/share/texlive/texmf-dist/tex/generic/circuitikz/pgfcirclabel.tex)
(/usr/share/texlive/texmf-dist/tex/generic/circuitikz/pgfcircvoltage.tex
\pgfcirc@labelshift=\dimen309
)
(/usr/share/texlive/texmf-dist/tex/generic/circuitikz/pgfcirccurrent.tex)
(/usr/share/texlive/texmf-dist/tex/generic/circuitikz/pgfcircflow.tex))
(/usr/share/texlive/texmf-dist/tex/latex/cleveref/cleveref.sty
Package: cleveref 2018/03/27 v0.21.4 Intelligent cross-referencing
Package cleveref Info: `hyperref' support loaded on input line 2370.
LaTeX Info: Redefining \cref on input line 2370.
LaTeX Info: Redefining \Cref on input line 2370.
LaTeX Info: Redefining \crefrange on input line 2370.
LaTeX Info: Redefining \Crefrange on input line 2370.
LaTeX Info: Redefining \cpageref on input line 2370.
LaTeX Info: Redefining \Cpageref on input line 2370.
LaTeX Info: Redefining \cpagerefrange on input line 2370.
LaTeX Info: Redefining \Cpagerefrange on input line 2370.
LaTeX Info: Redefining \labelcref on input line 2370.
LaTeX Info: Redefining \labelcpageref on input line 2370.
)

Package biblatex Warning: 'babel/polyglossia' detected but 'csquotes' missing.
(biblatex)                Loading 'csquotes' recommended.

\@quotelevel=\count463
\@quotereset=\count464
(./Documentation.aux)
\openout1 = `Documentation.aux'.

LaTeX Font Info:    Checking defaults for OML/cmm/m/it on input line 53.
LaTeX Font Info:    ... okay on input line 53.
LaTeX Font Info:    Checking defaults for OMS/cmsy/m/n on input line 53.
LaTeX Font Info:    ... okay on input line 53.
LaTeX Font Info:    Checking defaults for OT1/cmr/m/n on input line 53.
LaTeX Font Info:    ... okay on input line 53.
LaTeX Font Info:    Checking defaults for T1/cmr/m/n on input line 53.
LaTeX Font Info:    ... okay on input line 53.
LaTeX Font Info:    Checking defaults for TS1/cmr/m/n on input line 53.
LaTeX Font Info:    ... okay on input line 53.
LaTeX Font Info:    Checking defaults for OMX/cmex/m/n on input line 53.
LaTeX Font Info:    ... okay on input line 53.
LaTeX Font Info:    Checking defaults for U/cmr/m/n on input line 53.
LaTeX Font Info:    ... okay on input line 53.
LaTeX Font Info:    Checking defaults for PD1/pdf/m/n on input line 53.
LaTeX Font Info:    ... okay on input line 53.
LaTeX Font Info:    Checking defaults for PU/pdf/m/n on input line 53.
LaTeX Font Info:    ... okay on input line 53.

(/usr/share/texlive/texmf-dist/tex/context/base/mkii/supp-pdf.mkii
[Loading MPS to PDF converter (version 2006.09.02).]
\scratchcounter=\count465
\scratchdimen=\dimen310
\scratchbox=\box73
\nofMPsegments=\count466
\nofMParguments=\count467
\everyMPshowfont=\toks44
\MPscratchCnt=\count468
\MPscratchDim=\dimen311
\MPnumerator=\count469
\makeMPintoPDFobject=\count470
\everyMPtoPDFconversion=\toks45
) (/usr/share/texlive/texmf-dist/tex/latex/epstopdf-pkg/epstopdf-base.sty
Package: epstopdf-base 2020-01-24 v2.11 Base part for package epstopdf
Package epstopdf-base Info: Redefining graphics rule for `.eps' on input line 4
85.

(/usr/share/texlive/texmf-dist/tex/latex/latexconfig/epstopdf-sys.cfg
File: epstopdf-sys.cfg 2010/07/13 v1.3 Configuration of (r)epstopdf for TeX Liv
e
))
(/usr/share/texlive/texmf-dist/tex/latex/pdflscape/pdflscape.sty
Package: pdflscape 2022-10-27 v0.13 Display of landscape pages in PDF

(/usr/share/texlive/texmf-dist/tex/latex/pdflscape/pdflscape-nometadata.sty
Package: pdflscape-nometadata 2022-10-28 v0.13 Display of landscape pages in PD
F (HO)

(/usr/share/texlive/texmf-dist/tex/latex/graphics/lscape.sty
Package: lscape 2020/05/28 v3.02 Landscape Pages (DPC)
)
Package pdflscape Info: Auto-detected driver: pdftex on input line 81.
))
Package hyperref Info: Link coloring ON on input line 53.

(./Documentation.out) (./Documentation.out)
\@outlinefile=\write5
\openout5 = `Documentation.out'.

Package biblatex Info: Trying to load language 'english'...
Package biblatex Info: ... file 'english.lbx' found.

(/usr/share/texlive/texmf-dist/tex/latex/biblatex/lbx/english.lbx
File: english.lbx 2024/03/21 v3.20 biblatex localization (PK/MW)
)
Package biblatex Info: Input encoding 'utf8' detected.
Package biblatex Info: Automatic encoding selection.
(biblatex)             Assuming data encoding 'utf8'.
Package biblatex Info: Input encoding 'utf8' detected.
Package biblatex Info: Data encoding 'utf8' specified.
(biblatex)             No need to reencode data.
\openout3 = `Documentation-blx.bib'.

Package biblatex Info: Trying to load bibliographic data...
Package biblatex Info: ... file 'Documentation.bbl' found.

(./Documentation.bbl

Package biblatex Warning: BibTeX reported the following issues
(biblatex)                with 'Cendes_1991':
(biblatex)                - Invalid format of field 'month'.


Package biblatex Warning: BibTeX reported the following issues
(biblatex)                with 'Kreindl_Bauernfeind_Weiss_Stockreiter_Kaltenbac
her_2024':
(biblatex)                - Invalid format of field 'month'.


Package biblatex Warning: BibTeX reported the following issues
(biblatex)                with 'Kreindl_Bauernfeind_Weiss_Stockreiter_Yenumula_
Narayanan_Kaltenbacher_2022':
(biblatex)                - Invalid format of field 'month'.


Package biblatex Warning: BibTeX reported the following issues
(biblatex)                with 'Mohsen_1982':
(biblatex)                - Invalid format of field 'month'.


Package biblatex Warning: BibTeX reported the following issues
(biblatex)                with 'Shenton_Cendes_1985':
(biblatex)                - Invalid format of field 'month'.


Package biblatex Warning: BibTeX reported the following issues
(biblatex)                with 'Sreenivasiah_Chang_Ma_1981':
(biblatex)                - Invalid format of field 'month'.


Package biblatex Warning: BibTeX reported the following issues
(biblatex)                with 'Weil_Gruner_1984':
(biblatex)                - Invalid format of field 'month'.


Package biblatex Warning: BibTeX reported the following issues
(biblatex)                with 'Wilson_Ma_1986':
(biblatex)                - Invalid format of field 'month'.

)
Package biblatex Info: Reference section=0 on input line 53.
Package biblatex Info: Reference segment=0 on input line 53.
Package caption Info: Begin \AtBeginDocument code.
Package caption Info: End \AtBeginDocument code.
<content/img/TU_Graz_Logo.png, id=208, 113.223pt x 41.6757pt>
File: content/img/TU_Graz_Logo.png Graphic file (type png)
<use content/img/TU_Graz_Logo.png>
Package pdftex.def Info: content/img/TU_Graz_Logo.png  used on input line 61.
(pdftex.def)             Requested size: 85.35826pt x 31.4201pt.
<content/img/igte_logo.png, id=210, 127.0123pt x 44.96236pt>
File: content/img/igte_logo.png Graphic file (type png)
<use content/img/igte_logo.png>
Package pdftex.def Info: content/img/igte_logo.png  used on input line 99.
(pdftex.def)             Requested size: 85.35826pt x 30.21722pt.


[1

{/var/lib/texmf/fonts/map/pdftex/updmap/pdftex.map} <./content/img/TU_Graz_Logo
.png> <./content/img/igte_logo.png>]

[2

] (./Documentation.toc
LaTeX Font Info:    Trying to load font information for U+msa on input line 5.

(/usr/share/texlive/texmf-dist/tex/latex/amsfonts/umsa.fd
File: umsa.fd 2013/01/14 v3.01 AMS symbols A
)
LaTeX Font Info:    Trying to load font information for U+msb on input line 5.

(/usr/share/texlive/texmf-dist/tex/latex/amsfonts/umsb.fd
File: umsb.fd 2013/01/14 v3.01 AMS symbols B
)
LaTeX Font Info:    Trying to load font information for U+esint on input line 5
.

(/usr/share/texlive/texmf-dist/tex/latex/esint/uesint.fd
File: uesint.fd 
)

[3

])
\tf@toc=\write6
\openout6 = `Documentation.toc'.



[4] (./Documentation.lof

[5])
\tf@lof=\write7
\openout7 = `Documentation.lof'.



[6] (./Documentation.lot)
\tf@lot=\write8
\openout8 = `Documentation.lot'.



[7] (./content/00_introduction/01_introduction.tex)
(./content/10_dipoles/11_dipole.tex
Package hyperref Info: bookmark level for unknown todo defaults to 0 on input l
ine 4.

Overfull \hbox (7.79135pt too wide) in paragraph at lines 4--4
[][][]\OT1/cmr/m/n/10.95 Explanation 
 []


Overfull \hbox (7.79135pt too wide) in paragraph at lines 4--4
[][][]\OT1/cmr/m/n/10.95 Explanation 
 []



[1

]
<content/img/electric_dipole.png, id=483, 303.38344pt x 277.78781pt>
File: content/img/electric_dipole.png Graphic file (type png)
<use content/img/electric_dipole.png>
Package pdftex.def Info: content/img/electric_dipole.png  used on input line 37
.
(pdftex.def)             Requested size: 213.39566pt x 195.39536pt.


[2 <./content/img/electric_dipole.png>]

[3]
<content/img/linear_wire_antenna.png, id=522, 303.38344pt x 277.78781pt>
File: content/img/linear_wire_antenna.png Graphic file (type png)
<use content/img/linear_wire_antenna.png>
Package pdftex.def Info: content/img/linear_wire_antenna.png  used on input lin
e 168.
(pdftex.def)             Requested size: 213.39566pt x 195.39536pt.


[4 <./content/img/linear_wire_antenna.png>]
<content/img/electric_dipole_current.png, id=541, 250.9375pt x 269.005pt>
File: content/img/electric_dipole_current.png Graphic file (type png)
<use content/img/electric_dipole_current.png>
Package pdftex.def Info: content/img/electric_dipole_current.png  used on input
 line 191.
(pdftex.def)             Requested size: 128.0387pt x 137.2646pt.


LaTeX Warning: Citation 'Balanis' on page 5 undefined on input line 207.



[5 <./content/img/electric_dipole_current.png>]
<content/img/magnetic_dipole_drawing.png, id=555, 319.1925pt x 290.58563pt>
File: content/img/magnetic_dipole_drawing.png Graphic file (type png)
<use content/img/magnetic_dipole_drawing.png>
Package pdftex.def Info: content/img/magnetic_dipole_drawing.png  used on input
 line 233.
(pdftex.def)             Requested size: 213.39566pt x 194.27013pt.


[6 <./content/img/magnetic_dipole_drawing.png>]

LaTeX Warning: Marginpar on page 7 moved.

) (./content/10_dipoles/12_antennas_to_investigate.tex

[7{/usr/share/texmf/fonts/enc/dvips/cm-super/cm-super-ts1.enc}])
(./content/10_dipoles/13_fields.tex
<content/img/kr_over_distance.png, id=593, 1552.77257pt x 1031.74028pt>
File: content/img/kr_over_distance.png Graphic file (type png)
<use content/img/kr_over_distance.png>
Package pdftex.def Info: content/img/kr_over_distance.png  used on input line 7
.
(pdftex.def)             Requested size: 298.75262pt x 198.50435pt.
<content/img/field_regions_antenna.png, id=609, 389.455pt x 406.51875pt>
File: content/img/field_regions_antenna.png Graphic file (type png)
<use content/img/field_regions_antenna.png>
Package pdftex.def Info: content/img/field_regions_antenna.png  used on input l
ine 29.
(pdftex.def)             Requested size: 170.71393pt x 178.19267pt.


[8]

[9 <./content/img/kr_over_distance.png>])
(./content/20_guided_waves/21_lorentz_reciprocity.tex

[10 <./content/img/field_regions_antenna.png>])
(./content/20_guided_waves/22_greens_function.tex

[11]

[12]) (./content/20_guided_waves/23_tem_cells.tex

[13]
<content/img/reciprocity_tem_cell.png, id=698, 569.12625pt x 284.56313pt>
File: content/img/reciprocity_tem_cell.png Graphic file (type png)
<use content/img/reciprocity_tem_cell.png>
Package pdftex.def Info: content/img/reciprocity_tem_cell.png  used on input li
ne 33.
(pdftex.def)             Requested size: 298.75262pt x 149.38051pt.


[14]

[15 <./content/img/reciprocity_tem_cell.png>]

[16]
<content/img/vertical_antenna_tem_cell.png, id=757, 382.42876pt x 216.81pt>
File: content/img/vertical_antenna_tem_cell.png Graphic file (type png)
<use content/img/vertical_antenna_tem_cell.png>
Package pdftex.def Info: content/img/vertical_antenna_tem_cell.png  used on inp
ut line 94.
(pdftex.def)             Requested size: 298.75262pt x 169.37907pt.


[17 <./content/img/vertical_antenna_tem_cell.png>]

LaTeX Warning: Reference `sec:dipoles' on page 18 undefined on input line 172.



[18]
<content/img/tem_cell_crosssection.png, id=797, 740.7675pt x 499.8675pt>
File: content/img/tem_cell_crosssection.png Graphic file (type png)
<use content/img/tem_cell_crosssection.png>
Package pdftex.def Info: content/img/tem_cell_crosssection.png  used on input l
ine 246.
(pdftex.def)             Requested size: 213.39566pt x 143.99681pt.


[19 <./content/img/tem_cell_crosssection.png>]
<content/img/tem_cell_modes.png, id=812, 320.1561pt x 206.6922pt>
File: content/img/tem_cell_modes.png Graphic file (type png)
<use content/img/tem_cell_modes.png>
Package pdftex.def Info: content/img/tem_cell_modes.png  used on input line 294
.
(pdftex.def)             Requested size: 426.79134pt x 275.55946pt.


LaTeX Warning: `h' float specifier changed to `ht'.

<content/img/tem_cell_mode.png, id=818, 736.7525pt x 495.8525pt>
File: content/img/tem_cell_mode.png Graphic file (type png)
<use content/img/tem_cell_mode.png>
Package pdftex.def Info: content/img/tem_cell_mode.png  used on input line 311.

(pdftex.def)             Requested size: 128.0387pt x 86.1702pt.
<content/img/te01_mode.png, id=819, 736.7525pt x 495.8525pt>
File: content/img/te01_mode.png Graphic file (type png)
<use content/img/te01_mode.png>
Package pdftex.def Info: content/img/te01_mode.png  used on input line 317.
(pdftex.def)             Requested size: 128.0387pt x 86.1702pt.
<content/img/te10_mode.png, id=820, 736.7525pt x 495.8525pt>
File: content/img/te10_mode.png Graphic file (type png)
<use content/img/te10_mode.png>
Package pdftex.def Info: content/img/te10_mode.png  used on input line 323.
(pdftex.def)             Requested size: 128.0387pt x 86.1702pt.

LaTeX Warning: `h' float specifier changed to `ht'.



[20]) (./content/20_guided_waves/24_dipole_tem.tex

[21 <./content/img/tem_cell_modes.png>]

[22 <./content/img/tem_cell_mode.png> <./content/img/te01_mode.png> <./content/
img/te10_mode.png>]

[23]
Overfull \hbox (4.01965pt too wide) in paragraph at lines 71--71
[][][]\OT1/cmr/m/n/10.95 Normalized 
 []


Overfull \hbox (4.01965pt too wide) in paragraph at lines 71--71
[][][]\OT1/cmr/m/n/10.95 Normalized 
 []


LaTeX Warning: Marginpar on page 24 moved.

<content/img/DELETE2.png, id=886, 626.34pt x 381.425pt>
File: content/img/DELETE2.png Graphic file (type png)
<use content/img/DELETE2.png>
Package pdftex.def Info: content/img/DELETE2.png  used on input line 77.
(pdftex.def)             Requested size: 213.39566pt x 129.9505pt.
<content/img/DELETE.png, id=887, 375.4025pt x 231.86626pt>
File: content/img/DELETE.png Graphic file (type png)
<use content/img/DELETE.png>
Package pdftex.def Info: content/img/DELETE.png  used on input line 84.
(pdftex.def)             Requested size: 213.39566pt x 131.80424pt.

LaTeX Warning: Marginpar on page 24 moved.



[24 <./content/img/DELETE2.png> <./content/img/DELETE.png>]

LaTeX Warning: Reference `fig:' on page 25 undefined on input line 91.

<content/img/output_power_ey_over_offset.png, id=904, 271.7352pt x 180.675pt>
File: content/img/output_power_ey_over_offset.png Graphic file (type png)
<use content/img/output_power_ey_over_offset.png>
Package pdftex.def Info: content/img/output_power_ey_over_offset.png  used on i
nput line 98.
(pdftex.def)             Requested size: 204.85802pt x 136.20615pt.
<content/img/output_power_ey_over_height_w_offset.png, id=905, 1552.77257pt x 1
032.42857pt>
File: content/img/output_power_ey_over_height_w_offset.png Graphic file (type p
ng)
<use content/img/output_power_ey_over_height_w_offset.png>
Package pdftex.def Info: content/img/output_power_ey_over_height_w_offset.png  
used on input line 105.
(pdftex.def)             Requested size: 204.85802pt x 136.20537pt.
) (./content/20_guided_waves/25_shielding.tex
<content/img/shielding_material_diagram.png, id=917, 334.24875pt x 195.73125pt>

File: content/img/shielding_material_diagram.png Graphic file (type png)
<use content/img/shielding_material_diagram.png>
Package pdftex.def Info: content/img/shielding_material_diagram.png  used on in
put line 14.
(pdftex.def)             Requested size: 149.37956pt x 87.47792pt.


[25 <./content/img/output_power_ey_over_offset.png> <./content/img/output_power
_ey_over_height_w_offset.png> <./content/img/shielding_material_diagram.png>]
Overfull \hbox (17.06505pt too wide) in paragraph at lines 30--32
\OT1/cmr/m/n/10.95 by Schelkunoff. [][]$\OT1/cmtt/m/n/10.95 https : / / www . i
eee . li / pdf / viewgraphs / fundamentals _ electromagnetic _
 []


LaTeX Warning: Marginpar on page 26 moved.


Overfull \hbox (2.59007pt too wide) in paragraph at lines 61--61
\OT1/cmr/m/n/10.95 parameters 
 []


Overfull \hbox (2.59007pt too wide) in paragraph at lines 61--61
\OT1/cmr/m/n/10.95 parameters 
 []


LaTeX Warning: Marginpar on page 26 moved.


LaTeX Warning: Marginpar on page 26 moved.



[26]

LaTeX Warning: Marginpar on page 27 moved.



[27]
<content/img/ASTM ES7-83.png, id=977, 525.965pt x 359.3425pt>
File: content/img/ASTM ES7-83.png Graphic file (type png)
<use content/img/ASTM ES7-83.png>
Package pdftex.def Info: content/img/ASTM ES7-83.png  used on input line 117.
(pdftex.def)             Requested size: 209.1301pt x 142.87907pt.
<content/img/form_of_shielding_material.png, id=978, 505.89pt x 352.31625pt>
File: content/img/form_of_shielding_material.png Graphic file (type png)
<use content/img/form_of_shielding_material.png>
Package pdftex.def Info: content/img/form_of_shielding_material.png  used on in
put line 124.
(pdftex.def)             Requested size: 209.1301pt x 145.64404pt.


[28 <./content/img/ASTM ES7-83.png> <./content/img/form_of_shielding_material.p
ng>]
Overfull \hbox (7.2134pt too wide) in paragraph at lines 161--161
[][][]\OT1/cmr/m/n/10.95 Polarization 
 []


Overfull \hbox (7.2134pt too wide) in paragraph at lines 161--161
[][][]\OT1/cmr/m/n/10.95 Polarization 
 []

<content/img/dual_tem_cell.png, id=997, 571.13374pt x 243.91125pt>
File: content/img/dual_tem_cell.png Graphic file (type png)
<use content/img/dual_tem_cell.png>
Package pdftex.def Info: content/img/dual_tem_cell.png  used on input line 165.

(pdftex.def)             Requested size: 320.09349pt x 136.701pt.
) (./content/30_numerical_investigations/31_hfss.tex

[29 <./content/img/dual_tem_cell.png>]
<content/img/tetrahedral_mesh.png, id=1016, 223.83624pt x 222.8325pt>
File: content/img/tetrahedral_mesh.png Graphic file (type png)
<use content/img/tetrahedral_mesh.png>
Package pdftex.def Info: content/img/tetrahedral_mesh.png  used on input line 2
5.
(pdftex.def)             Requested size: 106.69783pt x 106.22055pt.


LaTeX Warning: `h' float specifier changed to `ht'.



[30]
<content/img/tetrahedra_w_unknowns.png, id=1033, 241.90375pt x 239.89626pt>
File: content/img/tetrahedra_w_unknowns.png Graphic file (type png)
<use content/img/tetrahedra_w_unknowns.png>
Package pdftex.def Info: content/img/tetrahedra_w_unknowns.png  used on input l
ine 55.
(pdftex.def)             Requested size: 106.69783pt x 105.8109pt.


LaTeX Warning: `h' float specifier changed to `ht'.



[31 <./content/img/tetrahedral_mesh.png>]

[32 <./content/img/tetrahedra_w_unknowns.png>]
<content/img/workflow_fem.png, id=1068, 603.25375pt x 161.60374pt>
File: content/img/workflow_fem.png Graphic file (type png)
<use content/img/workflow_fem.png>
Package pdftex.def Info: content/img/workflow_fem.png  used on input line 107.
(pdftex.def)             Requested size: 320.09349pt x 85.7482pt.


LaTeX Warning: `h' float specifier changed to `ht'.

) (./content/30_numerical_investigations/32_antennas.tex

[33]
<content/img/monopole_antenna.png, id=1078, 593.21625pt x 742.27313pt>
File: content/img/monopole_antenna.png Graphic file (type png)
<use content/img/monopole_antenna.png>
Package pdftex.def Info: content/img/monopole_antenna.png  used on input line 1
2.
(pdftex.def)             Requested size: 128.0387pt x 160.20854pt.
<content/img/dipole_moments_monopole.png, id=1079, 1610.58858pt x 1090.24457pt>

File: content/img/dipole_moments_monopole.png Graphic file (type png)
<use content/img/dipole_moments_monopole.png>
Package pdftex.def Info: content/img/dipole_moments_monopole.png  used on input
 line 22.
(pdftex.def)             Requested size: 204.85802pt x 138.65915pt.
<content/img/phase_shift_monopole.png, id=1080, 1610.58858pt x 1090.24457pt>
File: content/img/phase_shift_monopole.png Graphic file (type png)
<use content/img/phase_shift_monopole.png>
Package pdftex.def Info: content/img/phase_shift_monopole.png  used on input li
ne 29.
(pdftex.def)             Requested size: 213.39566pt x 144.4484pt.

Overfull \hbox (1.55592pt too wide) in paragraph at lines 40--40
[][]\OT1/cmr/m/n/10.95 Wikipedia[][]. 
 []


Overfull \hbox (1.55592pt too wide) in paragraph at lines 40--40
[][]\OT1/cmr/m/n/10.95 Wikipedia[][]. 
 []


LaTeX Warning: Marginpar on page 34 moved.



[34 <./content/img/workflow_fem.png> <./content/img/monopole_antenna.png>]

LaTeX Warning: Marginpar on page 35 moved.

<content/img/monopole_surface_currents.png, id=1096, 4501.81876pt x 1452.17531p
t>
File: content/img/monopole_surface_currents.png Graphic file (type png)
<use content/img/monopole_surface_currents.png>
Package pdftex.def Info: content/img/monopole_surface_currents.png  used on inp
ut line 50.
(pdftex.def)             Requested size: 426.79134pt x 137.67003pt.

LaTeX Warning: Reference `monopole_surface_current_offset' on page 35 undefined
 on input line 55.

<content/img/monopole_surface_current_offset.png, id=1097, 4594.41469pt x 1513.
15312pt>
File: content/img/monopole_surface_current_offset.png Graphic file (type png)
<use content/img/monopole_surface_current_offset.png>
Package pdftex.def Info: content/img/monopole_surface_current_offset.png  used 
on input line 59.
(pdftex.def)             Requested size: 426.79134pt x 140.54169pt.

LaTeX Warning: `h' float specifier changed to `ht'.


LaTeX Warning: Marginpar on page 35 moved.


LaTeX Warning: Marginpar on page 35 moved.


LaTeX Warning: Marginpar on page 35 moved.


LaTeX Warning: Marginpar on page 35 moved.

<content/img/chu_circuit.png, id=1101, 252.60086pt x 136.96886pt>
File: content/img/chu_circuit.png Graphic file (type png)
<use content/img/chu_circuit.png>
Package pdftex.def Info: content/img/chu_circuit.png  used on input line 72.
(pdftex.def)             Requested size: 128.0387pt x 69.42682pt.

LaTeX Warning: `h' float specifier changed to `ht'.


LaTeX Warning: Reference `sec:dipoles' on page 35 undefined on input line 78.


LaTeX Warning: Marginpar on page 35 moved.



[35 <./content/img/dipole_moments_monopole.png> <./content/img/phase_shift_mono
pole.png> <./content/img/monopole_surface_currents.png>]
<content/img/current_distribution_monopole.png, id=1117, 1552.77257pt x 1032.42
857pt>
File: content/img/current_distribution_monopole.png Graphic file (type png)
<use content/img/current_distribution_monopole.png>
Package pdftex.def Info: content/img/current_distribution_monopole.png  used on
 input line 85.
(pdftex.def)             Requested size: 204.85802pt x 136.20537pt.
<content/img/monopole_feed_current.png, id=1118, 1799.86714pt x 1181.09828pt>
File: content/img/monopole_feed_current.png Graphic file (type png)
<use content/img/monopole_feed_current.png>
Package pdftex.def Info: content/img/monopole_feed_current.png  used on input l
ine 92.
(pdftex.def)             Requested size: 204.85802pt x 134.42673pt.
<content/img/loop_antenna.png, id=1119, 1132.98282pt x 784.43062pt>
File: content/img/loop_antenna.png Graphic file (type png)
<use content/img/loop_antenna.png>
Package pdftex.def Info: content/img/loop_antenna.png  used on input line 106.
(pdftex.def)             Requested size: 170.71393pt x 118.18616pt.


LaTeX Warning: `h' float specifier changed to `ht'.

<content/img/dipole_moments_loop_antenna.png, id=1120, 306.54526pt x 211.0284pt
>
File: content/img/dipole_moments_loop_antenna.png Graphic file (type png)
<use content/img/dipole_moments_loop_antenna.png>
Package pdftex.def Info: content/img/dipole_moments_loop_antenna.png  used on i
nput line 119.
(pdftex.def)             Requested size: 426.79134pt x 293.81805pt.


[36 <./content/img/monopole_surface_current_offset.png> <./content/img/chu_circ
uit.png (PNG copy)> <./content/img/current_distribution_monopole.png> <./conten
t/img/monopole_feed_current.png>]

LaTeX Warning: `h' float specifier changed to `ht'.

<content/img/current_loop_surface_current.png, id=1133, 4461.16687pt x 1467.231
57pt>
File: content/img/current_loop_surface_current.png Graphic file (type png)
<use content/img/current_loop_surface_current.png>
Package pdftex.def Info: content/img/current_loop_surface_current.png  used on 
input line 128.
(pdftex.def)             Requested size: 426.79134pt x 140.35114pt.

LaTeX Warning: `h' float specifier changed to `ht'.

<content/img/current_loop_surface_current_offset.png, id=1136, 4486.7625pt x 14
79.27657pt>
File: content/img/current_loop_surface_current_offset.png Graphic file (type pn
g)
<use content/img/current_loop_surface_current_offset.png>
Package pdftex.def Info: content/img/current_loop_surface_current_offset.png  u
sed on input line 142.
(pdftex.def)             Requested size: 426.79134pt x 140.69073pt.

LaTeX Warning: `h' float specifier changed to `ht'.

<content/img/current_loop_surface_current_rotated.png, id=1138, 631.60968pt x 1
98.7425pt>
File: content/img/current_loop_surface_current_rotated.png Graphic file (type p
ng)
<use content/img/current_loop_surface_current_rotated.png>
Package pdftex.def Info: content/img/current_loop_surface_current_rotated.png  
used on input line 151.
(pdftex.def)             Requested size: 426.79134pt x 134.29701pt.

LaTeX Warning: `h' float specifier changed to `ht'.

<content/img/current_loop_surface_current_offset_rotated.png, id=1140, 4495.043
44pt x 1413.02907pt>
File: content/img/current_loop_surface_current_offset_rotated.png Graphic file 
(type png)
<use content/img/current_loop_surface_current_offset_rotated.png>
Package pdftex.def Info: content/img/current_loop_surface_current_offset_rotate
d.png  used on input line 160.
(pdftex.def)             Requested size: 426.79134pt x 134.15291pt.

LaTeX Warning: `h' float specifier changed to `ht'.

<content/img/current_loop_charge_distribution.png, id=1142, 178.86826pt x 166.2
21pt>
File: content/img/current_loop_charge_distribution.png Graphic file (type png)
<use content/img/current_loop_charge_distribution.png>
Package pdftex.def Info: content/img/current_loop_charge_distribution.png  used
 on input line 175.
(pdftex.def)             Requested size: 96.02739pt x 89.2355pt.
<content/img/current_loop_current_distribution.png, id=1143, 206.57175pt x 204.
765pt>
File: content/img/current_loop_current_distribution.png Graphic file (type png)

<use content/img/current_loop_current_distribution.png>
Package pdftex.def Info: content/img/current_loop_current_distribution.png  use
d on input line 182.
(pdftex.def)             Requested size: 96.02739pt x 95.1866pt.


[37 <./content/img/loop_antenna.png>]
<content/img/current_loop_near_e_field.png, id=1155, 243.309pt x 192.72pt>
File: content/img/current_loop_near_e_field.png Graphic file (type png)
<use content/img/current_loop_near_e_field.png>
Package pdftex.def Info: content/img/current_loop_near_e_field.png  used on inp
ut line 199.
(pdftex.def)             Requested size: 134.43776pt x 106.49034pt.
<content/img/current_loop_near_h_field.png, id=1156, 230.66174pt x 178.86826pt>

File: content/img/current_loop_near_h_field.png Graphic file (type png)
<use content/img/current_loop_near_h_field.png>
Package pdftex.def Info: content/img/current_loop_near_h_field.png  used on inp
ut line 206.
(pdftex.def)             Requested size: 134.43776pt x 104.2513pt.


LaTeX Warning: Marginpar on page 38 moved.

<content/img/current_loop_voltage_drop.png, id=1157, 683.55376pt x 516.42938pt>

File: content/img/current_loop_voltage_drop.png Graphic file (type png)
<use content/img/current_loop_voltage_drop.png>
Package pdftex.def Info: content/img/current_loop_voltage_drop.png  used on inp
ut line 219.
(pdftex.def)             Requested size: 192.0548pt x 145.09567pt.

Underfull \hbox (badness 1715) in paragraph at lines 220--220
[]\OT1/cmr/bx/n/10.95 Figure 4.22 |\OT1/cmr/m/n/10.95 Volt-age drop at feed
 []

<content/img/current_loop_feed_current.png, id=1158, 689.57625pt x 515.67656pt>

File: content/img/current_loop_feed_current.png Graphic file (type png)
<use content/img/current_loop_feed_current.png>
Package pdftex.def Info: content/img/current_loop_feed_current.png  used on inp
ut line 226.
(pdftex.def)             Requested size: 192.0548pt x 143.61732pt.


[38 <./content/img/dipole_moments_loop_antenna.png>]
<content/img/wave_impedance_loop.png, id=1171, 523.09714pt x 300.78085pt>
File: content/img/wave_impedance_loop.png Graphic file (type png)
<use content/img/wave_impedance_loop.png>
Package pdftex.def Info: content/img/wave_impedance_loop.png  used on input lin
e 247.
(pdftex.def)             Requested size: 213.39566pt x 122.70135pt.


LaTeX Warning: `h' float specifier changed to `ht'.



[39 <./content/img/current_loop_surface_current.png> <./content/img/current_loo
p_surface_current_offset.png>]
<content/img/current_loop_power_consumption.png, id=1181, 660.21657pt x 505.137
19pt>
File: content/img/current_loop_power_consumption.png Graphic file (type png)
<use content/img/current_loop_power_consumption.png>
Package pdftex.def Info: content/img/current_loop_power_consumption.png  used o
n input line 318.
(pdftex.def)             Requested size: 213.39566pt x 163.27353pt.


LaTeX Warning: `h' float specifier changed to `ht'.



[40 <./content/img/current_loop_surface_current_rotated.png> <./content/img/cur
rent_loop_surface_current_offset_rotated.png> <./content/img/current_loop_charg
e_distribution.png> <./content/img/current_loop_current_distribution.png>]
<content/img/delete_after.png, id=1192, 896.148pt x 373.99725pt>
File: content/img/delete_after.png Graphic file (type png)
<use content/img/delete_after.png>
Package pdftex.def Info: content/img/delete_after.png  used on input line 327.
(pdftex.def)             Requested size: 298.75262pt x 124.68065pt.


LaTeX Warning: `h' float specifier changed to `ht'.



[41 <./content/img/current_loop_near_e_field.png> <./content/img/current_loop_n
ear_h_field.png> <./content/img/current_loop_voltage_drop.png> <./content/img/c
urrent_loop_feed_current.png>]

LaTeX Warning: Reference `eqn:elec_rad_res' on page 42 undefined on input line 
349.


LaTeX Warning: Reference `fig:current_loop_ua_ub' on page 42 undefined on input
 line 353.



[42 <./content/img/wave_impedance_loop.png (PNG copy)> <./content/img/current_l
oop_power_consumption.png>]

LaTeX Warning: Marginpar on page 43 moved.


Overfull \hbox (3.3809pt too wide) in paragraph at lines 360--360
\OT1/cmr/m/n/10.95 impedance, 
 []


Overfull \hbox (3.3809pt too wide) in paragraph at lines 360--360
\OT1/cmr/m/n/10.95 impedance, 
 []


LaTeX Warning: Marginpar on page 43 moved.

<content/img/loop_wave_imp.png, id=1220, 374.42743pt x 213.36858pt>
File: content/img/loop_wave_imp.png Graphic file (type png)
<use content/img/loop_wave_imp.png>
Package pdftex.def Info: content/img/loop_wave_imp.png  used on input line 364.

(pdftex.def)             Requested size: 298.75262pt x 170.2523pt.

Overfull \hbox (1.55592pt too wide) in paragraph at lines 369--369
[][]\OT1/cmr/m/n/10.95 Wikipedia[][]. 
 []


Overfull \hbox (1.55592pt too wide) in paragraph at lines 369--369
[][]\OT1/cmr/m/n/10.95 Wikipedia[][]. 
 []


LaTeX Warning: Marginpar on page 43 moved.



[43 <./content/img/delete_after.png> <./content/img/loop_wave_imp.png (PNG copy
)>]
<content/img/inverted_f_antenna.png, id=1235, 638.385pt x 196.735pt>
File: content/img/inverted_f_antenna.png Graphic file (type png)
<use content/img/inverted_f_antenna.png>
Package pdftex.def Info: content/img/inverted_f_antenna.png  used on input line
 388.
(pdftex.def)             Requested size: 320.09349pt x 98.64642pt.
<content/img/antenna_waveport1_sparams.png, id=1237, 1566.85374pt x 546.04pt>
File: content/img/antenna_waveport1_sparams.png Graphic file (type png)
<use content/img/antenna_waveport1_sparams.png>
Package pdftex.def Info: content/img/antenna_waveport1_sparams.png  used on inp
ut line 398.
(pdftex.def)             Requested size: 426.79134pt x 148.73254pt.


[44 <./content/img/inverted_f_antenna.png> <./content/img/antenna_waveport1_spa
rams.png>]
<content/img/Phase Shift Waveports.png, id=1252, 867.24pt x 433.62pt>
File: content/img/Phase Shift Waveports.png Graphic file (type png)
<use content/img/Phase Shift Waveports.png>
Package pdftex.def Info: content/img/Phase Shift Waveports.png  used on input l
ine 439.
(pdftex.def)             Requested size: 426.79134pt x 213.39536pt.


LaTeX Warning: `h' float specifier changed to `ht'.


Overfull \hbox (10.28548pt too wide) in paragraph at lines 454--454
[][][]\OT1/cmr/m/n/10.95 Einheitliches 
 []


Overfull \hbox (10.28548pt too wide) in paragraph at lines 454--454
[][][]\OT1/cmr/m/n/10.95 Einheitliches 
 []


LaTeX Warning: Marginpar on page 45 moved.



[45]
<content/img/sketch_dipoles_tem_cell.png, id=1270, 1129.21875pt x 359.3425pt>
File: content/img/sketch_dipoles_tem_cell.png Graphic file (type png)
<use content/img/sketch_dipoles_tem_cell.png>
Package pdftex.def Info: content/img/sketch_dipoles_tem_cell.png  used on input
 line 472.
(pdftex.def)             Requested size: 426.79134pt x 135.81682pt.


LaTeX Warning: `h' float specifier changed to `ht'.



[46 <./content/img/Phase Shift Waveports.png>]
<content/img/dipole_moments_over_freq_ifa.png, id=1282, 867.24pt x 433.62pt>
File: content/img/dipole_moments_over_freq_ifa.png Graphic file (type png)
<use content/img/dipole_moments_over_freq_ifa.png>
Package pdftex.def Info: content/img/dipole_moments_over_freq_ifa.png  used on 
input line 492.
(pdftex.def)             Requested size: 426.79134pt x 213.39536pt.


LaTeX Warning: `h' float specifier changed to `ht'.



[47 <./content/img/sketch_dipoles_tem_cell.png>]
<content/img/output_power_e_fields_over_freq_ifa.png, id=1297, 867.24pt x 433.6
2pt>
File: content/img/output_power_e_fields_over_freq_ifa.png Graphic file (type pn
g)
<use content/img/output_power_e_fields_over_freq_ifa.png>
Package pdftex.def Info: content/img/output_power_e_fields_over_freq_ifa.png  u
sed on input line 514.
(pdftex.def)             Requested size: 426.79134pt x 213.39536pt.


LaTeX Warning: `h' float specifier changed to `ht'.

<content/img/phase_shift_90_ifa.png, id=1301, 867.24pt x 433.62pt>
File: content/img/phase_shift_90_ifa.png Graphic file (type png)
<use content/img/phase_shift_90_ifa.png>
Package pdftex.def Info: content/img/phase_shift_90_ifa.png  used on input line
 532.
(pdftex.def)             Requested size: 426.79134pt x 213.39536pt.

LaTeX Warning: `h' float specifier changed to `ht'.


LaTeX Warning: Reference `dipole_moments_ifa_90' on page 48 undefined on input 
line 537.

<content/img/dipole_moments_ifa_90.png, id=1304, 867.24pt x 433.62pt>
File: content/img/dipole_moments_ifa_90.png Graphic file (type png)
<use content/img/dipole_moments_ifa_90.png>
Package pdftex.def Info: content/img/dipole_moments_ifa_90.png  used on input l
ine 543.
(pdftex.def)             Requested size: 426.79134pt x 213.39536pt.

LaTeX Warning: `h' float specifier changed to `ht'.



[48 <./content/img/dipole_moments_over_freq_ifa.png>]

[49 <./content/img/output_power_e_fields_over_freq_ifa.png> <./content/img/phas
e_shift_90_ifa.png>]

[50 <./content/img/dipole_moments_ifa_90.png>]
<content/img/center_fed_monopole.png, id=1328, 831.105pt x 184.69pt>
File: content/img/center_fed_monopole.png Graphic file (type png)
<use content/img/center_fed_monopole.png>
Package pdftex.def Info: content/img/center_fed_monopole.png  used on input lin
e 556.
(pdftex.def)             Requested size: 320.09349pt x 71.13263pt.
<content/img/forward_coeff_cfm.png, id=1330, 1513.655pt x 760.8425pt>
File: content/img/forward_coeff_cfm.png Graphic file (type png)
<use content/img/forward_coeff_cfm.png>
Package pdftex.def Info: content/img/forward_coeff_cfm.png  used on input line 
565.
(pdftex.def)             Requested size: 426.79134pt x 214.52046pt.
<content/img/phase_shift_cfm.png, id=1331, 1610.58858pt x 1090.24457pt>
File: content/img/phase_shift_cfm.png Graphic file (type png)
<use content/img/phase_shift_cfm.png>
Package pdftex.def Info: content/img/phase_shift_cfm.png  used on input line 59
5.
(pdftex.def)             Requested size: 204.85802pt x 138.65915pt.
<content/img/dipole_moment_cfm.png, id=1332, 1610.58858pt x 1090.24457pt>
File: content/img/dipole_moment_cfm.png Graphic file (type png)
<use content/img/dipole_moment_cfm.png>
Package pdftex.def Info: content/img/dipole_moment_cfm.png  used on input line 
602.
(pdftex.def)             Requested size: 204.85802pt x 138.65915pt.


[51

 <./content/img/center_fed_monopole.png> <./content/img/forward_coeff_cfm.png>]


LaTeX Warning: Reference `fig:79cfm' on page 52 undefined on input line 616.


LaTeX Warning: Marginpar on page 52 moved.


LaTeX Warning: Marginpar on page 52 moved.

<content/img/serial_loop_antenna.png, id=1344, 370.29771pt x 265.67828pt>
File: content/img/serial_loop_antenna.png Graphic file (type png)
<use content/img/serial_loop_antenna.png>
Package pdftex.def Info: content/img/serial_loop_antenna.png  used on input lin
e 630.
(pdftex.def)             Requested size: 128.0387pt x 91.86584pt.
<content/img/serial_loop_antenna_dipole_moments.png, id=1345, 523.78543pt x 256
.73058pt>
File: content/img/serial_loop_antenna_dipole_moments.png Graphic file (type png
)
<use content/img/serial_loop_antenna_dipole_moments.png>
Package pdftex.def Info: content/img/serial_loop_antenna_dipole_moments.png  us
ed on input line 636.
(pdftex.def)             Requested size: 426.79134pt x 209.18852pt.

LaTeX Warning: `h' float specifier changed to `ht'.



[52 <./content/img/phase_shift_cfm.png> <./content/img/dipole_moment_cfm.png> <
./content/img/serial_loop_antenna.png (PNG copy)>]

LaTeX Warning: Marginpar on page 53 moved.


Overfull \hbox (5.51009pt too wide) in paragraph at lines 647--647
\OT1/cmr/m/n/10.95 impedance? 
 []


Overfull \hbox (5.51009pt too wide) in paragraph at lines 647--647
\OT1/cmr/m/n/10.95 impedance? 
 []


LaTeX Warning: Marginpar on page 53 moved.


LaTeX Warning: Marginpar on page 53 moved.


LaTeX Warning: Marginpar on page 53 moved.


LaTeX Warning: Marginpar on page 53 moved.


LaTeX Warning: Marginpar on page 53 moved.

<content/img/cfm_rotation_sweep.png, id=1356, 1439.3775pt x 641.39626pt>
File: content/img/cfm_rotation_sweep.png Graphic file (type png)
<use content/img/cfm_rotation_sweep.png>
Package pdftex.def Info: content/img/cfm_rotation_sweep.png  used on input line
 662.
(pdftex.def)             Requested size: 426.79134pt x 190.17915pt.

LaTeX Warning: `h' float specifier changed to `ht'.



[53 <./content/img/serial_loop_antenna_dipole_moments.png (PNG copy)>]

LaTeX Warning: Marginpar on page 54 moved.

<content/img/DELETE_AFTER.png, id=1368, 1430.34375pt x 645.41125pt>
File: content/img/DELETE_AFTER.png Graphic file (type png)
<use content/img/DELETE_AFTER.png>
Package pdftex.def Info: content/img/DELETE_AFTER.png  used on input line 679.
(pdftex.def)             Requested size: 426.79134pt x 192.58096pt.
) (./content/30_numerical_investigations/33_dipole_moments.tex

[54 <./content/img/cfm_rotation_sweep.png> <./content/img/DELETE_AFTER.png>]
<content/img/ey_ez_coupling_comparison.png, id=1379, 764.8575pt x 501.875pt>
File: content/img/ey_ez_coupling_comparison.png Graphic file (type png)
<use content/img/ey_ez_coupling_comparison.png>
Package pdftex.def Info: content/img/ey_ez_coupling_comparison.png  used on inp
ut line 11.
(pdftex.def)             Requested size: 426.79134pt x 280.04488pt.


[55 <./content/img/ey_ez_coupling_comparison.png>])
(./content/30_numerical_investigations/34_field_regions.tex
<content/img/kr_tem_cell.png, id=1388, 374.14781pt x 191.9672pt>
File: content/img/kr_tem_cell.png Graphic file (type png)
<use content/img/kr_tem_cell.png>
Package pdftex.def Info: content/img/kr_tem_cell.png  used on input line 8.
(pdftex.def)             Requested size: 298.75262pt x 153.28983pt.
<content/img/loop_small_tem_moments.png, id=1392, 264.86955pt x 185.493pt>
File: content/img/loop_small_tem_moments.png Graphic file (type png)
<use content/img/loop_small_tem_moments.png>
Package pdftex.def Info: content/img/loop_small_tem_moments.png  used on input 
line 21.
(pdftex.def)             Requested size: 204.85802pt x 143.46971pt.
File: content/img/dipole_moments_loop_antenna.png Graphic file (type png)
<use content/img/dipole_moments_loop_antenna.png>
Package pdftex.def Info: content/img/dipole_moments_loop_antenna.png  used on i
nput line 28.
(pdftex.def)             Requested size: 204.85802pt x 141.03085pt.


LaTeX Warning: Marginpar on page 56 moved.



[56 <./content/img/kr_tem_cell.png>]
<content/img/kr_analysis_small_TEM.png, id=1404, 271.7352pt x 180.675pt>
File: content/img/kr_analysis_small_TEM.png Graphic file (type png)
<use content/img/kr_analysis_small_TEM.png>
Package pdftex.def Info: content/img/kr_analysis_small_TEM.png  used on input l
ine 45.
(pdftex.def)             Requested size: 204.85802pt x 136.20615pt.
<content/img/kr_analysis.png, id=1405, 275.71005pt x 180.675pt>
File: content/img/kr_analysis.png Graphic file (type png)
<use content/img/kr_analysis.png>
Package pdftex.def Info: content/img/kr_analysis.png  used on input line 52.
(pdftex.def)             Requested size: 204.85802pt x 134.246pt.
<content/img/output_power_comparison_small_tem.png, id=1408, 271.7352pt x 180.6
75pt>
File: content/img/output_power_comparison_small_tem.png Graphic file (type png)

<use content/img/output_power_comparison_small_tem.png>
Package pdftex.def Info: content/img/output_power_comparison_small_tem.png  use
d on input line 73.
(pdftex.def)             Requested size: 204.85802pt x 136.20615pt.
<content/img/phase_shift_comparison_small_tem.png, id=1409, 271.76532pt x 180.6
75pt>
File: content/img/phase_shift_comparison_small_tem.png Graphic file (type png)
<use content/img/phase_shift_comparison_small_tem.png>
Package pdftex.def Info: content/img/phase_shift_comparison_small_tem.png  used
 on input line 80.
(pdftex.def)             Requested size: 204.85802pt x 136.20064pt.


[57 <./content/img/loop_small_tem_moments.png> <./content/img/kr_analysis_small
_TEM.png> <./content/img/kr_analysis.png>])
(./content/30_numerical_investigations/35_shielding.tex
<content/img/se_graphite.png, id=1420, 867.24pt x 433.62pt>
File: content/img/se_graphite.png Graphic file (type png)
<use content/img/se_graphite.png>
Package pdftex.def Info: content/img/se_graphite.png  used on input line 8.
(pdftex.def)             Requested size: 426.79134pt x 213.39536pt.


[58 <./content/img/output_power_comparison_small_tem.png> <./content/img/phase_
shift_comparison_small_tem.png> <./content/img/se_graphite.png>]

LaTeX Warning: Marginpar on page 59 moved.


Overfull \hbox (12.23216pt too wide) in paragraph at lines 57--57
\OT1/cmr/m/n/10.95 netic/electric 
 []


Overfull \hbox (12.23216pt too wide) in paragraph at lines 57--57
\OT1/cmr/m/n/10.95 netic/electric 
 []


LaTeX Warning: Marginpar on page 59 moved.

)

LaTeX Warning: Marginpar on page 59 moved.



[59]

[60

]
Overfull \hbox (25.86183pt too wide) in paragraph at lines 182--182
[]\OT1/cmr/m/n/10.95 GILBERT STRANG. \OT1/cmr/m/it/10.95 Anal-y-sis of the fi-n
ite el-e-ment method\OT1/cmr/m/n/10.95 . WELLESLEY-CAMBRIDGE
 []



[61] (./Documentation.aux)
 ***********
LaTeX2e <2024-11-01> patch level 2
L3 programming layer <2025-01-18>
 ***********


LaTeX Warning: There were undefined references.

Package rerunfilecheck Info: File `Documentation.out' has not changed.
(rerunfilecheck)             Checksum: 9C37C834374A0DD9D08D92797B7B7653;9042.

Package biblatex Warning: Please (re)run BibTeX on the file(s):
(biblatex)                Documentation
(biblatex)                and rerun LaTeX afterwards.

Package logreq Info: Writing requests to 'Documentation.run.xml'.
\openout1 = `Documentation.run.xml'.

 ) 
Here is how much of TeX's memory you used:
 54100 strings out of 473197
 1259318 string characters out of 5718604
 2253233 words of memory out of 5000000
 76291 multiletter control sequences out of 15000+600000
 576027 words of font info for 103 fonts, out of 8000000 for 9000
 1141 hyphenation exceptions out of 8191
 99i,15n,131p,1881b,2995s stack positions out of 10000i,1000n,20000p,200000b,200000s
</usr/share/texlive/texmf-dist/fonts/type1/public/amsfonts/cm/cmbx10.pfb></us
r/share/texlive/texmf-dist/fonts/type1/public/amsfonts/cm/cmbx12.pfb></usr/shar
e/texlive/texmf-dist/fonts/type1/public/amsfonts/cm/cmbx8.pfb></usr/share/texli
ve/texmf-dist/fonts/type1/public/amsfonts/cm/cmcsc10.pfb></usr/share/texlive/te
xmf-dist/fonts/type1/public/amsfonts/cm/cmex10.pfb></usr/share/texlive/texmf-di
st/fonts/type1/public/amsfonts/cm/cmmi10.pfb></usr/share/texlive/texmf-dist/fon
ts/type1/public/amsfonts/cm/cmmi6.pfb></usr/share/texlive/texmf-dist/fonts/type
1/public/amsfonts/cm/cmmi8.pfb></usr/share/texlive/texmf-dist/fonts/type1/publi
c/amsfonts/cm/cmmib10.pfb></usr/share/texlive/texmf-dist/fonts/type1/public/ams
fonts/cm/cmr10.pfb></usr/share/texlive/texmf-dist/fonts/type1/public/amsfonts/c
m/cmr6.pfb></usr/share/texlive/texmf-dist/fonts/type1/public/amsfonts/cm/cmr7.p
fb></usr/share/texlive/texmf-dist/fonts/type1/public/amsfonts/cm/cmr8.pfb></usr
/share/texlive/texmf-dist/fonts/type1/public/amsfonts/cm/cmsl10.pfb></usr/share
/texlive/texmf-dist/fonts/type1/public/amsfonts/cm/cmss10.pfb></usr/share/texli
ve/texmf-dist/fonts/type1/public/amsfonts/cm/cmssbx10.pfb></usr/share/texlive/t
exmf-dist/fonts/type1/public/amsfonts/cm/cmsy10.pfb></usr/share/texlive/texmf-d
ist/fonts/type1/public/amsfonts/cm/cmsy6.pfb></usr/share/texlive/texmf-dist/fon
ts/type1/public/amsfonts/cm/cmsy8.pfb></usr/share/texlive/texmf-dist/fonts/type
1/public/amsfonts/cm/cmti10.pfb></usr/share/texlive/texmf-dist/fonts/type1/publ
ic/amsfonts/cm/cmtt10.pfb></usr/share/texlive/texmf-dist/fonts/type1/public/esi
nt-type1/esint10.pfb></usr/share/texmf/fonts/type1/public/cm-super/sfrm1095.pfb
>
Output written on Documentation.pdf (68 pages, 8298097 bytes).
PDF statistics:
 1689 PDF objects out of 1728 (max. 8388607)
 1407 compressed objects within 15 object streams
 437 named destinations out of 1000 (max. 500000)
 783 words of extra memory for PDF output out of 10000 (max. 10000000)

