This is pdfTeX, Version 3.141592653-2.6-1.40.25 (MiKTeX 24.1) (preloaded format=pdflatex 2025.10.6)  20 OCT 2025 00:54
entering extended mode
 restricted \write18 enabled.
 %&-line parsing enabled.
**./Documentation.tex
(Documentation.tex
LaTeX2e <2023-11-01> patch level 1
L3 programming layer <2024-01-04>
(C:\Users\Simon Prato\AppData\Local\Programs\MiKTeX\tex/latex/base\article.cls
Document Class: article 2023/05/17 v1.4n Standard LaTeX document class
(C:\Users\Simon Prato\AppData\Local\Programs\MiKTeX\tex/latex/base\size11.clo
File: size11.clo 2023/05/17 v1.4n Standard LaTeX file (size option)
)
\c@part=\count187
\c@section=\count188
\c@subsection=\count189
\c@subsubsection=\count190
\c@paragraph=\count191
\c@subparagraph=\count192
\c@figure=\count193
\c@table=\count194
\abovecaptionskip=\skip48
\belowcaptionskip=\skip49
\bibindent=\dimen140
)
(C:\Users\Simon Prato\AppData\Local\Programs\MiKTeX\tex/generic/babel\babel.sty
Package: babel 2024/01/07 v24.1 The Babel package
\babel@savecnt=\count195
\U@D=\dimen141
\l@unhyphenated=\language79

(C:\Users\Simon Prato\AppData\Local\Programs\MiKTeX\tex/generic/babel\txtbabel.
def)
\bbl@readstream=\read2
\bbl@dirlevel=\count196

*************************************
* Local config file bblopts.cfg used
*

(C:\Users\Simon Prato\AppData\Local\Programs\MiKTeX\tex/latex/arabi\bblopts.cfg
File: bblopts.cfg 2005/09/08 v0.1 add Arabic and Farsi to "declared" options of
 babel
)
(C:\Users\Simon Prato\AppData\Local\Programs\MiKTeX\tex/latex/babel-english\eng
lish.ldf
Language: english 2017/06/06 v3.3r English support from the babel system
Package babel Info: Hyphen rules for 'canadian' set to \l@english
(babel)             (\language0). Reported on input line 102.
Package babel Info: Hyphen rules for 'australian' set to \l@ukenglish
(babel)             (\language73). Reported on input line 105.
Package babel Info: Hyphen rules for 'newzealand' set to \l@ukenglish
(babel)             (\language73). Reported on input line 108.
))
(C:\Users\Simon Prato\AppData\Local\Programs\MiKTeX\tex/generic/babel/locale/en
\babel-english.tex
Package babel Info: Importing font and identification data for english
(babel)             from babel-en.ini. Reported on input line 11.
)
(C:\Users\Simon Prato\AppData\Local\Programs\MiKTeX\tex/latex/amsmath\amsmath.s
ty
Package: amsmath 2023/05/13 v2.17o AMS math features
\@mathmargin=\skip50

For additional information on amsmath, use the `?' option.

(C:\Users\Simon Prato\AppData\Local\Programs\MiKTeX\tex/latex/amsmath\amstext.s
ty
Package: amstext 2021/08/26 v2.01 AMS text

(C:\Users\Simon Prato\AppData\Local\Programs\MiKTeX\tex/latex/amsmath\amsgen.st
y
File: amsgen.sty 1999/11/30 v2.0 generic functions
\@emptytoks=\toks17
\ex@=\dimen142
))
(C:\Users\Simon Prato\AppData\Local\Programs\MiKTeX\tex/latex/amsmath\amsbsy.st
y
Package: amsbsy 1999/11/29 v1.2d Bold Symbols
\pmbraise@=\dimen143
)
(C:\Users\Simon Prato\AppData\Local\Programs\MiKTeX\tex/latex/amsmath\amsopn.st
y
Package: amsopn 2022/04/08 v2.04 operator names
)
\inf@bad=\count197
LaTeX Info: Redefining \frac on input line 234.
\uproot@=\count198
\leftroot@=\count199
LaTeX Info: Redefining \overline on input line 399.
LaTeX Info: Redefining \colon on input line 410.
\classnum@=\count266
\DOTSCASE@=\count267
LaTeX Info: Redefining \ldots on input line 496.
LaTeX Info: Redefining \dots on input line 499.
LaTeX Info: Redefining \cdots on input line 620.
\Mathstrutbox@=\box51
\strutbox@=\box52
LaTeX Info: Redefining \big on input line 722.
LaTeX Info: Redefining \Big on input line 723.
LaTeX Info: Redefining \bigg on input line 724.
LaTeX Info: Redefining \Bigg on input line 725.
\big@size=\dimen144
LaTeX Font Info:    Redeclaring font encoding OML on input line 743.
LaTeX Font Info:    Redeclaring font encoding OMS on input line 744.
\macc@depth=\count268
LaTeX Info: Redefining \bmod on input line 905.
LaTeX Info: Redefining \pmod on input line 910.
LaTeX Info: Redefining \smash on input line 940.
LaTeX Info: Redefining \relbar on input line 970.
LaTeX Info: Redefining \Relbar on input line 971.
\c@MaxMatrixCols=\count269
\dotsspace@=\muskip16
\c@parentequation=\count270
\dspbrk@lvl=\count271
\tag@help=\toks18
\row@=\count272
\column@=\count273
\maxfields@=\count274
\andhelp@=\toks19
\eqnshift@=\dimen145
\alignsep@=\dimen146
\tagshift@=\dimen147
\tagwidth@=\dimen148
\totwidth@=\dimen149
\lineht@=\dimen150
\@envbody=\toks20
\multlinegap=\skip51
\multlinetaggap=\skip52
\mathdisplay@stack=\toks21
LaTeX Info: Redefining \[ on input line 2953.
LaTeX Info: Redefining \] on input line 2954.
)
(C:\Users\Simon Prato\AppData\Local\Programs\MiKTeX\tex/latex/amsfonts\amssymb.
sty
Package: amssymb 2013/01/14 v3.01 AMS font symbols

(C:\Users\Simon Prato\AppData\Local\Programs\MiKTeX\tex/latex/amsfonts\amsfonts
.sty
Package: amsfonts 2013/01/14 v3.01 Basic AMSFonts support
\symAMSa=\mathgroup4
\symAMSb=\mathgroup5
LaTeX Font Info:    Redeclaring math symbol \hbar on input line 98.
LaTeX Font Info:    Overwriting math alphabet `\mathfrak' in version `bold'
(Font)                  U/euf/m/n --> U/euf/b/n on input line 106.
))
(C:\Users\Simon Prato\AppData\Local\Programs\MiKTeX\tex/latex/graphics\graphicx
.sty
Package: graphicx 2021/09/16 v1.2d Enhanced LaTeX Graphics (DPC,SPQR)

(C:\Users\Simon Prato\AppData\Local\Programs\MiKTeX\tex/latex/graphics\keyval.s
ty
Package: keyval 2022/05/29 v1.15 key=value parser (DPC)
\KV@toks@=\toks22
)
(C:\Users\Simon Prato\AppData\Local\Programs\MiKTeX\tex/latex/graphics\graphics
.sty
Package: graphics 2022/03/10 v1.4e Standard LaTeX Graphics (DPC,SPQR)

(C:\Users\Simon Prato\AppData\Local\Programs\MiKTeX\tex/latex/graphics\trig.sty
Package: trig 2021/08/11 v1.11 sin cos tan (DPC)
)
(C:\Users\Simon Prato\AppData\Local\Programs\MiKTeX\tex/latex/graphics-cfg\grap
hics.cfg
File: graphics.cfg 2016/06/04 v1.11 sample graphics configuration
)
Package graphics Info: Driver file: pdftex.def on input line 107.

(C:\Users\Simon Prato\AppData\Local\Programs\MiKTeX\tex/latex/graphics-def\pdft
ex.def
File: pdftex.def 2022/09/22 v1.2b Graphics/color driver for pdftex
))
\Gin@req@height=\dimen151
\Gin@req@width=\dimen152
)
(C:\Users\Simon Prato\AppData\Local\Programs\MiKTeX\tex/latex/parskip\parskip.s
ty
Package: parskip 2021-03-14 v2.0h non-zero parskip adjustments

(C:\Users\Simon Prato\AppData\Local\Programs\MiKTeX\tex/latex/kvoptions\kvoptio
ns.sty
Package: kvoptions 2022-06-15 v3.15 Key value format for package options (HO)

(C:\Users\Simon Prato\AppData\Local\Programs\MiKTeX\tex/generic/ltxcmds\ltxcmds
.sty
Package: ltxcmds 2023-12-04 v1.26 LaTeX kernel commands for general use (HO)
)
(C:\Users\Simon Prato\AppData\Local\Programs\MiKTeX\tex/latex/kvsetkeys\kvsetke
ys.sty
Package: kvsetkeys 2022-10-05 v1.19 Key value parser (HO)
))
(C:\Users\Simon Prato\AppData\Local\Programs\MiKTeX\tex/latex/etoolbox\etoolbox
.sty
Package: etoolbox 2020/10/05 v2.5k e-TeX tools for LaTeX (JAW)
\etb@tempcnta=\count275
))
(C:\Users\Simon Prato\AppData\Local\Programs\MiKTeX\tex/latex/float\float.sty
Package: float 2001/11/08 v1.3d Float enhancements (AL)
\c@float@type=\count276
\float@exts=\toks23
\float@box=\box53
\@float@everytoks=\toks24
\@floatcapt=\box54
)
(C:\Users\Simon Prato\AppData\Local\Programs\MiKTeX\tex/latex/tools\tabularx.st
y
Package: tabularx 2023/07/08 v2.11c `tabularx' package (DPC)
 (C:\Users\Simon Prato\AppData\Local\Programs\MiKTeX\tex/latex/tools\array.sty
Package: array 2023/10/16 v2.5g Tabular extension package (FMi)
\col@sep=\dimen153
\ar@mcellbox=\box55
\extrarowheight=\dimen154
\NC@list=\toks25
\extratabsurround=\skip53
\backup@length=\skip54
\ar@cellbox=\box56
)
\TX@col@width=\dimen155
\TX@old@table=\dimen156
\TX@old@col=\dimen157
\TX@target=\dimen158
\TX@delta=\dimen159
\TX@cols=\count277
\TX@ftn=\toks26
)
(C:\Users\Simon Prato\AppData\Local\Programs\MiKTeX\tex/latex/esint\esint.sty
Package: esint 
\symlargesymbolsA=\mathgroup6
)
(C:\Users\Simon Prato\AppData\Local\Programs\MiKTeX\tex/latex/pdfpages\pdfpages
.sty
Package: pdfpages 2025/07/23 v0.6g Insert pages of external PDF documents (AM)

(C:\Users\Simon Prato\AppData\Local\Programs\MiKTeX\tex/latex/base\ifthen.sty
Package: ifthen 2022/04/13 v1.1d Standard LaTeX ifthen package (DPC)
)
(C:\Users\Simon Prato\AppData\Local\Programs\MiKTeX\tex/latex/tools\calc.sty
Package: calc 2023/07/08 v4.3 Infix arithmetic (KKT,FJ)
\calc@Acount=\count278
\calc@Bcount=\count279
\calc@Adimen=\dimen160
\calc@Bdimen=\dimen161
\calc@Askip=\skip55
\calc@Bskip=\skip56
LaTeX Info: Redefining \setlength on input line 80.
LaTeX Info: Redefining \addtolength on input line 81.
\calc@Ccount=\count280
\calc@Cskip=\skip57
)
(C:\Users\Simon Prato\AppData\Local\Programs\MiKTeX\tex/latex/eso-pic\eso-pic.s
ty
Package: eso-pic 2023/05/03 v3.0c eso-pic (RN)
\ESO@tempdima=\dimen162
\ESO@tempdimb=\dimen163

(C:\Users\Simon Prato\AppData\Local\Programs\MiKTeX\tex/latex/xcolor\xcolor.sty
Package: xcolor 2023/11/15 v3.01 LaTeX color extensions (UK)

(C:\Users\Simon Prato\AppData\Local\Programs\MiKTeX\tex/latex/graphics-cfg\colo
r.cfg
File: color.cfg 2016/01/02 v1.6 sample color configuration
)
Package xcolor Info: Driver file: pdftex.def on input line 274.

(C:\Users\Simon Prato\AppData\Local\Programs\MiKTeX\tex/latex/graphics\mathcolo
r.ltx)
Package xcolor Info: Model `cmy' substituted by `cmy0' on input line 1350.
Package xcolor Info: Model `hsb' substituted by `rgb' on input line 1354.
Package xcolor Info: Model `RGB' extended on input line 1366.
Package xcolor Info: Model `HTML' substituted by `rgb' on input line 1368.
Package xcolor Info: Model `Hsb' substituted by `hsb' on input line 1369.
Package xcolor Info: Model `tHsb' substituted by `hsb' on input line 1370.
Package xcolor Info: Model `HSB' substituted by `hsb' on input line 1371.
Package xcolor Info: Model `Gray' substituted by `gray' on input line 1372.
Package xcolor Info: Model `wave' substituted by `hsb' on input line 1373.
))
\AM@pagewidth=\dimen164
\AM@pageheight=\dimen165
\AM@fboxrule=\dimen166

(C:\Users\Simon Prato\AppData\Local\Programs\MiKTeX\tex/latex/pdfpages\pppdftex
.def
File: pppdftex.def 2025/07/23 v0.6g Pdfpages driver for pdfTeX (AM)
)
\pdfpages@includegraphics@status=\count281
\AM@pagebox=\box57
\AM@global@opts=\toks27
\AM@pagecnt=\count282
\AM@toc@title=\toks28
\AM@lof@heading=\toks29
\c@AM@survey=\count283
\AM@templatesizebox=\box58
)
(C:\Users\Simon Prato\AppData\Local\Programs\MiKTeX\tex/latex/url\url.sty
\Urlmuskip=\muskip17
Package: url 2013/09/16  ver 3.4  Verb mode for urls, etc.
)
(C:\Users\Simon Prato\AppData\Local\Programs\MiKTeX\tex/latex/multirow\multirow
.sty
Package: multirow 2024/11/12 v2.9 Span multiple rows of a table
\multirow@colwidth=\skip58
\multirow@cntb=\count284
\multirow@dima=\skip59
\bigstrutjot=\dimen167
)
(C:\Users\Simon Prato\AppData\Local\Programs\MiKTeX\tex/latex/hyperref\hyperref
.sty
Package: hyperref 2023-11-26 v7.01g Hypertext links for LaTeX

(C:\Users\Simon Prato\AppData\Local\Programs\MiKTeX\tex/generic/iftex\iftex.sty
Package: iftex 2022/02/03 v1.0f TeX engine tests
)
(C:\Users\Simon Prato\AppData\Local\Programs\MiKTeX\tex/generic/infwarerr\infwa
rerr.sty
Package: infwarerr 2019/12/03 v1.5 Providing info/warning/error messages (HO)
)
(C:\Users\Simon Prato\AppData\Local\Programs\MiKTeX\tex/generic/kvdefinekeys\kv
definekeys.sty
Package: kvdefinekeys 2019-12-19 v1.6 Define keys (HO)
)
(C:\Users\Simon Prato\AppData\Local\Programs\MiKTeX\tex/generic/pdfescape\pdfes
cape.sty
Package: pdfescape 2019/12/09 v1.15 Implements pdfTeX's escape features (HO)

(C:\Users\Simon Prato\AppData\Local\Programs\MiKTeX\tex/generic/pdftexcmds\pdft
excmds.sty
Package: pdftexcmds 2020-06-27 v0.33 Utility functions of pdfTeX for LuaTeX (HO
)
Package pdftexcmds Info: \pdf@primitive is available.
Package pdftexcmds Info: \pdf@ifprimitive is available.
Package pdftexcmds Info: \pdfdraftmode found.
))
(C:\Users\Simon Prato\AppData\Local\Programs\MiKTeX\tex/latex/hycolor\hycolor.s
ty
Package: hycolor 2020-01-27 v1.10 Color options for hyperref/bookmark (HO)
)
(C:\Users\Simon Prato\AppData\Local\Programs\MiKTeX\tex/latex/letltxmacro\letlt
xmacro.sty
Package: letltxmacro 2019/12/03 v1.6 Let assignment for LaTeX macros (HO)
)
(C:\Users\Simon Prato\AppData\Local\Programs\MiKTeX\tex/latex/auxhook\auxhook.s
ty
Package: auxhook 2019-12-17 v1.6 Hooks for auxiliary files (HO)
)
(C:\Users\Simon Prato\AppData\Local\Programs\MiKTeX\tex/latex/hyperref\nameref.
sty
Package: nameref 2023-11-26 v2.56 Cross-referencing by name of section

(C:\Users\Simon Prato\AppData\Local\Programs\MiKTeX\tex/latex/refcount\refcount
.sty
Package: refcount 2019/12/15 v3.6 Data extraction from label references (HO)
)
(C:\Users\Simon Prato\AppData\Local\Programs\MiKTeX\tex/generic/gettitlestring\
gettitlestring.sty
Package: gettitlestring 2019/12/15 v1.6 Cleanup title references (HO)
)
\c@section@level=\count285
)
\@linkdim=\dimen168
\Hy@linkcounter=\count286
\Hy@pagecounter=\count287

(C:\Users\Simon Prato\AppData\Local\Programs\MiKTeX\tex/latex/hyperref\pd1enc.d
ef
File: pd1enc.def 2023-11-26 v7.01g Hyperref: PDFDocEncoding definition (HO)
Now handling font encoding PD1 ...
... no UTF-8 mapping file for font encoding PD1
)
(C:\Users\Simon Prato\AppData\Local\Programs\MiKTeX\tex/generic/intcalc\intcalc
.sty
Package: intcalc 2019/12/15 v1.3 Expandable calculations with integers (HO)
)
\Hy@SavedSpaceFactor=\count288

(C:\Users\Simon Prato\AppData\Local\Programs\MiKTeX\tex/latex/hyperref\puenc.de
f
File: puenc.def 2023-11-26 v7.01g Hyperref: PDF Unicode definition (HO)
Now handling font encoding PU ...
... no UTF-8 mapping file for font encoding PU
)
Package hyperref Info: Hyper figures OFF on input line 4181.
Package hyperref Info: Link nesting OFF on input line 4186.
Package hyperref Info: Hyper index ON on input line 4189.
Package hyperref Info: Plain pages OFF on input line 4196.
Package hyperref Info: Backreferencing OFF on input line 4201.
Package hyperref Info: Implicit mode ON; LaTeX internals redefined.
Package hyperref Info: Bookmarks ON on input line 4448.
\c@Hy@tempcnt=\count289
LaTeX Info: Redefining \url on input line 4786.
\XeTeXLinkMargin=\dimen169

(C:\Users\Simon Prato\AppData\Local\Programs\MiKTeX\tex/generic/bitset\bitset.s
ty
Package: bitset 2019/12/09 v1.3 Handle bit-vector datatype (HO)

(C:\Users\Simon Prato\AppData\Local\Programs\MiKTeX\tex/generic/bigintcalc\bigi
ntcalc.sty
Package: bigintcalc 2019/12/15 v1.5 Expandable calculations on big integers (HO
)
))
\Fld@menulength=\count290
\Field@Width=\dimen170
\Fld@charsize=\dimen171
Package hyperref Info: Hyper figures OFF on input line 6065.
Package hyperref Info: Link nesting OFF on input line 6070.
Package hyperref Info: Hyper index ON on input line 6073.
Package hyperref Info: backreferencing OFF on input line 6080.
Package hyperref Info: Link coloring OFF on input line 6085.
Package hyperref Info: Link coloring with OCG OFF on input line 6090.
Package hyperref Info: PDF/A mode OFF on input line 6095.

(C:\Users\Simon Prato\AppData\Local\Programs\MiKTeX\tex/latex/base\atbegshi-ltx
.sty
Package: atbegshi-ltx 2021/01/10 v1.0c Emulation of the original atbegshi
package with kernel methods
)
\Hy@abspage=\count291
\c@Item=\count292
\c@Hfootnote=\count293
)
Package hyperref Info: Driver (autodetected): hpdftex.

(C:\Users\Simon Prato\AppData\Local\Programs\MiKTeX\tex/latex/hyperref\hpdftex.
def
File: hpdftex.def 2023-11-26 v7.01g Hyperref driver for pdfTeX

(C:\Users\Simon Prato\AppData\Local\Programs\MiKTeX\tex/latex/base\atveryend-lt
x.sty
Package: atveryend-ltx 2020/08/19 v1.0a Emulation of the original atveryend pac
kage
with kernel methods
)
\Fld@listcount=\count294
\c@bookmark@seq@number=\count295

(C:\Users\Simon Prato\AppData\Local\Programs\MiKTeX\tex/latex/rerunfilecheck\re
runfilecheck.sty
Package: rerunfilecheck 2025-06-21 v1.11 Rerun checks for auxiliary files (HO)

(C:\Users\Simon Prato\AppData\Local\Programs\MiKTeX\tex/generic/uniquecounter\u
niquecounter.sty
Package: uniquecounter 2019/12/15 v1.4 Provide unlimited unique counter (HO)
)
Package uniquecounter Info: New unique counter `rerunfilecheck' on input line 2
84.
)
\Hy@SectionHShift=\skip60
)
(C:\Users\Simon Prato\AppData\Local\Programs\MiKTeX\tex/latex/biblatex\biblatex
.sty
Package: biblatex 2023/03/05 v3.19 programmable bibliographies (PK/MW)

(C:\Users\Simon Prato\AppData\Local\Programs\MiKTeX\tex/latex/logreq\logreq.sty
Package: logreq 2010/08/04 v1.0 xml request logger
\lrq@indent=\count296

(C:\Users\Simon Prato\AppData\Local\Programs\MiKTeX\tex/latex/logreq\logreq.def
File: logreq.def 2010/08/04 v1.0 logreq spec v1.0
))
\c@tabx@nest=\count297
\c@listtotal=\count298
\c@listcount=\count299
\c@liststart=\count300
\c@liststop=\count301
\c@citecount=\count302
\c@citetotal=\count303
\c@multicitecount=\count304
\c@multicitetotal=\count305
\c@instcount=\count306
\c@maxnames=\count307
\c@minnames=\count308
\c@maxitems=\count309
\c@minitems=\count310
\c@citecounter=\count311
\c@maxcitecounter=\count312
\c@savedcitecounter=\count313
\c@uniquelist=\count314
\c@uniquename=\count315
\c@refsection=\count316
\c@refsegment=\count317
\c@maxextratitle=\count318
\c@maxextratitleyear=\count319
\c@maxextraname=\count320
\c@maxextradate=\count321
\c@maxextraalpha=\count322
\c@abbrvpenalty=\count323
\c@highnamepenalty=\count324
\c@lownamepenalty=\count325
\c@maxparens=\count326
\c@parenlevel=\count327
\blx@tempcnta=\count328
\blx@tempcntb=\count329
\blx@tempcntc=\count330
\c@blx@maxsection=\count331
\blx@maxsegment@0=\count332
\blx@notetype=\count333
\blx@parenlevel@text=\count334
\blx@parenlevel@foot=\count335
\blx@sectionciteorder@0=\count336
\blx@sectionciteorderinternal@0=\count337
\blx@entrysetcounter=\count338
\blx@biblioinstance=\count339
\labelnumberwidth=\skip61
\labelalphawidth=\skip62
\biblabelsep=\skip63
\bibitemsep=\skip64
\bibnamesep=\skip65
\bibinitsep=\skip66
\bibparsep=\skip67
\bibhang=\skip68
\blx@bcfin=\read3
\blx@bcfout=\write3
\blx@langwohyphens=\language80
\c@mincomprange=\count340
\c@maxcomprange=\count341
\c@mincompwidth=\count342
Package biblatex Info: Trying to load biblatex default data model...
Package biblatex Info: ... file 'blx-dm.def' found.

(C:\Users\Simon Prato\AppData\Local\Programs\MiKTeX\tex/latex/biblatex\blx-dm.d
ef
File: blx-dm.def 2023/03/05 v3.19 biblatex localization (PK/MW)
)
Package biblatex Info: Trying to load biblatex style data model...
Package biblatex Info: ... file 'numeric.dbx' not found.
Package biblatex Info: Trying to load biblatex custom data model...
Package biblatex Info: ... file 'biblatex-dm.cfg' not found.
\c@afterword=\count343
\c@savedafterword=\count344
\c@annotator=\count345
\c@savedannotator=\count346
\c@author=\count347
\c@savedauthor=\count348
\c@bookauthor=\count349
\c@savedbookauthor=\count350
\c@commentator=\count351
\c@savedcommentator=\count352
\c@editor=\count353
\c@savededitor=\count354
\c@editora=\count355
\c@savededitora=\count356
\c@editorb=\count357
\c@savededitorb=\count358
\c@editorc=\count359
\c@savededitorc=\count360
\c@foreword=\count361
\c@savedforeword=\count362
\c@holder=\count363
\c@savedholder=\count364
\c@introduction=\count365
\c@savedintroduction=\count366
\c@namea=\count367
\c@savednamea=\count368
\c@nameb=\count369
\c@savednameb=\count370
\c@namec=\count371
\c@savednamec=\count372
\c@translator=\count373
\c@savedtranslator=\count374
\c@shortauthor=\count375
\c@savedshortauthor=\count376
\c@shorteditor=\count377
\c@savedshorteditor=\count378
\c@labelname=\count379
\c@savedlabelname=\count380
\c@institution=\count381
\c@savedinstitution=\count382
\c@lista=\count383
\c@savedlista=\count384
\c@listb=\count385
\c@savedlistb=\count386
\c@listc=\count387
\c@savedlistc=\count388
\c@listd=\count389
\c@savedlistd=\count390
\c@liste=\count391
\c@savedliste=\count392
\c@listf=\count393
\c@savedlistf=\count394
\c@location=\count395
\c@savedlocation=\count396
\c@organization=\count397
\c@savedorganization=\count398
\c@origlocation=\count399
\c@savedoriglocation=\count400
\c@origpublisher=\count401
\c@savedorigpublisher=\count402
\c@publisher=\count403
\c@savedpublisher=\count404
\c@language=\count405
\c@savedlanguage=\count406
\c@origlanguage=\count407
\c@savedoriglanguage=\count408
\c@pageref=\count409
\c@savedpageref=\count410
\shorthandwidth=\skip69
\shortjournalwidth=\skip70
\shortserieswidth=\skip71
\shorttitlewidth=\skip72
\shortauthorwidth=\skip73
\shorteditorwidth=\skip74
\locallabelnumberwidth=\skip75
\locallabelalphawidth=\skip76
\localshorthandwidth=\skip77
\localshortjournalwidth=\skip78
\localshortserieswidth=\skip79
\localshorttitlewidth=\skip80
\localshortauthorwidth=\skip81
\localshorteditorwidth=\skip82
Package biblatex Info: Trying to load compatibility code...
Package biblatex Info: ... file 'blx-compat.def' found.

(C:\Users\Simon Prato\AppData\Local\Programs\MiKTeX\tex/latex/biblatex\blx-comp
at.def
File: blx-compat.def 2023/03/05 v3.19 biblatex compatibility (PK/MW)
)
Package biblatex Info: Trying to load BibTeX backend compatibility...
Package biblatex Info: ... file 'blx-bibtex.def' found.

(C:\Users\Simon Prato\AppData\Local\Programs\MiKTeX\tex/latex/biblatex\blx-bibt
ex.def
File: blx-bibtex.def 2023/03/05 v3.19 biblatex compatibility (PK/MW)


Package biblatex Warning: Using fall-back bibtex backend:
(biblatex)                functionality may be reduced/unavailable.

)
Package biblatex Info: Trying to load generic definitions...
Package biblatex Info: ... file 'biblatex.def' found.

(C:\Users\Simon Prato\AppData\Local\Programs\MiKTeX\tex/latex/biblatex\biblatex
.def
File: biblatex.def 2023/03/05 v3.19 biblatex compatibility (PK/MW)
\c@textcitecount=\count411
\c@textcitetotal=\count412
\c@textcitemaxnames=\count413
\c@biburlbigbreakpenalty=\count414
\c@biburlbreakpenalty=\count415
\c@biburlnumpenalty=\count416
\c@biburlucpenalty=\count417
\c@biburllcpenalty=\count418
\biburlbigskip=\muskip18
\biburlnumskip=\muskip19
\biburlucskip=\muskip20
\biburllcskip=\muskip21
\c@smartand=\count419
)
Package biblatex Info: Trying to load bibliography style 'numeric'...
Package biblatex Info: ... file 'numeric.bbx' found.

(C:\Users\Simon Prato\AppData\Local\Programs\MiKTeX\tex/latex/biblatex/bbx\nume
ric.bbx
File: numeric.bbx 2023/03/05 v3.19 biblatex bibliography style (PK/MW)
Package biblatex Info: Trying to load bibliography style 'standard'...
Package biblatex Info: ... file 'standard.bbx' found.

(C:\Users\Simon Prato\AppData\Local\Programs\MiKTeX\tex/latex/biblatex/bbx\stan
dard.bbx
File: standard.bbx 2023/03/05 v3.19 biblatex bibliography style (PK/MW)
\c@bbx:relatedcount=\count420
\c@bbx:relatedtotal=\count421
))
Package biblatex Info: Trying to load citation style 'numeric'...
Package biblatex Info: ... file 'numeric.cbx' found.

(C:\Users\Simon Prato\AppData\Local\Programs\MiKTeX\tex/latex/biblatex/cbx\nume
ric.cbx
File: numeric.cbx 2023/03/05 v3.19 biblatex citation style (PK/MW)
Package biblatex Info: Redefining '\cite'.
Package biblatex Info: Redefining '\parencite'.
Package biblatex Info: Redefining '\footcite'.
Package biblatex Info: Redefining '\footcitetext'.
Package biblatex Info: Redefining '\smartcite'.
Package biblatex Info: Redefining '\supercite'.
Package biblatex Info: Redefining '\textcite'.
Package biblatex Info: Redefining '\textcites'.
Package biblatex Info: Redefining '\cites'.
Package biblatex Info: Redefining '\parencites'.
Package biblatex Info: Redefining '\smartcites'.
)
Package biblatex Info: Trying to load configuration file...
Package biblatex Info: ... file 'biblatex.cfg' found.

(C:\Users\Simon Prato\AppData\Local\Programs\MiKTeX\tex/latex/biblatex\biblatex
.cfg
File: biblatex.cfg 
)
Package biblatex Info: Input encoding 'utf8' detected.
Package biblatex Info: Document encoding is UTF8 ....

(C:\Users\Simon Prato\AppData\Local\Programs\MiKTeX\tex/latex/l3kernel\expl3.st
y
Package: expl3 2024-01-04 L3 programming layer (loader) 

(C:\Users\Simon Prato\AppData\Local\Programs\MiKTeX\tex/latex/l3backend\l3backe
nd-pdftex.def
File: l3backend-pdftex.def 2024-01-04 L3 backend support: PDF output (pdfTeX)
\l__color_backend_stack_int=\count422
\l__pdf_internal_box=\box59
))
Package biblatex Info: ... and expl3
(biblatex)             2024-01-04 L3 programming layer (loader) 
(biblatex)             is new enough (at least 2020/04/06),
(biblatex)             setting 'casechanger=expl3'.

(C:\Users\Simon Prato\AppData\Local\Programs\MiKTeX\tex/latex/biblatex\blx-case
-expl3.sty
(C:\Users\Simon Prato\AppData\Local\Programs\MiKTeX\tex/latex/l3packages/xparse
\xparse.sty
Package: xparse 2023-10-10 L3 Experimental document command parser
)
Package: blx-case-expl3 2023/03/05 v3.19 expl3 case changing code for biblatex
))
(C:\Users\Simon Prato\AppData\Local\Programs\MiKTeX\tex/latex/todonotes\todonot
es.sty
Package: todonotes 2024/01/05 v1.1.7 Todonotes source and documentation.
Package: todonotes 2024/01/05

(C:\Users\Simon Prato\AppData\Local\Programs\MiKTeX\tex/latex/xkeyval\xkeyval.s
ty
Package: xkeyval 2022/06/16 v2.9 package option processing (HA)

(C:\Users\Simon Prato\AppData\Local\Programs\MiKTeX\tex/generic/xkeyval\xkeyval
.tex
(C:\Users\Simon Prato\AppData\Local\Programs\MiKTeX\tex/generic/xkeyval\xkvutil
s.tex
\XKV@toks=\toks30
\XKV@tempa@toks=\toks31
)
\XKV@depth=\count423
File: xkeyval.tex 2014/12/03 v2.7a key=value parser (HA)
))
(C:\Users\Simon Prato\AppData\Local\Programs\MiKTeX\tex/latex/pgf/frontendlayer
\tikz.sty
(C:\Users\Simon Prato\AppData\Local\Programs\MiKTeX\tex/latex/pgf/basiclayer\pg
f.sty
(C:\Users\Simon Prato\AppData\Local\Programs\MiKTeX\tex/latex/pgf/utilities\pgf
rcs.sty
(C:\Users\Simon Prato\AppData\Local\Programs\MiKTeX\tex/generic/pgf/utilities\p
gfutil-common.tex
\pgfutil@everybye=\toks32
\pgfutil@tempdima=\dimen172
\pgfutil@tempdimb=\dimen173
)
(C:\Users\Simon Prato\AppData\Local\Programs\MiKTeX\tex/generic/pgf/utilities\p
gfutil-latex.def
\pgfutil@abb=\box60
)
(C:\Users\Simon Prato\AppData\Local\Programs\MiKTeX\tex/generic/pgf/utilities\p
gfrcs.code.tex
(C:\Users\Simon Prato\AppData\Local\Programs\MiKTeX\tex/generic/pgf\pgf.revisio
n.tex)
Package: pgfrcs 2023-01-15 v3.1.10 (3.1.10)
))
Package: pgf 2023-01-15 v3.1.10 (3.1.10)

(C:\Users\Simon Prato\AppData\Local\Programs\MiKTeX\tex/latex/pgf/basiclayer\pg
fcore.sty
(C:\Users\Simon Prato\AppData\Local\Programs\MiKTeX\tex/latex/pgf/systemlayer\p
gfsys.sty
(C:\Users\Simon Prato\AppData\Local\Programs\MiKTeX\tex/generic/pgf/systemlayer
\pgfsys.code.tex
Package: pgfsys 2023-01-15 v3.1.10 (3.1.10)

(C:\Users\Simon Prato\AppData\Local\Programs\MiKTeX\tex/generic/pgf/utilities\p
gfkeys.code.tex
\pgfkeys@pathtoks=\toks33
\pgfkeys@temptoks=\toks34

(C:\Users\Simon Prato\AppData\Local\Programs\MiKTeX\tex/generic/pgf/utilities\p
gfkeyslibraryfiltered.code.tex
\pgfkeys@tmptoks=\toks35
))
\pgf@x=\dimen174
\pgf@y=\dimen175
\pgf@xa=\dimen176
\pgf@ya=\dimen177
\pgf@xb=\dimen178
\pgf@yb=\dimen179
\pgf@xc=\dimen180
\pgf@yc=\dimen181
\pgf@xd=\dimen182
\pgf@yd=\dimen183
\w@pgf@writea=\write4
\r@pgf@reada=\read4
\c@pgf@counta=\count424
\c@pgf@countb=\count425
\c@pgf@countc=\count426
\c@pgf@countd=\count427
\t@pgf@toka=\toks36
\t@pgf@tokb=\toks37
\t@pgf@tokc=\toks38
\pgf@sys@id@count=\count428

(C:\Users\Simon Prato\AppData\Local\Programs\MiKTeX\tex/generic/pgf/systemlayer
\pgf.cfg
File: pgf.cfg 2023-01-15 v3.1.10 (3.1.10)
)
Driver file for pgf: pgfsys-pdftex.def

(C:\Users\Simon Prato\AppData\Local\Programs\MiKTeX\tex/generic/pgf/systemlayer
\pgfsys-pdftex.def
File: pgfsys-pdftex.def 2023-01-15 v3.1.10 (3.1.10)

(C:\Users\Simon Prato\AppData\Local\Programs\MiKTeX\tex/generic/pgf/systemlayer
\pgfsys-common-pdf.def
File: pgfsys-common-pdf.def 2023-01-15 v3.1.10 (3.1.10)
)))
(C:\Users\Simon Prato\AppData\Local\Programs\MiKTeX\tex/generic/pgf/systemlayer
\pgfsyssoftpath.code.tex
File: pgfsyssoftpath.code.tex 2023-01-15 v3.1.10 (3.1.10)
\pgfsyssoftpath@smallbuffer@items=\count429
\pgfsyssoftpath@bigbuffer@items=\count430
)
(C:\Users\Simon Prato\AppData\Local\Programs\MiKTeX\tex/generic/pgf/systemlayer
\pgfsysprotocol.code.tex
File: pgfsysprotocol.code.tex 2023-01-15 v3.1.10 (3.1.10)
))
(C:\Users\Simon Prato\AppData\Local\Programs\MiKTeX\tex/generic/pgf/basiclayer\
pgfcore.code.tex
Package: pgfcore 2023-01-15 v3.1.10 (3.1.10)

(C:\Users\Simon Prato\AppData\Local\Programs\MiKTeX\tex/generic/pgf/math\pgfmat
h.code.tex
(C:\Users\Simon Prato\AppData\Local\Programs\MiKTeX\tex/generic/pgf/math\pgfmat
hutil.code.tex)
(C:\Users\Simon Prato\AppData\Local\Programs\MiKTeX\tex/generic/pgf/math\pgfmat
hparser.code.tex
\pgfmath@dimen=\dimen184
\pgfmath@count=\count431
\pgfmath@box=\box61
\pgfmath@toks=\toks39
\pgfmath@stack@operand=\toks40
\pgfmath@stack@operation=\toks41
)
(C:\Users\Simon Prato\AppData\Local\Programs\MiKTeX\tex/generic/pgf/math\pgfmat
hfunctions.code.tex)
(C:\Users\Simon Prato\AppData\Local\Programs\MiKTeX\tex/generic/pgf/math\pgfmat
hfunctions.basic.code.tex)
(C:\Users\Simon Prato\AppData\Local\Programs\MiKTeX\tex/generic/pgf/math\pgfmat
hfunctions.trigonometric.code.tex)
(C:\Users\Simon Prato\AppData\Local\Programs\MiKTeX\tex/generic/pgf/math\pgfmat
hfunctions.random.code.tex)
(C:\Users\Simon Prato\AppData\Local\Programs\MiKTeX\tex/generic/pgf/math\pgfmat
hfunctions.comparison.code.tex)
(C:\Users\Simon Prato\AppData\Local\Programs\MiKTeX\tex/generic/pgf/math\pgfmat
hfunctions.base.code.tex)
(C:\Users\Simon Prato\AppData\Local\Programs\MiKTeX\tex/generic/pgf/math\pgfmat
hfunctions.round.code.tex)
(C:\Users\Simon Prato\AppData\Local\Programs\MiKTeX\tex/generic/pgf/math\pgfmat
hfunctions.misc.code.tex)
(C:\Users\Simon Prato\AppData\Local\Programs\MiKTeX\tex/generic/pgf/math\pgfmat
hfunctions.integerarithmetics.code.tex)
(C:\Users\Simon Prato\AppData\Local\Programs\MiKTeX\tex/generic/pgf/math\pgfmat
hcalc.code.tex)
(C:\Users\Simon Prato\AppData\Local\Programs\MiKTeX\tex/generic/pgf/math\pgfmat
hfloat.code.tex
\c@pgfmathroundto@lastzeros=\count432
))
(C:\Users\Simon Prato\AppData\Local\Programs\MiKTeX\tex/generic/pgf/math\pgfint
.code.tex)
(C:\Users\Simon Prato\AppData\Local\Programs\MiKTeX\tex/generic/pgf/basiclayer\
pgfcorepoints.code.tex
File: pgfcorepoints.code.tex 2023-01-15 v3.1.10 (3.1.10)
\pgf@picminx=\dimen185
\pgf@picmaxx=\dimen186
\pgf@picminy=\dimen187
\pgf@picmaxy=\dimen188
\pgf@pathminx=\dimen189
\pgf@pathmaxx=\dimen190
\pgf@pathminy=\dimen191
\pgf@pathmaxy=\dimen192
\pgf@xx=\dimen193
\pgf@xy=\dimen194
\pgf@yx=\dimen195
\pgf@yy=\dimen196
\pgf@zx=\dimen197
\pgf@zy=\dimen198
)
(C:\Users\Simon Prato\AppData\Local\Programs\MiKTeX\tex/generic/pgf/basiclayer\
pgfcorepathconstruct.code.tex
File: pgfcorepathconstruct.code.tex 2023-01-15 v3.1.10 (3.1.10)
\pgf@path@lastx=\dimen199
\pgf@path@lasty=\dimen256
)
(C:\Users\Simon Prato\AppData\Local\Programs\MiKTeX\tex/generic/pgf/basiclayer\
pgfcorepathusage.code.tex
File: pgfcorepathusage.code.tex 2023-01-15 v3.1.10 (3.1.10)
\pgf@shorten@end@additional=\dimen257
\pgf@shorten@start@additional=\dimen258
)
(C:\Users\Simon Prato\AppData\Local\Programs\MiKTeX\tex/generic/pgf/basiclayer\
pgfcorescopes.code.tex
File: pgfcorescopes.code.tex 2023-01-15 v3.1.10 (3.1.10)
\pgfpic=\box62
\pgf@hbox=\box63
\pgf@layerbox@main=\box64
\pgf@picture@serial@count=\count433
)
(C:\Users\Simon Prato\AppData\Local\Programs\MiKTeX\tex/generic/pgf/basiclayer\
pgfcoregraphicstate.code.tex
File: pgfcoregraphicstate.code.tex 2023-01-15 v3.1.10 (3.1.10)
\pgflinewidth=\dimen259
)
(C:\Users\Simon Prato\AppData\Local\Programs\MiKTeX\tex/generic/pgf/basiclayer\
pgfcoretransformations.code.tex
File: pgfcoretransformations.code.tex 2023-01-15 v3.1.10 (3.1.10)
\pgf@pt@x=\dimen260
\pgf@pt@y=\dimen261
\pgf@pt@temp=\dimen262
)
(C:\Users\Simon Prato\AppData\Local\Programs\MiKTeX\tex/generic/pgf/basiclayer\
pgfcorequick.code.tex
File: pgfcorequick.code.tex 2023-01-15 v3.1.10 (3.1.10)
)
(C:\Users\Simon Prato\AppData\Local\Programs\MiKTeX\tex/generic/pgf/basiclayer\
pgfcoreobjects.code.tex
File: pgfcoreobjects.code.tex 2023-01-15 v3.1.10 (3.1.10)
)
(C:\Users\Simon Prato\AppData\Local\Programs\MiKTeX\tex/generic/pgf/basiclayer\
pgfcorepathprocessing.code.tex
File: pgfcorepathprocessing.code.tex 2023-01-15 v3.1.10 (3.1.10)
)
(C:\Users\Simon Prato\AppData\Local\Programs\MiKTeX\tex/generic/pgf/basiclayer\
pgfcorearrows.code.tex
File: pgfcorearrows.code.tex 2023-01-15 v3.1.10 (3.1.10)
\pgfarrowsep=\dimen263
)
(C:\Users\Simon Prato\AppData\Local\Programs\MiKTeX\tex/generic/pgf/basiclayer\
pgfcoreshade.code.tex
File: pgfcoreshade.code.tex 2023-01-15 v3.1.10 (3.1.10)
\pgf@max=\dimen264
\pgf@sys@shading@range@num=\count434
\pgf@shadingcount=\count435
)
(C:\Users\Simon Prato\AppData\Local\Programs\MiKTeX\tex/generic/pgf/basiclayer\
pgfcoreimage.code.tex
File: pgfcoreimage.code.tex 2023-01-15 v3.1.10 (3.1.10)
)
(C:\Users\Simon Prato\AppData\Local\Programs\MiKTeX\tex/generic/pgf/basiclayer\
pgfcoreexternal.code.tex
File: pgfcoreexternal.code.tex 2023-01-15 v3.1.10 (3.1.10)
\pgfexternal@startupbox=\box65
)
(C:\Users\Simon Prato\AppData\Local\Programs\MiKTeX\tex/generic/pgf/basiclayer\
pgfcorelayers.code.tex
File: pgfcorelayers.code.tex 2023-01-15 v3.1.10 (3.1.10)
)
(C:\Users\Simon Prato\AppData\Local\Programs\MiKTeX\tex/generic/pgf/basiclayer\
pgfcoretransparency.code.tex
File: pgfcoretransparency.code.tex 2023-01-15 v3.1.10 (3.1.10)
)
(C:\Users\Simon Prato\AppData\Local\Programs\MiKTeX\tex/generic/pgf/basiclayer\
pgfcorepatterns.code.tex
File: pgfcorepatterns.code.tex 2023-01-15 v3.1.10 (3.1.10)
)
(C:\Users\Simon Prato\AppData\Local\Programs\MiKTeX\tex/generic/pgf/basiclayer\
pgfcorerdf.code.tex
File: pgfcorerdf.code.tex 2023-01-15 v3.1.10 (3.1.10)
)))
(C:\Users\Simon Prato\AppData\Local\Programs\MiKTeX\tex/generic/pgf/modules\pgf
moduleshapes.code.tex
File: pgfmoduleshapes.code.tex 2023-01-15 v3.1.10 (3.1.10)
\pgfnodeparttextbox=\box66
)
(C:\Users\Simon Prato\AppData\Local\Programs\MiKTeX\tex/generic/pgf/modules\pgf
moduleplot.code.tex
File: pgfmoduleplot.code.tex 2023-01-15 v3.1.10 (3.1.10)
)
(C:\Users\Simon Prato\AppData\Local\Programs\MiKTeX\tex/latex/pgf/compatibility
\pgfcomp-version-0-65.sty
Package: pgfcomp-version-0-65 2023-01-15 v3.1.10 (3.1.10)
\pgf@nodesepstart=\dimen265
\pgf@nodesepend=\dimen266
)
(C:\Users\Simon Prato\AppData\Local\Programs\MiKTeX\tex/latex/pgf/compatibility
\pgfcomp-version-1-18.sty
Package: pgfcomp-version-1-18 2023-01-15 v3.1.10 (3.1.10)
))
(C:\Users\Simon Prato\AppData\Local\Programs\MiKTeX\tex/latex/pgf/utilities\pgf
for.sty
(C:\Users\Simon Prato\AppData\Local\Programs\MiKTeX\tex/latex/pgf/utilities\pgf
keys.sty
(C:\Users\Simon Prato\AppData\Local\Programs\MiKTeX\tex/generic/pgf/utilities\p
gfkeys.code.tex))
(C:\Users\Simon Prato\AppData\Local\Programs\MiKTeX\tex/latex/pgf/math\pgfmath.
sty
(C:\Users\Simon Prato\AppData\Local\Programs\MiKTeX\tex/generic/pgf/math\pgfmat
h.code.tex))
(C:\Users\Simon Prato\AppData\Local\Programs\MiKTeX\tex/generic/pgf/utilities\p
gffor.code.tex
Package: pgffor 2023-01-15 v3.1.10 (3.1.10)
\pgffor@iter=\dimen267
\pgffor@skip=\dimen268
\pgffor@stack=\toks42
\pgffor@toks=\toks43
))
(C:\Users\Simon Prato\AppData\Local\Programs\MiKTeX\tex/generic/pgf/frontendlay
er/tikz\tikz.code.tex
Package: tikz 2023-01-15 v3.1.10 (3.1.10)

(C:\Users\Simon Prato\AppData\Local\Programs\MiKTeX\tex/generic/pgf/libraries\p
gflibraryplothandlers.code.tex
File: pgflibraryplothandlers.code.tex 2023-01-15 v3.1.10 (3.1.10)
\pgf@plot@mark@count=\count436
\pgfplotmarksize=\dimen269
)
\tikz@lastx=\dimen270
\tikz@lasty=\dimen271
\tikz@lastxsaved=\dimen272
\tikz@lastysaved=\dimen273
\tikz@lastmovetox=\dimen274
\tikz@lastmovetoy=\dimen275
\tikzleveldistance=\dimen276
\tikzsiblingdistance=\dimen277
\tikz@figbox=\box67
\tikz@figbox@bg=\box68
\tikz@tempbox=\box69
\tikz@tempbox@bg=\box70
\tikztreelevel=\count437
\tikznumberofchildren=\count438
\tikznumberofcurrentchild=\count439
\tikz@fig@count=\count440

(C:\Users\Simon Prato\AppData\Local\Programs\MiKTeX\tex/generic/pgf/modules\pgf
modulematrix.code.tex
File: pgfmodulematrix.code.tex 2023-01-15 v3.1.10 (3.1.10)
\pgfmatrixcurrentrow=\count441
\pgfmatrixcurrentcolumn=\count442
\pgf@matrix@numberofcolumns=\count443
)
\tikz@expandcount=\count444

(C:\Users\Simon Prato\AppData\Local\Programs\MiKTeX\tex/generic/pgf/frontendlay
er/tikz/libraries\tikzlibrarytopaths.code.tex
File: tikzlibrarytopaths.code.tex 2023-01-15 v3.1.10 (3.1.10)
)))
(C:\Users\Simon Prato\AppData\Local\Programs\MiKTeX\tex/generic/pgf/frontendlay
er/tikz/libraries\tikzlibrarypositioning.code.tex
File: tikzlibrarypositioning.code.tex 2023-01-15 v3.1.10 (3.1.10)
)
\c@@todonotes@numberoftodonotes=\count445
)
(C:\Users\Simon Prato\AppData\Local\Programs\MiKTeX\tex/latex/caption\subcaptio
n.sty
Package: subcaption 2023/07/28 v1.6b Sub-captions (AR)

(C:\Users\Simon Prato\AppData\Local\Programs\MiKTeX\tex/latex/caption\caption.s
ty
Package: caption 2023/08/05 v3.6o Customizing captions (AR)

(C:\Users\Simon Prato\AppData\Local\Programs\MiKTeX\tex/latex/caption\caption3.
sty
Package: caption3 2023/07/31 v2.4d caption3 kernel (AR)
\caption@tempdima=\dimen278
\captionmargin=\dimen279
\caption@leftmargin=\dimen280
\caption@rightmargin=\dimen281
\caption@width=\dimen282
\caption@indent=\dimen283
\caption@parindent=\dimen284
\caption@hangindent=\dimen285
Package caption Info: Standard document class detected.
)
\c@caption@flags=\count446
\c@continuedfloat=\count447
Package caption Info: float package is loaded.
Package caption Info: hyperref package is loaded.
)
Package caption Info: New subtype `subfigure' on input line 238.
\c@subfigure=\count448
Package caption Info: New subtype `subtable' on input line 238.
\c@subtable=\count449
)
(C:\Users\Simon Prato\AppData\Local\Programs\MiKTeX\tex/latex/circuitikz\circui
tikz.sty
Package: circuitikz 2025/03/21{} The CircuiTikz circuit drawing package version
 1.7.2

(C:\Users\Simon Prato\AppData\Local\Programs\MiKTeX\tex/generic/pgf/frontendlay
er/tikz/libraries\tikzlibrarycalc.code.tex
File: tikzlibrarycalc.code.tex 2023-01-15 v3.1.10 (3.1.10)
)
(C:\Users\Simon Prato\AppData\Local\Programs\MiKTeX\tex/generic/pgf/libraries\p
gflibraryarrows.meta.code.tex
File: pgflibraryarrows.meta.code.tex 2023-01-15 v3.1.10 (3.1.10)
\pgfarrowinset=\dimen286
\pgfarrowlength=\dimen287
\pgfarrowwidth=\dimen288
\pgfarrowlinewidth=\dimen289
)
(C:\Users\Simon Prato\AppData\Local\Programs\MiKTeX\tex/generic/pgf/frontendlay
er/tikz/libraries\tikzlibrarybending.code.tex
File: tikzlibrarybending.code.tex 2023-01-15 v3.1.10 (3.1.10)

(C:\Users\Simon Prato\AppData\Local\Programs\MiKTeX\tex/generic/pgf/modules\pgf
modulebending.code.tex
File: pgfmodulebending.code.tex 2023-01-15 v3.1.10 (3.1.10)

(C:\Users\Simon Prato\AppData\Local\Programs\MiKTeX\tex/generic/pgf/modules\pgf
modulenonlineartransformations.code.tex
File: pgfmodulenonlineartransformations.code.tex 2023-01-15 v3.1.10 (3.1.10)
\pgftransformnonlinearflatness=\dimen290
)
(C:\Users\Simon Prato\AppData\Local\Programs\MiKTeX\tex/generic/pgf/libraries\p
gflibrarycurvilinear.code.tex
File: pgflibrarycurvilinear.code.tex 2023-01-15 v3.1.10 (3.1.10)
\pgf@curvilinear@time@a=\dimen291
\pgf@curvilinear@length@a=\dimen292
\pgf@curvilinear@length@b=\dimen293
\pgf@curvilinear@length@c=\dimen294
\pgf@curvilinear@length@d=\dimen295
)
\pgf@arrows@the@rigidity=\dimen296
))
(C:\Users\Simon Prato\AppData\Local\Programs\MiKTeX\tex/generic/pgf/frontendlay
er/tikz/libraries\tikzlibraryfpu.code.tex
(C:\Users\Simon Prato\AppData\Local\Programs\MiKTeX\tex/generic/pgf/libraries\p
gflibraryfpu.code.tex))
(C:\Users\Simon Prato\AppData\Local\Programs\MiKTeX\tex/generic/circuitikz\pgfc
irc.defines.tex
\pgf@circ@count@a=\count450
\pgf@circ@count@b=\count451
\pgf@circ@count@c=\count452
\pgf@circ@res@up=\dimen297
\pgf@circ@res@down=\dimen298
\pgf@circ@res@zero=\dimen299
\pgf@circ@res@left=\dimen300
\pgf@circ@res@right=\dimen301
\pgf@circ@res@other=\dimen302
\pgf@circ@res@step=\dimen303
\pgf@circ@res@temp=\dimen304
\pgf@circ@Rlen=\dimen305
\pgf@circ@scaled@Rlen=\dimen306
\pgfstartlinewidth=\dimen307
)
(C:\Users\Simon Prato\AppData\Local\Programs\MiKTeX\tex/generic/circuitikz\pgfc
ircutils.tex
\ctikz@scratchbox=\box71
)
(C:\Users\Simon Prato\AppData\Local\Programs\MiKTeX\tex/generic/circuitikz\pgfc
ircpath.tex)
(C:\Users\Simon Prato\AppData\Local\Programs\MiKTeX\tex/generic/circuitikz\pgfc
ircshapes.tex)
(C:\Users\Simon Prato\AppData\Local\Programs\MiKTeX\tex/generic/circuitikz\pgfc
ircmonopoles.tex)
(C:\Users\Simon Prato\AppData\Local\Programs\MiKTeX\tex/generic/circuitikz\pgfc
ircbipoles.tex)
(C:\Users\Simon Prato\AppData\Local\Programs\MiKTeX\tex/generic/circuitikz\pgfc
irctripoles.tex
\pgf@circ@res@count=\count453
)
(C:\Users\Simon Prato\AppData\Local\Programs\MiKTeX\tex/generic/circuitikz\pgfc
ircquadpoles.tex)
(C:\Users\Simon Prato\AppData\Local\Programs\MiKTeX\tex/generic/circuitikz\pgfc
ircmultipoles.tex)
(C:\Users\Simon Prato\AppData\Local\Programs\MiKTeX\tex/generic/circuitikz\pgfc
irclabel.tex)
(C:\Users\Simon Prato\AppData\Local\Programs\MiKTeX\tex/generic/circuitikz\pgfc
ircvoltage.tex
\pgfcirc@labelshift=\dimen308
)
(C:\Users\Simon Prato\AppData\Local\Programs\MiKTeX\tex/generic/circuitikz\pgfc
irccurrent.tex)
(C:\Users\Simon Prato\AppData\Local\Programs\MiKTeX\tex/generic/circuitikz\pgfc
ircflow.tex))

Package biblatex Warning: 'babel/polyglossia' detected but 'csquotes' missing.
(biblatex)                Loading 'csquotes' recommended.

\@quotelevel=\count454
\@quotereset=\count455
(Documentation.aux)
\openout1 = `Documentation.aux'.

LaTeX Font Info:    Checking defaults for OML/cmm/m/it on input line 38.
LaTeX Font Info:    ... okay on input line 38.
LaTeX Font Info:    Checking defaults for OMS/cmsy/m/n on input line 38.
LaTeX Font Info:    ... okay on input line 38.
LaTeX Font Info:    Checking defaults for OT1/cmr/m/n on input line 38.
LaTeX Font Info:    ... okay on input line 38.
LaTeX Font Info:    Checking defaults for T1/cmr/m/n on input line 38.
LaTeX Font Info:    ... okay on input line 38.
LaTeX Font Info:    Checking defaults for TS1/cmr/m/n on input line 38.
LaTeX Font Info:    ... okay on input line 38.
LaTeX Font Info:    Checking defaults for OMX/cmex/m/n on input line 38.
LaTeX Font Info:    ... okay on input line 38.
LaTeX Font Info:    Checking defaults for U/cmr/m/n on input line 38.
LaTeX Font Info:    ... okay on input line 38.
LaTeX Font Info:    Checking defaults for PD1/pdf/m/n on input line 38.
LaTeX Font Info:    ... okay on input line 38.
LaTeX Font Info:    Checking defaults for PU/pdf/m/n on input line 38.
LaTeX Font Info:    ... okay on input line 38.

(C:\Users\Simon Prato\AppData\Local\Programs\MiKTeX\tex/context/base/mkii\supp-
pdf.mkii
[Loading MPS to PDF converter (version 2006.09.02).]
\scratchcounter=\count456
\scratchdimen=\dimen309
\scratchbox=\box72
\nofMPsegments=\count457
\nofMParguments=\count458
\everyMPshowfont=\toks44
\MPscratchCnt=\count459
\MPscratchDim=\dimen310
\MPnumerator=\count460
\makeMPintoPDFobject=\count461
\everyMPtoPDFconversion=\toks45
)
(C:\Users\Simon Prato\AppData\Local\Programs\MiKTeX\tex/latex/epstopdf-pkg\epst
opdf-base.sty
Package: epstopdf-base 2020-01-24 v2.11 Base part for package epstopdf
Package epstopdf-base Info: Redefining graphics rule for `.eps' on input line 4
85.

(C:\Users\Simon Prato\AppData\Local\Programs\MiKTeX\tex/latex/00miktex\epstopdf
-sys.cfg
File: epstopdf-sys.cfg 2021/03/18 v2.0 Configuration of epstopdf for MiKTeX
))
(C:\Users\Simon Prato\AppData\Local\Programs\MiKTeX\tex/latex/pdflscape\pdflsca
pe.sty
Package: pdflscape 2022-10-27 v0.13 Display of landscape pages in PDF

(C:\Users\Simon Prato\AppData\Local\Programs\MiKTeX\tex/latex/pdflscape\pdflsca
pe-nometadata.sty
Package: pdflscape-nometadata 2022-10-28 v0.13 Display of landscape pages in PD
F (HO)

(C:\Users\Simon Prato\AppData\Local\Programs\MiKTeX\tex/latex/graphics\lscape.s
ty
Package: lscape 2020/05/28 v3.02 Landscape Pages (DPC)
)
Package pdflscape Info: Auto-detected driver: pdftex on input line 81.
))
Package hyperref Info: Link coloring OFF on input line 38.
 (Documentation.out) (Documentation.out)
\@outlinefile=\write5
\openout5 = `Documentation.out'.

Package biblatex Info: Trying to load language 'english'...
Package biblatex Info: ... file 'english.lbx' found.

(C:\Users\Simon Prato\AppData\Local\Programs\MiKTeX\tex/latex/biblatex/lbx\engl
ish.lbx
File: english.lbx 2023/03/05 v3.19 biblatex localization (PK/MW)
)
Package biblatex Info: Input encoding 'utf8' detected.
Package biblatex Info: Automatic encoding selection.
(biblatex)             Assuming data encoding 'utf8'.
Package biblatex Info: Input encoding 'utf8' detected.
Package biblatex Info: Data encoding 'utf8' specified.
(biblatex)             No need to reencode data.
\openout3 = `Documentation-blx.bib'.

Package biblatex Info: Trying to load bibliographic data...
Package biblatex Info: ... file 'Documentation.bbl' found.
 (Documentation.bbl

Package biblatex Warning: BibTeX reported the following issues
(biblatex)                with 'Cendes_1991':
(biblatex)                - Invalid format of field 'month'.


Package biblatex Warning: BibTeX reported the following issues
(biblatex)                with 'Kreindl_Bauernfeind_Weiss_Stockreiter_Kaltenbac
her_2024':
(biblatex)                - Invalid format of field 'month'.


Package biblatex Warning: BibTeX reported the following issues
(biblatex)                with 'Kreindl_Bauernfeind_Weiss_Stockreiter_Yenumula_
Narayanan_Kaltenbacher_2022':
(biblatex)                - Invalid format of field 'month'.


Package biblatex Warning: BibTeX reported the following issues
(biblatex)                with 'Mohsen_1982':
(biblatex)                - Invalid format of field 'month'.


Package biblatex Warning: BibTeX reported the following issues
(biblatex)                with 'Shenton_Cendes_1985':
(biblatex)                - Invalid format of field 'month'.


Package biblatex Warning: BibTeX reported the following issues
(biblatex)                with 'Sreenivasiah_Chang_Ma_1981':
(biblatex)                - Invalid format of field 'month'.


Package biblatex Warning: BibTeX reported the following issues
(biblatex)                with 'Weil_Gruner_1984':
(biblatex)                - Invalid format of field 'month'.


Package biblatex Warning: BibTeX reported the following issues
(biblatex)                with 'Wilson_Ma_1986':
(biblatex)                - Invalid format of field 'month'.

)
Package biblatex Info: Reference section=0 on input line 38.
Package biblatex Info: Reference segment=0 on input line 38.
Package caption Info: Begin \AtBeginDocument code.
Package caption Info: End \AtBeginDocument code.
<images/TU_Graz_Logo.png, id=142, 113.223pt x 41.6757pt>
File: images/TU_Graz_Logo.png Graphic file (type png)
<use images/TU_Graz_Logo.png>
Package pdftex.def Info: images/TU_Graz_Logo.png  used on input line 46.
(pdftex.def)             Requested size: 85.35826pt x 31.4201pt.
<images/igte_logo.png, id=144, 127.0123pt x 44.96236pt>
File: images/igte_logo.png Graphic file (type png)
<use images/igte_logo.png>
Package pdftex.def Info: images/igte_logo.png  used on input line 84.
(pdftex.def)             Requested size: 85.35826pt x 30.21722pt.
 [1

{C:/Users/Simon Prato/AppData/Local/MiKTeX/fonts/map/pdftex/pdftex.map} <./imag
es/TU_Graz_Logo.png> <./images/igte_logo.png>] [2

] (Documentation.toc
LaTeX Font Info:    Trying to load font information for U+msa on input line 5.

(C:\Users\Simon Prato\AppData\Local\Programs\MiKTeX\tex/latex/amsfonts\umsa.fd
File: umsa.fd 2013/01/14 v3.01 AMS symbols A
)
LaTeX Font Info:    Trying to load font information for U+msb on input line 5.
(C:\Users\Simon Prato\AppData\Local\Programs\MiKTeX\tex/latex/amsfonts\umsb.fd
File: umsb.fd 2013/01/14 v3.01 AMS symbols B
)
LaTeX Font Info:    Trying to load font information for U+esint on input line 5
.
(C:\Users\Simon Prato\AppData\Local\Programs\MiKTeX\tex/latex/esint\uesint.fd
File: uesint.fd 
))
\tf@toc=\write6
\openout6 = `Documentation.toc'.

[3

] (Documentation.lof)
\tf@lof=\write7
\openout7 = `Documentation.lof'.

 [4] (Documentation.lot)
\tf@lot=\write8
\openout8 = `Documentation.lot'.

 [5]
(content/10_theory/11_dipole.tex
<images/electric_dipole_drawing.png, id=313, 399.4925pt x 362.35374pt>
File: images/electric_dipole_drawing.png Graphic file (type png)
<use images/electric_dipole_drawing.png>
Package pdftex.def Info: images/electric_dipole_drawing.png  used on input line
 24.
(pdftex.def)             Requested size: 213.39566pt x 193.556pt.


LaTeX Warning: `h' float specifier changed to `ht'.

[1

] [2 <./images/electric_dipole_drawing.png>]
Package hyperref Info: bookmark level for unknown todo defaults to 0 on input l
ine 90.

Overfull \hbox (11.28926pt too wide) in paragraph at lines 90--90
[]\OT1/cmr/m/n/10.95 Additionally, 
 []


Overfull \hbox (11.28926pt too wide) in paragraph at lines 90--90
[]\OT1/cmr/m/n/10.95 Additionally, 
 []

<content//10_theory//img/magnetic_dipole_drawing.png, id=364, 399.4925pt x 362.
35374pt>
File: content//10_theory//img/magnetic_dipole_drawing.png Graphic file (type pn
g)
<use content//10_theory//img/magnetic_dipole_drawing.png>
Package pdftex.def Info: content//10_theory//img/magnetic_dipole_drawing.png  u
sed on input line 105.
(pdftex.def)             Requested size: 213.39566pt x 193.556pt.
[3 <./content//10_theory//img/magnetic_dipole_drawing.png>]

LaTeX Warning: Marginpar on page 4 moved.

) (content/10_theory/12_hfss.tex [4{C:/Users/Simon Prato/AppData/Local/Programs
/MiKTeX/fonts/enc/dvips/cm-super/cm-super-ts1.enc}]
<content/10_theory/img/tetrahedral_mesh.png, id=400, 223.83624pt x 222.8325pt>
File: content/10_theory/img/tetrahedral_mesh.png Graphic file (type png)
<use content/10_theory/img/tetrahedral_mesh.png>
Package pdftex.def Info: content/10_theory/img/tetrahedral_mesh.png  used on in
put line 25.
(pdftex.def)             Requested size: 106.69783pt x 106.22055pt.
 [5 <./content/10_theory/img/tetrahedral_mesh.png>]
<content//10_theory/img/tetrahedra_w_unknowns.png, id=414, 241.90375pt x 239.89
626pt>
File: content//10_theory/img/tetrahedra_w_unknowns.png Graphic file (type png)
<use content//10_theory/img/tetrahedra_w_unknowns.png>
Package pdftex.def Info: content//10_theory/img/tetrahedra_w_unknowns.png  used
 on input line 55.
(pdftex.def)             Requested size: 106.69783pt x 105.8109pt.
 [6 <./content//10_theory/img/tetrahedra_w_unknowns.png>] [7]
<content//20_antennas//img/workflow_fem.png, id=447, 603.25375pt x 161.60374pt>

File: content//20_antennas//img/workflow_fem.png Graphic file (type png)
<use content//20_antennas//img/workflow_fem.png>
Package pdftex.def Info: content//20_antennas//img/workflow_fem.png  used on in
put line 107.
(pdftex.def)             Requested size: 320.09349pt x 85.7482pt.
) (content/10_theory/13_lorentz_reciprocity.tex [8 <./content//20_antennas//img
/workflow_fem.png>]) (content/10_theory/14_greens_function.tex [9])
(content/10_theory/15_tem_cells.tex [10] [11]
<content//10_theory//img/tem_cell_crosssection.png, id=549, 740.7675pt x 499.86
75pt>
File: content//10_theory//img/tem_cell_crosssection.png Graphic file (type png)

<use content//10_theory//img/tem_cell_crosssection.png>
Package pdftex.def Info: content//10_theory//img/tem_cell_crosssection.png  use
d on input line 135.
(pdftex.def)             Requested size: 213.39566pt x 143.99681pt.


LaTeX Warning: `h' float specifier changed to `ht'.

[12]
<content//10_theory//img/te01_te10_tem_propagation.png, id=571, 2798.455pt x 10
92.08pt>
File: content//10_theory//img/te01_te10_tem_propagation.png Graphic file (type 
png)
<use content//10_theory//img/te01_te10_tem_propagation.png>
Package pdftex.def Info: content//10_theory//img/te01_te10_tem_propagation.png 
 used on input line 179.
(pdftex.def)             Requested size: 426.79134pt x 166.5378pt.


LaTeX Warning: `h' float specifier changed to `ht'.

[13 <./content//10_theory//img/tem_cell_crosssection.png>]
<content/10_theory/img/tem_cell_mode.png, id=586, 736.7525pt x 495.8525pt>
File: content/10_theory/img/tem_cell_mode.png Graphic file (type png)
<use content/10_theory/img/tem_cell_mode.png>
Package pdftex.def Info: content/10_theory/img/tem_cell_mode.png  used on input
 line 196.
(pdftex.def)             Requested size: 128.0387pt x 86.1702pt.
<content/10_theory/img/te01_mode.png, id=587, 736.7525pt x 495.8525pt>
File: content/10_theory/img/te01_mode.png Graphic file (type png)
<use content/10_theory/img/te01_mode.png>
Package pdftex.def Info: content/10_theory/img/te01_mode.png  used on input lin
e 202.
(pdftex.def)             Requested size: 128.0387pt x 86.1702pt.
<content/10_theory/img/te10_mode.png, id=588, 736.7525pt x 495.8525pt>
File: content/10_theory/img/te10_mode.png Graphic file (type png)
<use content/10_theory/img/te10_mode.png>
Package pdftex.def Info: content/10_theory/img/te10_mode.png  used on input lin
e 208.
(pdftex.def)             Requested size: 128.0387pt x 86.1702pt.
)
(content/10_theory/16_emission_characteristic_dipole_in_tem.tex [14 <./content/
/10_theory//img/te01_te10_tem_propagation.png> <./content/10_theory/img/tem_cel
l_mode.png> <./content/10_theory/img/te01_mode.png> <./content/10_theory/img/te
10_mode.png>] [15]
<DELETE2.png, id=632, 626.34pt x 381.425pt>
File: DELETE2.png Graphic file (type png)
<use DELETE2.png>
Package pdftex.def Info: DELETE2.png  used on input line 73.
(pdftex.def)             Requested size: 213.39566pt x 129.9505pt.
) (content/10_theory/17_shielding.tex [16 <./DELETE2.png>]
<images/shielding_material_diagram.png, id=655, 334.24875pt x 195.73125pt>
File: images/shielding_material_diagram.png Graphic file (type png)
<use images/shielding_material_diagram.png>
Package pdftex.def Info: images/shielding_material_diagram.png  used on input l
ine 14.
(pdftex.def)             Requested size: 149.37956pt x 87.47792pt.

Overfull \hbox (17.06505pt too wide) in paragraph at lines 30--32
\OT1/cmr/m/n/10.95 by Schelkunoff. []$\OT1/cmtt/m/n/10.95 https : / / www . iee
e . li / pdf / viewgraphs / fundamentals _ electromagnetic _
 []

[17 <./images/shielding_material_diagram.png>]

LaTeX Warning: Marginpar on page 18 moved.


Overfull \hbox (2.59007pt too wide) in paragraph at lines 61--61
\OT1/cmr/m/n/10.95 parameters 
 []


Overfull \hbox (2.59007pt too wide) in paragraph at lines 61--61
\OT1/cmr/m/n/10.95 parameters 
 []


LaTeX Warning: Marginpar on page 18 moved.


LaTeX Warning: Marginpar on page 18 moved.


LaTeX Warning: Marginpar on page 18 moved.

[18]

LaTeX Warning: Marginpar on page 19 moved.

<content//10_theory//img/ASTM ES7-83.png, id=702, 525.965pt x 359.3425pt>
File: content//10_theory//img/ASTM ES7-83.png Graphic file (type png)
<use content//10_theory//img/ASTM ES7-83.png>
Package pdftex.def Info: content//10_theory//img/ASTM ES7-83.png  used on input
 line 117.
(pdftex.def)             Requested size: 209.1301pt x 142.87907pt.
<content//10_theory/img/form_of_shielding_material.png, id=703, 505.89pt x 352.
31625pt>
File: content//10_theory/img/form_of_shielding_material.png Graphic file (type 
png)
<use content//10_theory/img/form_of_shielding_material.png>
Package pdftex.def Info: content//10_theory/img/form_of_shielding_material.png 
 used on input line 124.
(pdftex.def)             Requested size: 209.1301pt x 145.64404pt.

LaTeX Warning: `h' float specifier changed to `ht'.

[19]
Overfull \hbox (7.2134pt too wide) in paragraph at lines 161--161
[][][]\OT1/cmr/m/n/10.95 Polarization 
 []


Overfull \hbox (7.2134pt too wide) in paragraph at lines 161--161
[][][]\OT1/cmr/m/n/10.95 Polarization 
 []

<content//10_theory//img/dual_tem_cell.png, id=724, 571.13374pt x 243.91125pt>
File: content//10_theory//img/dual_tem_cell.png Graphic file (type png)
<use content//10_theory//img/dual_tem_cell.png>
Package pdftex.def Info: content//10_theory//img/dual_tem_cell.png  used on inp
ut line 165.
(pdftex.def)             Requested size: 320.09349pt x 136.701pt.

LaTeX Warning: `h' float specifier changed to `ht'.

) (content/20_antennas/21_antennas_to_investigate.tex [20 <./content//10_theory
//img/ASTM ES7-83.png> <./content//10_theory/img/form_of_shielding_material.png
>]) (content/30_simulations/simulations.tex
<content//30_simulations//img/inverted_f_antenna.png, id=738, 638.385pt x 196.7
35pt>
File: content//30_simulations//img/inverted_f_antenna.png Graphic file (type pn
g)
<use content//30_simulations//img/inverted_f_antenna.png>
Package pdftex.def Info: content//30_simulations//img/inverted_f_antenna.png  u
sed on input line 14.
(pdftex.def)             Requested size: 320.09349pt x 98.64642pt.
 [21 <./content//10_theory//img/dual_tem_cell.png>]
<content//30_simulations//img/antenna_waveport1_sparams.png, id=745, 1566.85374
pt x 546.04pt>
File: content//30_simulations//img/antenna_waveport1_sparams.png Graphic file (
type png)
<use content//30_simulations//img/antenna_waveport1_sparams.png>
Package pdftex.def Info: content//30_simulations//img/antenna_waveport1_sparams
.png  used on input line 24.
(pdftex.def)             Requested size: 426.79134pt x 148.73254pt.
 [22 <./content//30_simulations//img/inverted_f_antenna.png> <./content//30_sim
ulations//img/antenna_waveport1_sparams.png>]
<content//30_simulations//img/Phase Shift Waveports.png, id=761, 867.24pt x 433
.62pt>
File: content//30_simulations//img/Phase Shift Waveports.png Graphic file (type
 png)
<use content//30_simulations//img/Phase Shift Waveports.png>
Package pdftex.def Info: content//30_simulations//img/Phase Shift Waveports.png
  used on input line 65.
(pdftex.def)             Requested size: 426.79134pt x 213.39536pt.
 [23 <./content//30_simulations//img/Phase Shift Waveports.png>]
Overfull \hbox (10.28548pt too wide) in paragraph at lines 80--80
[][][]\OT1/cmr/m/n/10.95 Einheitliches 
 []


Overfull \hbox (10.28548pt too wide) in paragraph at lines 80--80
[][][]\OT1/cmr/m/n/10.95 Einheitliches 
 []


LaTeX Warning: Marginpar on page 24 moved.

<content//30_simulations//img/sketch_dipoles_tem_cell.png, id=776, 1129.21875pt
 x 359.3425pt>
File: content//30_simulations//img/sketch_dipoles_tem_cell.png Graphic file (ty
pe png)
<use content//30_simulations//img/sketch_dipoles_tem_cell.png>
Package pdftex.def Info: content//30_simulations//img/sketch_dipoles_tem_cell.p
ng  used on input line 98.
(pdftex.def)             Requested size: 426.79134pt x 135.81682pt.
[24 <./content//30_simulations//img/sketch_dipoles_tem_cell.png>]
<content/30_simulations/img/dipole_moments_over_freq_ifa.png, id=791, 867.24pt 
x 433.62pt>
File: content/30_simulations/img/dipole_moments_over_freq_ifa.png Graphic file 
(type png)
<use content/30_simulations/img/dipole_moments_over_freq_ifa.png>
Package pdftex.def Info: content/30_simulations/img/dipole_moments_over_freq_if
a.png  used on input line 118.
(pdftex.def)             Requested size: 426.79134pt x 213.39536pt.
 [25 <./content/30_simulations/img/dipole_moments_over_freq_ifa.png>]
<content//30_simulations//img/output_power_e_fields_over_freq_ifa.png, id=804, 
867.24pt x 433.62pt>
File: content//30_simulations//img/output_power_e_fields_over_freq_ifa.png Grap
hic file (type png)
<use content//30_simulations//img/output_power_e_fields_over_freq_ifa.png>
Package pdftex.def Info: content//30_simulations//img/output_power_e_fields_ove
r_freq_ifa.png  used on input line 140.
(pdftex.def)             Requested size: 426.79134pt x 213.39536pt.
<content//30_simulations//img/phase_shift_90_ifa.png, id=808, 867.24pt x 433.62
pt>
File: content//30_simulations//img/phase_shift_90_ifa.png Graphic file (type pn
g)
<use content//30_simulations//img/phase_shift_90_ifa.png>
Package pdftex.def Info: content//30_simulations//img/phase_shift_90_ifa.png  u
sed on input line 158.
(pdftex.def)             Requested size: 426.79134pt x 213.39536pt.


LaTeX Warning: `h' float specifier changed to `ht'.


LaTeX Warning: Reference `dipole_moments_ifa_90' on page 26 undefined on input 
line 163.

[26 <./content//30_simulations//img/output_power_e_fields_over_freq_ifa.png>]
<content//30_simulations//img/dipole_moments_ifa_90.png, id=820, 867.24pt x 433
.62pt>
File: content//30_simulations//img/dipole_moments_ifa_90.png Graphic file (type
 png)
<use content//30_simulations//img/dipole_moments_ifa_90.png>
Package pdftex.def Info: content//30_simulations//img/dipole_moments_ifa_90.png
  used on input line 169.
(pdftex.def)             Requested size: 426.79134pt x 213.39536pt.


LaTeX Warning: `h' float specifier changed to `ht'.

<content//30_simulations//img/center_fed_monopole.png, id=823, 831.105pt x 184.
69pt>
File: content//30_simulations//img/center_fed_monopole.png Graphic file (type p
ng)
<use content//30_simulations//img/center_fed_monopole.png>
Package pdftex.def Info: content//30_simulations//img/center_fed_monopole.png  
used on input line 181.
(pdftex.def)             Requested size: 320.09349pt x 71.13263pt.

LaTeX Warning: `h' float specifier changed to `ht'.

<content//30_simulations//img/forward_coeff_cfm.png, id=825, 1513.655pt x 760.8
425pt>
File: content//30_simulations//img/forward_coeff_cfm.png Graphic file (type png
)
<use content//30_simulations//img/forward_coeff_cfm.png>
Package pdftex.def Info: content//30_simulations//img/forward_coeff_cfm.png  us
ed on input line 190.
(pdftex.def)             Requested size: 426.79134pt x 214.52046pt.

LaTeX Warning: `h' float specifier changed to `ht'.

<content//30_simulations//img/phase_shift_cfm.png, id=827, 867.24pt x 433.62pt>

File: content//30_simulations//img/phase_shift_cfm.png Graphic file (type png)
<use content//30_simulations//img/phase_shift_cfm.png>
Package pdftex.def Info: content//30_simulations//img/phase_shift_cfm.png  used
 on input line 213.
(pdftex.def)             Requested size: 426.79134pt x 213.39536pt.

LaTeX Warning: `h' float specifier changed to `ht'.

[27 <./content//30_simulations//img/phase_shift_90_ifa.png>]
<content//30_simulations//img/dipole_moment_cfm.png, id=841, 867.24pt x 433.62p
t>
File: content//30_simulations//img/dipole_moment_cfm.png Graphic file (type png
)
<use content//30_simulations//img/dipole_moment_cfm.png>
Package pdftex.def Info: content//30_simulations//img/dipole_moment_cfm.png  us
ed on input line 222.
(pdftex.def)             Requested size: 426.79134pt x 213.39536pt.


LaTeX Warning: `h' float specifier changed to `ht'.

<content//30_simulations//img/dipole_moments_monopole.png, id=843, 867.24pt x 4
33.62pt>
File: content//30_simulations//img/dipole_moments_monopole.png Graphic file (ty
pe png)
<use content//30_simulations//img/dipole_moments_monopole.png>
Package pdftex.def Info: content//30_simulations//img/dipole_moments_monopole.p
ng  used on input line 235.
(pdftex.def)             Requested size: 426.79134pt x 213.39536pt.

LaTeX Warning: `h' float specifier changed to `ht'.

<content//30_simulations//img/monopole_surface_currents.png, id=845, 4501.81876
pt x 1452.17531pt>
File: content//30_simulations//img/monopole_surface_currents.png Graphic file (
type png)
<use content//30_simulations//img/monopole_surface_currents.png>
Package pdftex.def Info: content//30_simulations//img/monopole_surface_currents
.png  used on input line 247.
(pdftex.def)             Requested size: 426.79134pt x 137.67003pt.

LaTeX Warning: `h' float specifier changed to `ht'.


LaTeX Warning: Reference `monopole_surface_current_offset' on page 28 undefined
 on input line 252.

<content//30_simulations//img/monopole_surface_current_offset.png, id=846, 4594
.41469pt x 1513.15312pt>
File: content//30_simulations//img/monopole_surface_current_offset.png Graphic 
file (type png)
<use content//30_simulations//img/monopole_surface_current_offset.png>
Package pdftex.def Info: content//30_simulations//img/monopole_surface_current_
offset.png  used on input line 256.
(pdftex.def)             Requested size: 426.79134pt x 140.54169pt.

LaTeX Warning: `h' float specifier changed to `ht'.

[28 <./content//30_simulations//img/dipole_moments_ifa_90.png> <./content//30_s
imulations//img/center_fed_monopole.png>]
<content//30_simulations//img/dipole_moments_loop_antenna.png, id=854, 867.24pt
 x 433.62pt>
File: content//30_simulations//img/dipole_moments_loop_antenna.png Graphic file
 (type png)
<use content//30_simulations//img/dipole_moments_loop_antenna.png>
Package pdftex.def Info: content//30_simulations//img/dipole_moments_loop_anten
na.png  used on input line 267.
(pdftex.def)             Requested size: 426.79134pt x 213.39536pt.


LaTeX Warning: `h' float specifier changed to `ht'.


LaTeX Warning: Marginpar on page 29 moved.

<content//30_simulations//img/current_loop_surface_current.png, id=856, 4461.16
687pt x 1467.23157pt>
File: content//30_simulations//img/current_loop_surface_current.png Graphic fil
e (type png)
<use content//30_simulations//img/current_loop_surface_current.png>
Package pdftex.def Info: content//30_simulations//img/current_loop_surface_curr
ent.png  used on input line 276.
(pdftex.def)             Requested size: 426.79134pt x 140.35114pt.

LaTeX Warning: `h' float specifier changed to `ht'.

<content//30_simulations//img/current_loop_surface_current_offset.png, id=859, 
4486.7625pt x 1479.27657pt>
File: content//30_simulations//img/current_loop_surface_current_offset.png Grap
hic file (type png)
<use content//30_simulations//img/current_loop_surface_current_offset.png>
Package pdftex.def Info: content//30_simulations//img/current_loop_surface_curr
ent_offset.png  used on input line 290.
(pdftex.def)             Requested size: 426.79134pt x 140.69073pt.

LaTeX Warning: `h' float specifier changed to `ht'.

<content//30_simulations//img/current_loop_surface_current_rotated.png, id=861,
 631.60968pt x 198.7425pt>
File: content//30_simulations//img/current_loop_surface_current_rotated.png Gra
phic file (type png)
<use content//30_simulations//img/current_loop_surface_current_rotated.png>
Package pdftex.def Info: content//30_simulations//img/current_loop_surface_curr
ent_rotated.png  used on input line 299.
(pdftex.def)             Requested size: 426.79134pt x 134.29701pt.

LaTeX Warning: `h' float specifier changed to `ht'.

[29 <./content//30_simulations//img/forward_coeff_cfm.png>]
<content//30_simulations//img/current_loop_surface_current_offset_rotated.png, 
id=871, 4495.04344pt x 1413.02907pt>
File: content//30_simulations//img/current_loop_surface_current_offset_rotated.
png Graphic file (type png)
<use content//30_simulations//img/current_loop_surface_current_offset_rotated.p
ng>
Package pdftex.def Info: content//30_simulations//img/current_loop_surface_curr
ent_offset_rotated.png  used on input line 308.
(pdftex.def)             Requested size: 426.79134pt x 134.15291pt.


LaTeX Warning: `h' float specifier changed to `ht'.

<content/30_simulations/img/current_loop_charge_distribution.png, id=872, 178.8
6826pt x 166.221pt>
File: content/30_simulations/img/current_loop_charge_distribution.png Graphic f
ile (type png)
<use content/30_simulations/img/current_loop_charge_distribution.png>
Package pdftex.def Info: content/30_simulations/img/current_loop_charge_distrib
ution.png  used on input line 318.
(pdftex.def)             Requested size: 213.39566pt x 198.31522pt.

LaTeX Warning: `h' float specifier changed to `ht'.

<content/30_simulations/img/current_loop_current_distribution.png, id=874, 206.
57175pt x 204.765pt>
File: content/30_simulations/img/current_loop_current_distribution.png Graphic 
file (type png)
<use content/30_simulations/img/current_loop_current_distribution.png>
Package pdftex.def Info: content/30_simulations/img/current_loop_current_distri
bution.png  used on input line 327.
(pdftex.def)             Requested size: 213.39566pt x 211.53517pt.

LaTeX Warning: `h' float specifier changed to `ht'.

<content/30_simulations/img/current_loop_near_e_field.png, id=875, 243.309pt x 
192.72pt>
File: content/30_simulations/img/current_loop_near_e_field.png Graphic file (ty
pe png)
<use content/30_simulations/img/current_loop_near_e_field.png>
Package pdftex.def Info: content/30_simulations/img/current_loop_near_e_field.p
ng  used on input line 334.
(pdftex.def)             Requested size: 298.75262pt x 236.66188pt.

LaTeX Warning: `h' float specifier changed to `ht'.

<content/30_simulations/img/current_loop_near_h_field.png, id=876, 230.66174pt 
x 178.86826pt>
File: content/30_simulations/img/current_loop_near_h_field.png Graphic file (ty
pe png)
<use content/30_simulations/img/current_loop_near_h_field.png>
Package pdftex.def Info: content/30_simulations/img/current_loop_near_h_field.p
ng  used on input line 341.
(pdftex.def)             Requested size: 298.75262pt x 231.67442pt.

LaTeX Warning: `h' float specifier changed to `ht'.

<content/30_simulations/img/current_loop_voltage_drop.png, id=877, 683.55376pt 
x 516.42938pt>
File: content/30_simulations/img/current_loop_voltage_drop.png Graphic file (ty
pe png)
<use content/30_simulations/img/current_loop_voltage_drop.png>
Package pdftex.def Info: content/30_simulations/img/current_loop_voltage_drop.p
ng  used on input line 348.
(pdftex.def)             Requested size: 213.39566pt x 161.21829pt.

LaTeX Warning: `h' float specifier changed to `ht'.

<content/30_simulations/img/current_loop_feed_current.png, id=878, 689.57625pt 
x 515.67656pt>
File: content/30_simulations/img/current_loop_feed_current.png Graphic file (ty
pe png)
<use content/30_simulations/img/current_loop_feed_current.png>
Package pdftex.def Info: content/30_simulations/img/current_loop_feed_current.p
ng  used on input line 355.
(pdftex.def)             Requested size: 213.39566pt x 159.58267pt.

LaTeX Warning: `h' float specifier changed to `ht'.


LaTeX Warning: Command \textdegree invalid in math mode on input line 360.


LaTeX Warning: Command \textdegree invalid in math mode on input line 360.

Missing character: There is no  in font cmr10!

LaTeX Warning: `h' float specifier changed to `ht'.

<content/30_simulations/img/current_loop_power_consumption.png, id=883, 660.216
57pt x 505.13719pt>
File: content/30_simulations/img/current_loop_power_consumption.png Graphic fil
e (type png)
<use content/30_simulations/img/current_loop_power_consumption.png>
Package pdftex.def Info: content/30_simulations/img/current_loop_power_consumpt
ion.png  used on input line 387.
(pdftex.def)             Requested size: 213.39566pt x 163.27353pt.

LaTeX Warning: `h' float specifier changed to `ht'.

<content/30_simulations/img/delete_after.png, id=885, 896.148pt x 373.99725pt>
File: content/30_simulations/img/delete_after.png Graphic file (type png)
<use content/30_simulations/img/delete_after.png>
Package pdftex.def Info: content/30_simulations/img/delete_after.png  used on i
nput line 396.
(pdftex.def)             Requested size: 298.75262pt x 124.68065pt.

LaTeX Warning: `h' float specifier changed to `ht'.

[30 <./content//30_simulations//img/phase_shift_cfm.png>]

LaTeX Warning: Marginpar on page 31 moved.


LaTeX Warning: Marginpar on page 31 moved.

<content//30_simulations//img/cfm_rotation_sweep.png, id=893, 1439.3775pt x 641
.39626pt>
File: content//30_simulations//img/cfm_rotation_sweep.png Graphic file (type pn
g)
<use content//30_simulations//img/cfm_rotation_sweep.png>
Package pdftex.def Info: content//30_simulations//img/cfm_rotation_sweep.png  u
sed on input line 410.
(pdftex.def)             Requested size: 426.79134pt x 190.17915pt.

LaTeX Warning: `h' float specifier changed to `ht'.

[31 <./content//30_simulations//img/dipole_moment_cfm.png>]

LaTeX Warning: Marginpar on page 32 moved.

<DELETE_AFTER.png, id=904, 1430.34375pt x 645.41125pt>
File: DELETE_AFTER.png Graphic file (type png)
<use DELETE_AFTER.png>
Package pdftex.def Info: DELETE_AFTER.png  used on input line 425.
(pdftex.def)             Requested size: 426.79134pt x 192.58096pt.

LaTeX Warning: `h' float specifier changed to `ht'.

<content//30_simulations//img/se_graphite.png, id=907, 867.24pt x 433.62pt>
File: content//30_simulations//img/se_graphite.png Graphic file (type png)
<use content//30_simulations//img/se_graphite.png>
Package pdftex.def Info: content//30_simulations//img/se_graphite.png  used on 
input line 436.
(pdftex.def)             Requested size: 426.79134pt x 213.39536pt.

LaTeX Warning: `h' float specifier changed to `ht'.

[32 <./content//30_simulations//img/dipole_moments_monopole.png> <./content//30
_simulations//img/monopole_surface_currents.png>] [33 <./content//30_simulation
s//img/monopole_surface_current_offset.png> <./content//30_simulations//img/dip
ole_moments_loop_antenna.png>]

LaTeX Warning: Marginpar on page 34 moved.

[34 <./content//30_simulations//img/current_loop_surface_current.png> <./conten
t//30_simulations//img/current_loop_surface_current_offset.png>]
Overfull \hbox (12.23216pt too wide) in paragraph at lines 485--485
\OT1/cmr/m/n/10.95 netic/electric 
 []


Overfull \hbox (12.23216pt too wide) in paragraph at lines 485--485
\OT1/cmr/m/n/10.95 netic/electric 
 []

)

LaTeX Warning: Marginpar on page 35 moved.

[35 <./content//30_simulations//img/current_loop_surface_current_rotated.png> <
./content//30_simulations//img/current_loop_surface_current_offset_rotated.png>
] [36 <./content/30_simulations/img/current_loop_charge_distribution.png> <./co
ntent/30_simulations/img/current_loop_current_distribution.png>] [37 <./content
/30_simulations/img/current_loop_near_e_field.png> <./content/30_simulations/im
g/current_loop_near_h_field.png>] [38 <./content/30_simulations/img/current_loo
p_voltage_drop.png> <./content/30_simulations/img/current_loop_feed_current.png
>] [39 <./content/30_simulations/img/current_loop_power_consumption.png> <./con
tent/30_simulations/img/delete_after.png> <./content//30_simulations//img/cfm_r
otation_sweep.png>] [40 <./DELETE_AFTER.png> <./content//30_simulations//img/se
_graphite.png>]
! Misplaced alignment tab character &.
<argument> John Wiley &
                        Sons
l.161 \end
          {document}
I can't figure out why you would want to use a tab mark
here. If you just want an ampersand, the remedy is
simple: Just type `I\&' now. But if some right brace
up above has ended a previous alignment prematurely,
you're probably due for more error messages, and you
might try typing `S' now just to see what is salvageable.

[41

]
Overfull \hbox (25.86183pt too wide) in paragraph at lines 161--161
[]\OT1/cmr/m/n/10.95 GILBERT STRANG. \OT1/cmr/m/it/10.95 Anal-y-sis of the fi-n
ite el-e-ment method\OT1/cmr/m/n/10.95 . WELLESLEY-CAMBRIDGE
 []

[42] (Documentation.aux)
 ***********
LaTeX2e <2023-11-01> patch level 1
L3 programming layer <2024-01-04>
 ***********


LaTeX Warning: There were undefined references.

Package rerunfilecheck Info: File `Documentation.out' has not changed.
(rerunfilecheck)             Checksum: EBAB1270BCA01652A6335E4657D2934F;5949.
Package logreq Info: Writing requests to 'Documentation.run.xml'.
\openout1 = `Documentation.run.xml'.

 ) 
Here is how much of TeX's memory you used:
 51541 strings out of 474486
 1213138 string characters out of 5740887
 2181117 words of memory out of 5000000
 72931 multiletter control sequences out of 15000+600000
 572727 words of font info for 94 fonts, out of 8000000 for 9000
 1141 hyphenation exceptions out of 8191
 99i,15n,131p,1883b,1999s stack positions out of 10000i,1000n,20000p,200000b,200000s
 <C:\Users\Simon Prato\AppData\Local\MiKTeX\fonts/pk/ljfour/public/esint/dpi6
57\esint10.pk><C:/Users/Simon Prato/AppData/Local/Programs/MiKTeX/fonts/type1/p
ublic/amsfonts/cm/cmbx10.pfb><C:/Users/Simon Prato/AppData/Local/Programs/MiKTe
X/fonts/type1/public/amsfonts/cm/cmbx12.pfb><C:/Users/Simon Prato/AppData/Local
/Programs/MiKTeX/fonts/type1/public/amsfonts/cm/cmbx8.pfb><C:/Users/Simon Prato
/AppData/Local/Programs/MiKTeX/fonts/type1/public/amsfonts/cm/cmcsc10.pfb><C:/U
sers/Simon Prato/AppData/Local/Programs/MiKTeX/fonts/type1/public/amsfonts/cm/c
mex10.pfb><C:/Users/Simon Prato/AppData/Local/Programs/MiKTeX/fonts/type1/publi
c/amsfonts/cm/cmmi10.pfb><C:/Users/Simon Prato/AppData/Local/Programs/MiKTeX/fo
nts/type1/public/amsfonts/cm/cmmi6.pfb><C:/Users/Simon Prato/AppData/Local/Prog
rams/MiKTeX/fonts/type1/public/amsfonts/cm/cmmi8.pfb><C:/Users/Simon Prato/AppD
ata/Local/Programs/MiKTeX/fonts/type1/public/amsfonts/cm/cmmib10.pfb><C:/Users/
Simon Prato/AppData/Local/Programs/MiKTeX/fonts/type1/public/amsfonts/cm/cmr10.
pfb><C:/Users/Simon Prato/AppData/Local/Programs/MiKTeX/fonts/type1/public/amsf
onts/cm/cmr6.pfb><C:/Users/Simon Prato/AppData/Local/Programs/MiKTeX/fonts/type
1/public/amsfonts/cm/cmr7.pfb><C:/Users/Simon Prato/AppData/Local/Programs/MiKT
eX/fonts/type1/public/amsfonts/cm/cmr8.pfb><C:/Users/Simon Prato/AppData/Local/
Programs/MiKTeX/fonts/type1/public/amsfonts/cm/cmsl10.pfb><C:/Users/Simon Prato
/AppData/Local/Programs/MiKTeX/fonts/type1/public/amsfonts/cm/cmss10.pfb><C:/Us
ers/Simon Prato/AppData/Local/Programs/MiKTeX/fonts/type1/public/amsfonts/cm/cm
ssbx10.pfb><C:/Users/Simon Prato/AppData/Local/Programs/MiKTeX/fonts/type1/publ
ic/amsfonts/cm/cmsy10.pfb><C:/Users/Simon Prato/AppData/Local/Programs/MiKTeX/f
onts/type1/public/amsfonts/cm/cmsy6.pfb><C:/Users/Simon Prato/AppData/Local/Pro
grams/MiKTeX/fonts/type1/public/amsfonts/cm/cmsy8.pfb><C:/Users/Simon Prato/App
Data/Local/Programs/MiKTeX/fonts/type1/public/amsfonts/cm/cmti10.pfb><C:/Users/
Simon Prato/AppData/Local/Programs/MiKTeX/fonts/type1/public/amsfonts/cm/cmtt10
.pfb><C:/Users/Simon Prato/AppData/Local/Programs/MiKTeX/fonts/type1/public/cm-
super/sfrm1095.pfb>
Output written on Documentation.pdf (47 pages, 5982185 bytes).
PDF statistics:
 1193 PDF objects out of 1200 (max. 8388607)
 295 named destinations out of 1000 (max. 500000)
 525 words of extra memory for PDF output out of 10000 (max. 10000000)

